#
# There is insufficient memory for the Java Runtime Environment to continue.
# Native memory allocation (malloc) failed to allocate 1257776 bytes for Chunk::new
# Possible reasons:
#   The system is out of physical RAM or swap space
#   The process is running with CompressedOops enabled, and the Java Heap may be blocking the growth of the native heap
# Possible solutions:
#   Reduce memory load on the system
#   Increase physical memory or swap space
#   Check if swap backing store is full
#   Decrease Java heap size (-Xmx/-Xms)
#   Decrease number of Java threads
#   Decrease Java thread stack sizes (-Xss)
#   Set larger code cache with -XX:ReservedCodeCacheSize=
#   JVM is running with Zero Based Compressed Oops mode in which the Java heap is
#     placed in the first 32GB address space. The Java Heap base address is the
#     maximum limit for the native heap growth. Please use -XX:HeapBaseMinAddress
#     to set the Java Heap base and to place the Java Heap above 32GB virtual address.
# This output file may be truncated or incomplete.
#
#  Out of Memory Error (allocation.cpp:389), pid=23608, tid=0x0000000000006534
#
# JRE version: OpenJDK Runtime Environment (8.0_482-b08) (build 1.8.0_482-b08)
# Java VM: OpenJDK 64-Bit Server VM (25.482-b08 mixed mode windows-amd64 compressed oops)
# Failed to write core dump. Minidumps are not enabled by default on client versions of Windows
#

---------------  T H R E A D  ---------------

Current thread (0x0000025cfc597000):  JavaThread "C2 CompilerThread1" daemon [_thread_in_native, id=25908, stack(0x000000fec6200000,0x000000fec6300000)]

Stack: [0x000000fec6200000,0x000000fec6300000]
[error occurred during error reporting (printing stack bounds), id 0xc0000005]

Native frames: (J=compiled Java code, j=interpreted, Vv=VM code, C=native code)


Current CompileTask:
C2: 139598 9698       4       org.codehaus.groovy.control.ResolveVisitor::resolveFromModule (538 bytes)


---------------  P R O C E S S  ---------------

Java Threads: ( => current thread )
  0x0000025cfc68b800 JavaThread "Service Thread" daemon [_thread_blocked, id=10440, stack(0x000000fec6d00000,0x000000fec6e00000)]
  0x0000025cfc649800 JavaThread "C1 CompilerThread11" daemon [_thread_blocked, id=27744, stack(0x000000fec6c00000,0x000000fec6d00000)]
  0x0000025cfc64a800 JavaThread "C1 CompilerThread10" daemon [_thread_blocked, id=5436, stack(0x000000fec6b00000,0x000000fec6c00000)]
  0x0000025cfc640000 JavaThread "C1 CompilerThread9" daemon [_thread_blocked, id=31536, stack(0x000000fec6a00000,0x000000fec6b00000)]
  0x0000025cfc62c000 JavaThread "C1 CompilerThread8" daemon [_thread_blocked, id=27088, stack(0x000000fec6900000,0x000000fec6a00000)]
  0x0000025cfc62b000 JavaThread "C2 CompilerThread7" daemon [_thread_blocked, id=31804, stack(0x000000fec6800000,0x000000fec6900000)]
  0x0000025cfc619800 JavaThread "C2 CompilerThread6" daemon [_thread_blocked, id=30888, stack(0x000000fec6700000,0x000000fec6800000)]
  0x0000025cfc606000 JavaThread "C2 CompilerThread5" daemon [_thread_blocked, id=10056, stack(0x000000fec6600000,0x000000fec6700000)]
  0x0000025cfc5e3800 JavaThread "C2 CompilerThread4" daemon [_thread_blocked, id=20516, stack(0x000000fec6500000,0x000000fec6600000)]
  0x0000025cfc5a5800 JavaThread "C2 CompilerThread3" daemon [_thread_blocked, id=7268, stack(0x000000fec6400000,0x000000fec6500000)]
  0x0000025cfc598000 JavaThread "C2 CompilerThread2" daemon [_thread_blocked, id=31816, stack(0x000000fec6300000,0x000000fec6400000)]
=>0x0000025cfc597000 JavaThread "C2 CompilerThread1" daemon [_thread_in_native, id=25908, stack(0x000000fec6200000,0x000000fec6300000)]
  0x0000025cfc595800 JavaThread "C2 CompilerThread0" daemon [_thread_blocked, id=19580, stack(0x000000fec6100000,0x000000fec6200000)]
  0x0000025cfc590000 JavaThread "Attach Listener" daemon [_thread_blocked, id=30576, stack(0x000000fec6000000,0x000000fec6100000)]
  0x0000025cfc58b800 JavaThread "Signal Dispatcher" daemon [_thread_blocked, id=2320, stack(0x000000fec5f00000,0x000000fec6000000)]
  0x0000025cfc570800 JavaThread "Finalizer" daemon [_thread_blocked, id=32500, stack(0x000000fec5e00000,0x000000fec5f00000)]
  0x0000025cf9878800 JavaThread "Reference Handler" daemon [_thread_blocked, id=28652, stack(0x000000fec5d00000,0x000000fec5e00000)]
  0x0000025cdc56c000 JavaThread "main" [_thread_in_Java, id=31568, stack(0x000000fec4e00000,0x000000fec4f00000)]

Other Threads:
  0x0000025cf986f000 VMThread [stack: 0x000000fec5c00000,0x000000fec5d00000] [id=19416]
  0x0000025cfc66a000 WatcherThread [stack: 0x000000fec6e00000,0x000000fec6f00000] [id=11296]

VM state:not at safepoint (normal execution)

VM Mutex/Monitor currently owned by a thread: None

heap address: 0x0000000682400000, size: 5084 MB, Compressed Oops mode: Zero based, Oop shift amount: 3
Narrow klass base: 0x0000000000000000, Narrow klass shift: 3
Compressed class space size: 1073741824 Address: 0x00000007c0000000

Heap:
 PSYoungGen      total 1192448K, used 166919K [0x0000000756180000, 0x00000007a4e00000, 0x00000007c0000000)
  eden space 1165312K, 11% used [0x0000000756180000,0x000000075ea05db0,0x000000079d380000)
  from space 27136K, 99% used [0x000000079f880000,0x00000007a12fc160,0x00000007a1300000)
  to   space 37888K, 0% used [0x000000079d380000,0x000000079d380000,0x000000079f880000)
 ParOldGen       total 264704K, used 83229K [0x0000000682400000, 0x0000000692680000, 0x0000000756180000)
  object space 264704K, 31% used [0x0000000682400000,0x00000006875477e8,0x0000000692680000)
 Metaspace       used 36170K, capacity 37078K, committed 37296K, reserved 1083392K
  class space    used 3726K, capacity 4006K, committed 4016K, reserved 1048576K

Card table byte_map: [0x0000025ced3c0000,0x0000025ceddb0000] byte_map_base: 0x0000025ce9fae000

Marking Bits: (ParMarkBitMap*) 0x00000000596b2900
 Begin Bits: [0x0000025cee450000, 0x0000025cf33c0000)
 End Bits:   [0x0000025cf33c0000, 0x0000025cf8330000)

Polling page: 0x0000025cdc500000

CodeCache: size=245760Kb used=42065Kb max_used=44161Kb free=203694Kb
 bounds [0x0000025cde000000, 0x0000025ce0b60000, 0x0000025ced000000]
 total_blobs=7821 nmethods=7286 adapters=444
 compilation: enabled

Compilation events (10 events):
Event: 138.509 Thread 0x0000025cfc64a800 9706       3       org.codehaus.groovy.ast.stmt.CaseStatement::visit (8 bytes)
Event: 138.510 Thread 0x0000025cfc64a800 nmethod 9706 0x0000025cdebb7050 code [0x0000025cdebb71c0, 0x0000025cdebb73f0]
Event: 138.540 Thread 0x0000025cfc62c000 9707       3       org.codehaus.groovy.control.ResolveVisitor::transformClosureExpression (110 bytes)
Event: 138.540 Thread 0x0000025cfc640000 9708       3       org.codehaus.groovy.ast.tools.ClosureUtils::getParametersSafe (18 bytes)
Event: 138.541 Thread 0x0000025cfc640000 nmethod 9708 0x0000025cdebb7810 code [0x0000025cdebb7980, 0x0000025cdebb7b78]
Event: 138.541 Thread 0x0000025cfc62c000 nmethod 9707 0x0000025cde425bd0 code [0x0000025cde425dc0, 0x0000025cde426590]
Event: 138.548 Thread 0x0000025cfc649800 9709       3       org.codehaus.groovy.control.ResolveVisitor::resolveGenericsTypes (65 bytes)
Event: 138.549 Thread 0x0000025cfc649800 nmethod 9709 0x0000025ce02ac110 code [0x0000025ce02ac2a0, 0x0000025ce02ac6e0]
Event: 138.549 Thread 0x0000025cfc64a800 9710       3       org.codehaus.groovy.control.ResolveVisitor::resolve (227 bytes)
Event: 138.551 Thread 0x0000025cfc64a800 nmethod 9710 0x0000025cdf626a10 code [0x0000025cdf626da0, 0x0000025cdf628f10]

GC Heap History (10 events):
Event: 111.508 GC heap before
{Heap before GC invocations=32 (full 1):
 PSYoungGen      total 1078784K, used 392808K [0x0000000756180000, 0x000000079a080000, 0x00000007c0000000)
  eden space 1065984K, 35% used [0x0000000756180000,0x000000076d4cb208,0x0000000797280000)
  from space 12800K, 98% used [0x0000000799400000,0x000000079a04f1b8,0x000000079a080000)
  to   space 22016K, 0% used [0x0000000797580000,0x0000000797580000,0x0000000798b00000)
 ParOldGen       total 171520K, used 89671K [0x0000000682400000, 0x000000068cb80000, 0x0000000756180000)
  object space 171520K, 52% used [0x0000000682400000,0x0000000687b91c58,0x000000068cb80000)
 Metaspace       used 34448K, capacity 35326K, committed 35496K, reserved 1081344K
  class space    used 3612K, capacity 3874K, committed 3888K, reserved 1048576K
Event: 111.592 GC heap after
Heap after GC invocations=32 (full 1):
 PSYoungGen      total 1091072K, used 22006K [0x0000000756180000, 0x00000007a1300000, 0x00000007c0000000)
  eden space 1069056K, 0% used [0x0000000756180000,0x0000000756180000,0x0000000797580000)
  from space 22016K, 99% used [0x0000000797580000,0x0000000798afd988,0x0000000798b00000)
  to   space 27136K, 0% used [0x000000079f880000,0x000000079f880000,0x00000007a1300000)
 ParOldGen       total 171520K, used 93982K [0x0000000682400000, 0x000000068cb80000, 0x0000000756180000)
  object space 171520K, 54% used [0x0000000682400000,0x0000000687fc7bb0,0x000000068cb80000)
 Metaspace       used 34448K, capacity 35326K, committed 35496K, reserved 1081344K
  class space    used 3612K, capacity 3874K, committed 3888K, reserved 1048576K
}
Event: 111.592 GC heap before
{Heap before GC invocations=33 (full 2):
 PSYoungGen      total 1091072K, used 22006K [0x0000000756180000, 0x00000007a1300000, 0x00000007c0000000)
  eden space 1069056K, 0% used [0x0000000756180000,0x0000000756180000,0x0000000797580000)
  from space 22016K, 99% used [0x0000000797580000,0x0000000798afd988,0x0000000798b00000)
  to   space 27136K, 0% used [0x000000079f880000,0x000000079f880000,0x00000007a1300000)
 ParOldGen       total 171520K, used 93982K [0x0000000682400000, 0x000000068cb80000, 0x0000000756180000)
  object space 171520K, 54% used [0x0000000682400000,0x0000000687fc7bb0,0x000000068cb80000)
 Metaspace       used 34448K, capacity 35326K, committed 35496K, reserved 1081344K
  class space    used 3612K, capacity 3874K, committed 3888K, reserved 1048576K
Event: 111.715 GC heap after
Heap after GC invocations=33 (full 2):
 PSYoungGen      total 1091072K, used 0K [0x0000000756180000, 0x00000007a1300000, 0x00000007c0000000)
  eden space 1069056K, 0% used [0x0000000756180000,0x0000000756180000,0x0000000797580000)
  from space 22016K, 0% used [0x0000000797580000,0x0000000797580000,0x0000000798b00000)
  to   space 27136K, 0% used [0x000000079f880000,0x000000079f880000,0x00000007a1300000)
 ParOldGen       total 264704K, used 53997K [0x0000000682400000, 0x0000000692680000, 0x0000000756180000)
  object space 264704K, 20% used [0x0000000682400000,0x00000006858bb718,0x0000000692680000)
 Metaspace       used 34448K, capacity 35326K, committed 35496K, reserved 1081344K
  class space    used 3612K, capacity 3874K, committed 3888K, reserved 1048576K
}
Event: 123.961 GC heap before
{Heap before GC invocations=34 (full 2):
 PSYoungGen      total 1091072K, used 1069056K [0x0000000756180000, 0x00000007a1300000, 0x00000007c0000000)
  eden space 1069056K, 100% used [0x0000000756180000,0x0000000797580000,0x0000000797580000)
  from space 22016K, 0% used [0x0000000797580000,0x0000000797580000,0x0000000798b00000)
  to   space 27136K, 0% used [0x000000079f880000,0x000000079f880000,0x00000007a1300000)
 ParOldGen       total 264704K, used 53997K [0x0000000682400000, 0x0000000692680000, 0x0000000756180000)
  object space 264704K, 20% used [0x0000000682400000,0x00000006858bb718,0x0000000692680000)
 Metaspace       used 36089K, capacity 36970K, committed 37296K, reserved 1083392K
  class space    used 3718K, capacity 3972K, committed 4016K, reserved 1048576K
Event: 123.999 GC heap after
Heap after GC invocations=34 (full 2):
 PSYoungGen      total 1192448K, used 27104K [0x0000000756180000, 0x00000007a4e00000, 0x00000007c0000000)
  eden space 1165312K, 0% used [0x0000000756180000,0x0000000756180000,0x000000079d380000)
  from space 27136K, 99% used [0x000000079f880000,0x00000007a12f8020,0x00000007a1300000)
  to   space 37888K, 0% used [0x000000079d380000,0x000000079d380000,0x000000079f880000)
 ParOldGen       total 264704K, used 70933K [0x0000000682400000, 0x0000000692680000, 0x0000000756180000)
  object space 264704K, 26% used [0x0000000682400000,0x00000006869457e0,0x0000000692680000)
 Metaspace       used 36089K, capacity 36970K, committed 37296K, reserved 1083392K
  class space    used 3718K, capacity 3972K, committed 4016K, reserved 1048576K
}
Event: 131.237 GC heap before
{Heap before GC invocations=35 (full 2):
 PSYoungGen      total 1192448K, used 1192416K [0x0000000756180000, 0x00000007a4e00000, 0x00000007c0000000)
  eden space 1165312K, 100% used [0x0000000756180000,0x000000079d380000,0x000000079d380000)
  from space 27136K, 99% used [0x000000079f880000,0x00000007a12f8020,0x00000007a1300000)
  to   space 37888K, 0% used [0x000000079d380000,0x000000079d380000,0x000000079f880000)
 ParOldGen       total 264704K, used 70933K [0x0000000682400000, 0x0000000692680000, 0x0000000756180000)
  object space 264704K, 26% used [0x0000000682400000,0x00000006869457e0,0x0000000692680000)
 Metaspace       used 36152K, capacity 37078K, committed 37296K, reserved 1083392K
  class space    used 3724K, capacity 4006K, committed 4016K, reserved 1048576K
Event: 133.307 GC heap after
Heap after GC invocations=35 (full 2):
 PSYoungGen      total 1203200K, used 35239K [0x0000000756180000, 0x00000007a4e00000, 0x00000007c0000000)
  eden space 1165312K, 0% used [0x0000000756180000,0x0000000756180000,0x000000079d380000)
  from space 37888K, 93% used [0x000000079d380000,0x000000079f5e9cf8,0x000000079f880000)
  to   space 27136K, 0% used [0x000000079f880000,0x000000079f880000,0x00000007a1300000)
 ParOldGen       total 264704K, used 70941K [0x0000000682400000, 0x0000000692680000, 0x0000000756180000)
  object space 264704K, 26% used [0x0000000682400000,0x00000006869477e0,0x0000000692680000)
 Metaspace       used 36152K, capacity 37078K, committed 37296K, reserved 1083392K
  class space    used 3724K, capacity 4006K, committed 4016K, reserved 1048576K
}
Event: 136.359 GC heap before
{Heap before GC invocations=36 (full 2):
 PSYoungGen      total 1203200K, used 1200551K [0x0000000756180000, 0x00000007a4e00000, 0x00000007c0000000)
  eden space 1165312K, 100% used [0x0000000756180000,0x000000079d380000,0x000000079d380000)
  from space 37888K, 93% used [0x000000079d380000,0x000000079f5e9cf8,0x000000079f880000)
  to   space 27136K, 0% used [0x000000079f880000,0x000000079f880000,0x00000007a1300000)
 ParOldGen       total 264704K, used 70941K [0x0000000682400000, 0x0000000692680000, 0x0000000756180000)
  object space 264704K, 26% used [0x0000000682400000,0x00000006869477e0,0x0000000692680000)
 Metaspace       used 36168K, capacity 37078K, committed 37296K, reserved 1083392K
  class space    used 3726K, capacity 4006K, committed 4016K, reserved 1048576K
Event: 138.400 GC heap after
Heap after GC invocations=36 (full 2):
 PSYoungGen      total 1192448K, used 27120K [0x0000000756180000, 0x00000007a4e00000, 0x00000007c0000000)
  eden space 1165312K, 0% used [0x0000000756180000,0x0000000756180000,0x000000079d380000)
  from space 27136K, 99% used [0x000000079f880000,0x00000007a12fc160,0x00000007a1300000)
  to   space 37888K, 0% used [0x000000079d380000,0x000000079d380000,0x000000079f880000)
 ParOldGen       total 264704K, used 83229K [0x0000000682400000, 0x0000000692680000, 0x0000000756180000)
  object space 264704K, 31% used [0x0000000682400000,0x00000006875477e8,0x0000000692680000)
 Metaspace       used 36168K, capacity 37078K, committed 37296K, reserved 1083392K
  class space    used 3726K, capacity 4006K, committed 4016K, reserved 1048576K
}

Deoptimization events (10 events):
Event: 134.202 Thread 0x0000025cdc56c000 Uncommon trap: reason=unstable_if action=reinterpret pc=0x0000025ce06d71a0 method=org.codehaus.groovy.control.ResolveVisitor.resolveFromModule(Lorg/codehaus/groovy/ast/ClassNode;Z)Z @ 271
Event: 134.334 Thread 0x0000025cdc56c000 Uncommon trap: reason=unstable_if action=reinterpret pc=0x0000025ce0209c68 method=groovyjarjarasm.asm.ClassReader.readMethod(Lgroovyjarjarasm/asm/ClassVisitor;Lgroovyjarjarasm/asm/Context;I)I @ 298
Event: 134.353 Thread 0x0000025cdc56c000 Uncommon trap: reason=speculate_class_check action=maybe_recompile pc=0x0000025ce06ce820 method=org.codehaus.groovy.ast.ClassNode.getText()Ljava/lang/String; @ 1
Event: 134.353 Thread 0x0000025cdc56c000 Uncommon trap: reason=speculate_class_check action=maybe_recompile pc=0x0000025ce08e00f0 method=org.codehaus.groovy.ast.ClassNode.getText()Ljava/lang/String; @ 1
Event: 135.144 Thread 0x0000025cdc56c000 Uncommon trap: reason=unstable_if action=reinterpret pc=0x0000025cdf8872b0 method=org.codehaus.groovy.ast.ClassNode.isPrimaryClassNode()Z @ 7
Event: 135.144 Thread 0x0000025cdc56c000 Uncommon trap: reason=unstable_if action=reinterpret pc=0x0000025ce0986da8 method=org.codehaus.groovy.control.ResolveVisitor.resolve(Lorg/codehaus/groovy/ast/ClassNode;ZZZ)Z @ 20
Event: 136.326 Thread 0x0000025cdc56c000 Uncommon trap: reason=unstable_if action=reinterpret pc=0x0000025ce0724ed0 method=org.codehaus.groovy.control.ResolveVisitor.resolveAliasFromModule(Lorg/codehaus/groovy/ast/ClassNode;)Z @ 101
Event: 136.327 Thread 0x0000025cdc56c000 Uncommon trap: reason=unstable_if action=reinterpret pc=0x0000025ce0b54c08 method=org.codehaus.groovy.control.ResolveVisitor.resolveFromModule(Lorg/codehaus/groovy/ast/ClassNode;Z)Z @ 295
Event: 138.548 Thread 0x0000025cdc56c000 Uncommon trap: reason=unstable_if action=reinterpret pc=0x0000025ce07c9974 method=org.codehaus.groovy.ast.ClassNode.isPrimaryClassNode()Z @ 7
Event: 138.548 Thread 0x0000025cdc56c000 Uncommon trap: reason=unstable_if action=reinterpret pc=0x0000025ce09d3370 method=org.codehaus.groovy.control.ResolveVisitor.resolveGenericsType(Lorg/codehaus/groovy/ast/GenericsType;)Z @ 195

Classes redefined (0 events):
No events

Internal exceptions (10 events):
Event: 109.862 Thread 0x0000025cdc56c000 Exception <a 'java/security/PrivilegedActionException'> (0x000000076a8c4790) thrown at [C:\wsjdk\Corretto8Src\installers\windows\zip\corretto-build\buildRoot\hotspot\src\share\vm\prims\jvm.cpp, line 1514]
Event: 109.862 Thread 0x0000025cdc56c000 Exception <a 'java/security/PrivilegedActionException'> (0x000000076a8c4b88) thrown at [C:\wsjdk\Corretto8Src\installers\windows\zip\corretto-build\buildRoot\hotspot\src\share\vm\prims\jvm.cpp, line 1514]
Event: 110.624 Thread 0x0000025cdc56c000 Exception <a 'java/lang/ClassNotFoundException': groovy/lang/ExpandoMetaClassBeanInfo> (0x000000076bae32e8) thrown at [C:\wsjdk\Corretto8Src\installers\windows\zip\corretto-build\buildRoot\hotspot\src\share\vm\classfile\systemDictionary.cpp, line 217]
Event: 110.631 Thread 0x0000025cdc56c000 Exception <a 'java/lang/ClassNotFoundException': groovy/lang/MetaClassImplBeanInfo> (0x000000076bb26738) thrown at [C:\wsjdk\Corretto8Src\installers\windows\zip\corretto-build\buildRoot\hotspot\src\share\vm\classfile\systemDictionary.cpp, line 217]
Event: 110.634 Thread 0x0000025cdc56c000 Exception <a 'java/lang/ClassNotFoundException': groovy/lang/MetaClassImplCustomizer> (0x000000076bb6d258) thrown at [C:\wsjdk\Corretto8Src\installers\windows\zip\corretto-build\buildRoot\hotspot\src\share\vm\classfile\systemDictionary.cpp, line 217]
Event: 110.645 Thread 0x0000025cdc56c000 Exception <a 'java/lang/ClassNotFoundException': groovy/lang/ExpandoMetaClassCustomizer> (0x000000076bbd8058) thrown at [C:\wsjdk\Corretto8Src\installers\windows\zip\corretto-build\buildRoot\hotspot\src\share\vm\classfile\systemDictionary.cpp, line 217]
Event: 112.771 Thread 0x0000025cdc56c000 Implicit null exception at 0x0000025cdf812507 to 0x0000025cdf812d5d
Event: 119.383 Thread 0x0000025cdc56c000 Implicit null exception at 0x0000025cdffbe757 to 0x0000025cdffbe975
Event: 121.649 Thread 0x0000025cdc56c000 Implicit null exception at 0x0000025cdf885574 to 0x0000025cdf885c7d
Event: 129.140 Thread 0x0000025cdc56c000 Implicit null exception at 0x0000025ce09c5864 to 0x0000025ce09c760d

Events (10 events):
Event: 138.590 loading class groovy/lang/org$springframework$cloud$client$ServiceInstance
Event: 138.590 loading class groovy/lang/org$springframework$cloud$client$ServiceInstance done
Event: 138.591 loading class groovy/util/org$springframework$cloud$client$ServiceInstance
Event: 138.591 loading class groovy/util/org$springframework$cloud$client$ServiceInstance done
Event: 138.593 loading class org/springframework$cloud$client$ServiceInstance
Event: 138.593 loading class org/springframework$cloud$client$ServiceInstance done
Event: 138.594 loading class org/springframework/cloud$client$ServiceInstance
Event: 138.594 loading class org/springframework/cloud$client$ServiceInstance done
Event: 138.595 loading class org/springframework/cloud/client$ServiceInstance
Event: 138.595 loading class org/springframework/cloud/client$ServiceInstance done


Dynamic libraries:
0x00007ff7947b0000 - 0x00007ff7947f8000 	C:\Users\Lenovo\.jdks\corretto-1.8.0_482\bin\java.exe
0x00007ffdd0680000 - 0x00007ffdd08e7000 	C:\WINDOWS\SYSTEM32\ntdll.dll
0x00007ffdcfa00000 - 0x00007ffdcfac9000 	C:\WINDOWS\System32\KERNEL32.DLL
0x00007ffdcd400000 - 0x00007ffdcd7f1000 	C:\WINDOWS\System32\KERNELBASE.dll
0x00007ffdce690000 - 0x00007ffdce74b000 	C:\WINDOWS\System32\ADVAPI32.dll
0x00007ffdce590000 - 0x00007ffdce639000 	C:\WINDOWS\System32\msvcrt.dll
0x00007ffdcfcc0000 - 0x00007ffdcfd67000 	C:\WINDOWS\System32\sechost.dll
0x00007ffdce9b0000 - 0x00007ffdceac8000 	C:\WINDOWS\System32\RPCRT4.dll
0x00007ffdcf830000 - 0x00007ffdcf9f5000 	C:\WINDOWS\System32\USER32.dll
0x00007ffdcd0f0000 - 0x00007ffdcd117000 	C:\WINDOWS\System32\win32u.dll
0x00007ffdcfc90000 - 0x00007ffdcfcbb000 	C:\WINDOWS\System32\GDI32.dll
0x00007ffdccf30000 - 0x00007ffdcd05b000 	C:\WINDOWS\System32\gdi32full.dll
0x00007ffdcd350000 - 0x00007ffdcd3f3000 	C:\WINDOWS\System32\msvcp_win.dll
0x00007ffdcd800000 - 0x00007ffdcd94b000 	C:\WINDOWS\System32\ucrtbase.dll
0x00007ffdbac30000 - 0x00007ffdbaec3000 	C:\WINDOWS\WinSxS\amd64_microsoft.windows.common-controls_6595b64144ccf1df_6.0.26100.8037_none_3e092faae333b53b\COMCTL32.dll
0x00007ffdce650000 - 0x00007ffdce681000 	C:\WINDOWS\System32\IMM32.DLL
0x00007ffdbd120000 - 0x00007ffdbd135000 	C:\Users\Lenovo\.jdks\corretto-1.8.0_482\jre\bin\vcruntime140.dll
0x00007ffda4e60000 - 0x00007ffda4efb000 	C:\Users\Lenovo\.jdks\corretto-1.8.0_482\jre\bin\msvcp140.dll
0x0000000058ed0000 - 0x000000005972c000 	C:\Users\Lenovo\.jdks\corretto-1.8.0_482\jre\bin\server\jvm.dll
0x00007ffdce640000 - 0x00007ffdce648000 	C:\WINDOWS\System32\PSAPI.DLL
0x00007ffdc4830000 - 0x00007ffdc4865000 	C:\WINDOWS\SYSTEM32\WINMM.dll
0x00007ffda9950000 - 0x00007ffda995a000 	C:\WINDOWS\SYSTEM32\WSOCK32.dll
0x00007ffdc5100000 - 0x00007ffdc510b000 	C:\WINDOWS\SYSTEM32\VERSION.dll
0x00007ffdcfb50000 - 0x00007ffdcfbc4000 	C:\WINDOWS\System32\WS2_32.dll
0x00007ffdcbdb0000 - 0x00007ffdcbdcb000 	C:\WINDOWS\SYSTEM32\kernel.appcore.dll
0x00007ffdc5a60000 - 0x00007ffdc5a70000 	C:\Users\Lenovo\.jdks\corretto-1.8.0_482\jre\bin\verify.dll
0x00007ffdbcf40000 - 0x00007ffdbcf6b000 	C:\Users\Lenovo\.jdks\corretto-1.8.0_482\jre\bin\java.dll
0x00007ffdbcfb0000 - 0x00007ffdbcfc8000 	C:\Users\Lenovo\.jdks\corretto-1.8.0_482\jre\bin\zip.dll
0x00007ffdcfea0000 - 0x00007ffdd05ff000 	C:\WINDOWS\System32\SHELL32.dll
0x00007ffdce280000 - 0x00007ffdce3ea000 	C:\WINDOWS\System32\wintypes.dll
0x00007ffdceb00000 - 0x00007ffdcee82000 	C:\WINDOWS\System32\combase.dll
0x00007ffdcd950000 - 0x00007ffdce1b4000 	C:\WINDOWS\System32\windows.storage.dll
0x00007ffdce8b0000 - 0x00007ffdce9a7000 	C:\WINDOWS\System32\SHCORE.dll
0x00007ffdcf6f0000 - 0x00007ffdcf757000 	C:\WINDOWS\System32\shlwapi.dll
0x00007ffdcce50000 - 0x00007ffdcce79000 	C:\WINDOWS\SYSTEM32\profapi.dll
0x00007ffdcc640000 - 0x00007ffdcc65b000 	C:\WINDOWS\SYSTEM32\CRYPTSP.dll
0x00007ffdcbd10000 - 0x00007ffdcbd49000 	C:\WINDOWS\system32\rsaenh.dll
0x00007ffdcc400000 - 0x00007ffdcc432000 	C:\WINDOWS\SYSTEM32\USERENV.dll
0x00007ffdcce20000 - 0x00007ffdcce4a000 	C:\WINDOWS\SYSTEM32\bcrypt.dll
0x00007ffdcd120000 - 0x00007ffdcd1c5000 	C:\WINDOWS\System32\bcryptprimitives.dll
0x00007ffdcc630000 - 0x00007ffdcc63c000 	C:\WINDOWS\SYSTEM32\CRYPTBASE.dll
0x00007ffdbce20000 - 0x00007ffdbce3c000 	C:\Users\Lenovo\.jdks\corretto-1.8.0_482\jre\bin\net.dll
0x00007ffdcc350000 - 0x00007ffdcc3bb000 	C:\WINDOWS\system32\mswsock.dll
0x00007ffdcb750000 - 0x00007ffdcb783000 	C:\WINDOWS\SYSTEM32\IPHLPAPI.DLL
0x00007ffdcee90000 - 0x00007ffdcee9a000 	C:\WINDOWS\System32\NSI.dll
0x00007ffdc5e40000 - 0x00007ffdc5e5d000 	C:\WINDOWS\SYSTEM32\dhcpcsvc6.DLL
0x00007ffdc5e10000 - 0x00007ffdc5e33000 	C:\WINDOWS\SYSTEM32\dhcpcsvc.DLL
0x00007ffdcb7f0000 - 0x00007ffdcb91a000 	C:\WINDOWS\SYSTEM32\DNSAPI.dll
0x00007ffdbcb70000 - 0x00007ffdbcb83000 	C:\Users\Lenovo\.jdks\corretto-1.8.0_482\jre\bin\nio.dll
0x00007ffdbd100000 - 0x00007ffdbd10a000 	C:\Users\Lenovo\AppData\Local\Temp\jansi-1.17.1-7214661059026982535.dll

VM Arguments:
jvm_args: -Dmaven.multiModuleProjectDirectory=D:\WorkSpacee\api_tichhop 
java_command: org.apache.maven.wrapper.MavenWrapperMain -Didea.version=2025.2.5 -Dmaven.ext.class.path=D:\jetbrain\IntelliJ IDEA 2025.2.3\plugins\maven\lib\maven-event-listener.jar -Djansi.passthrough=true -Dstyle.color=always -Dmaven.repo.local=C:\Users\Lenovo\.m2\repository install -f pom.xml
java_class_path (initial): D:\WorkSpacee\api_tichhop\.mvn\wrapper\maven-wrapper.jar
Launcher Type: SUN_STANDARD

Environment Variables:
JAVA_HOME=C:\Users\Lenovo\.jdks\corretto-1.8.0_482
PATH=D:\app\oracle\product\19c\dbhome1\bin;C:\Users\Lenovo\Downloads\WINDOWS.X64_213000_db_home\bin;C:\Program Files (x86)\VMware\VMware Workstation\bin\;C:\WINDOWS\system32;C:\WINDOWS;C:\WINDOWS\System32\Wbem;C:\WINDOWS\System32\WindowsPowerShell\v1.0\;C:\WINDOWS\System32\OpenSSH\;C:\Program Files\Microsoft SQL Server\Client SDK\ODBC\170\Tools\Binn\;C:\Program Files (x86)\Microsoft SQL Server\150\Tools\Binn\;C:\Program Files\Microsoft SQL Server\150\Tools\Binn\;C:\Program Files\Microsoft SQL Server\150\DTS\Binn\;C:\Program Files\Git\cmd;C:\Program Files\Calibre2\;C:\ProgramData\chocolatey\bin;C:\Users\Lenovo\AppData\Local\Android\Sdk\platform-tools;C:\Users\Lenovo\AppData\Roaming\nvm;C:\Program Files\nodejs;C:\Users\Lenovo\AppData\Roaming\npm\;C:\Users\Lenovo\AppData\Roaming;D:\OpenSSL-Win64\bin;C:\Users\Lenovo\Downloads\watchman-v2024.12.09.00-windows\watchman-v2024.12.09.00-windows\bin;C:\WINDOWS\system32;C:\WINDOWS;C:\WINDOWS\System32\Wbem;C:\WINDOWS\System32\WindowsPowerShell\v1.0\;C:\WINDOWS\System32\OpenSSH\;C:\Program Files (x86)\Windows Kits\10\Windows Performance Toolkit\;C:\Program Files\dotnet\;C:\Program Files\GitHub CLI\;C:\Users\Lenovo\AppData\Local\Programs\Python\Python312\Scripts\;C:\Users\Lenovo\AppData\Local\Programs\Python\Python312\;C:\Users\Lenovo\AppData\Local\Programs\Python\Python313\Scripts\;C:\Users\Lenovo\AppData\Local\Programs\Python\Python313\;d:\cursor\resources\app\codeBin;C:\Users\Lenovo\AppData\Local\Microsoft\WindowsApps;C:\Users\Lenovo\AppData\Local\Programs\Microsoft VS Code\bin;C:\Program Files\Azure Data Studio\bin;C:\Program Files\MongoDB\Server\6.0\bin\;C:\Program Files\MongoDB\mongosh-1.9.0-win32-x64\bin;C:\Users\Lenovo\AppData\Local\Android\Sdk\platform-tools;C:\Users\Lenovo\AppData\Roaming\nvm;C:\Program Files\nodejs;C:\Program Files (x86)\OpenSSL-Win64\bin;D:\WorkSpacee\Antigravity\Antigravity\bin
USERNAME=Lenovo
OS=Windows_NT
PROCESSOR_IDENTIFIER=AMD64 Family 25 Model 80 Stepping 0, AuthenticAMD



---------------  S Y S T E M  ---------------

OS: Windows 11 , 64 bit Build 26100 (10.0.26100.7920)

CPU:total 16 (initial active 16) (16 cores per cpu, 1 threads per core) family 25 model 80 stepping 0, cmov, cx8, fxsr, mmx, sse, sse2, sse3, ssse3, sse4.1, sse4.2, popcnt, avx, avx2, aes, clmul, erms, mmxext, 3dnowpref, lzcnt, sse4a, tsc, tscinvbit, tscinv, bmi1

Memory: 4k page, physical 20820028k(1470968k free), swap 42123576k(3232k free)

vm_info: OpenJDK 64-Bit Server VM (25.482-b08) for windows-amd64 JRE (1.8.0_482-b08), built on Jan 17 2026 00:50:04 by "Administrator" with MS VC++ 15.9 (VS2017)

time: Mon Apr 27 13:30:44 2026
timezone: SE Asia Standard Time
elapsed time: 139.605178 seconds (0d 0h 2m 19s)

