#
# There is insufficient memory for the Java Runtime Environment to continue.
# Native memory allocation (malloc) failed to allocate 1335216 bytes for Chunk::new
# Possible reasons:
#   The system is out of physical RAM or swap space
#   The process is running with CompressedOops enabled, and the Java Heap may be blocking the growth of the native heap
# Possible solutions:
#   Reduce memory load on the system
#   Increase physical memory or swap space
#   Check if swap backing store is full
#   Decrease Java heap size (-Xmx/-Xms)
#   Decrease number of Java threads
#   Decrease Java thread stack sizes (-Xss)
#   Set larger code cache with -XX:ReservedCodeCacheSize=
#   JVM is running with Zero Based Compressed Oops mode in which the Java heap is
#     placed in the first 32GB address space. The Java Heap base address is the
#     maximum limit for the native heap growth. Please use -XX:HeapBaseMinAddress
#     to set the Java Heap base and to place the Java Heap above 32GB virtual address.
# This output file may be truncated or incomplete.
#
#  Out of Memory Error (allocation.cpp:389), pid=22948, tid=0x000000000000674c
#
# JRE version: OpenJDK Runtime Environment (8.0_482-b08) (build 1.8.0_482-b08)
# Java VM: OpenJDK 64-Bit Server VM (25.482-b08 mixed mode windows-amd64 compressed oops)
# Failed to write core dump. Minidumps are not enabled by default on client versions of Windows
#

---------------  T H R E A D  ---------------

Current thread (0x00000254e9189800):  JavaThread "C2 CompilerThread1" daemon [_thread_in_native, id=26444, stack(0x000000f92db00000,0x000000f92dc00000)]

Stack: [0x000000f92db00000,0x000000f92dc00000]
[error occurred during error reporting (printing stack bounds), id 0xc0000005]

Native frames: (J=compiled Java code, j=interpreted, Vv=VM code, C=native code)


Current CompileTask:
C2:  54786 6418       4       org.codehaus.groovy.control.ResolveVisitor::resolve (227 bytes)


---------------  P R O C E S S  ---------------

Java Threads: ( => current thread )
  0x00000254e91a6800 JavaThread "Service Thread" daemon [_thread_blocked, id=12392, stack(0x000000f92e600000,0x000000f92e700000)]
  0x00000254e91a5800 JavaThread "C1 CompilerThread11" daemon [_thread_blocked, id=21540, stack(0x000000f92e500000,0x000000f92e600000)]
  0x00000254e91a4800 JavaThread "C1 CompilerThread10" daemon [_thread_blocked, id=3252, stack(0x000000f92e400000,0x000000f92e500000)]
  0x00000254e91a4000 JavaThread "C1 CompilerThread9" daemon [_thread_blocked, id=23832, stack(0x000000f92e300000,0x000000f92e400000)]
  0x00000254e91a0000 JavaThread "C1 CompilerThread8" daemon [_thread_blocked, id=11472, stack(0x000000f92e200000,0x000000f92e300000)]
  0x00000254e919e000 JavaThread "C2 CompilerThread7" daemon [_thread_in_native, id=22064, stack(0x000000f92e100000,0x000000f92e200000)]
  0x00000254e9196800 JavaThread "C2 CompilerThread6" daemon [_thread_blocked, id=10964, stack(0x000000f92e000000,0x000000f92e100000)]
  0x00000254e9193800 JavaThread "C2 CompilerThread5" daemon [_thread_blocked, id=27764, stack(0x000000f92df00000,0x000000f92e000000)]
  0x00000254e918d000 JavaThread "C2 CompilerThread4" daemon [_thread_blocked, id=28360, stack(0x000000f92de00000,0x000000f92df00000)]
  0x00000254e918c000 JavaThread "C2 CompilerThread3" daemon [_thread_in_native, id=27844, stack(0x000000f92dd00000,0x000000f92de00000)]
  0x00000254e918a800 JavaThread "C2 CompilerThread2" daemon [_thread_in_native, id=31408, stack(0x000000f92dc00000,0x000000f92dd00000)]
=>0x00000254e9189800 JavaThread "C2 CompilerThread1" daemon [_thread_in_native, id=26444, stack(0x000000f92db00000,0x000000f92dc00000)]
  0x00000254e9191000 JavaThread "C2 CompilerThread0" daemon [_thread_blocked, id=8776, stack(0x000000f92da00000,0x000000f92db00000)]
  0x00000254e9188000 JavaThread "Attach Listener" daemon [_thread_blocked, id=32188, stack(0x000000f92d900000,0x000000f92da00000)]
  0x00000254e9183000 JavaThread "Signal Dispatcher" daemon [_thread_blocked, id=27748, stack(0x000000f92d800000,0x000000f92d900000)]
  0x00000254e646d800 JavaThread "Finalizer" daemon [_thread_blocked, id=2092, stack(0x000000f92d700000,0x000000f92d800000)]
  0x00000254e646a000 JavaThread "Reference Handler" daemon [_thread_blocked, id=17208, stack(0x000000f92d600000,0x000000f92d700000)]
  0x00000254c90ac000 JavaThread "main" [_thread_in_Java, id=5280, stack(0x000000f92c700000,0x000000f92c800000)]

Other Threads:
  0x00000254e6439800 VMThread [stack: 0x000000f92d500000,0x000000f92d600000] [id=9404]
  0x00000254e91a8800 WatcherThread [stack: 0x000000f92e700000,0x000000f92e800000] [id=26336]

VM state:not at safepoint (normal execution)

VM Mutex/Monitor currently owned by a thread: None

heap address: 0x0000000682400000, size: 5084 MB, Compressed Oops mode: Zero based, Oop shift amount: 3
Narrow klass base: 0x0000000000000000, Narrow klass shift: 3
Compressed class space size: 1073741824 Address: 0x00000007c0000000

Heap:
 PSYoungGen      total 523776K, used 240889K [0x0000000756180000, 0x0000000778c80000, 0x00000007c0000000)
  eden space 479232K, 50% used [0x0000000756180000,0x0000000764bfe580,0x0000000773580000)
  from space 44544K, 1% used [0x0000000773580000,0x0000000773640000,0x0000000776100000)
  to   space 34816K, 0% used [0x0000000776a80000,0x0000000776a80000,0x0000000778c80000)
 ParOldGen       total 177152K, used 78770K [0x0000000682400000, 0x000000068d100000, 0x0000000756180000)
  object space 177152K, 44% used [0x0000000682400000,0x00000006870eca98,0x000000068d100000)
 Metaspace       used 26503K, capacity 27126K, committed 27440K, reserved 1073152K
  class space    used 2846K, capacity 3056K, committed 3120K, reserved 1048576K

Card table byte_map: [0x00000254d9fa0000,0x00000254da990000] byte_map_base: 0x00000254d6b8e000

Marking Bits: (ParMarkBitMap*) 0x00000000596b2900
 Begin Bits: [0x00000254db030000, 0x00000254dffa0000)
 End Bits:   [0x00000254dffa0000, 0x00000254e4f10000)

Polling page: 0x00000254c9600000

CodeCache: size=245760Kb used=27648Kb max_used=30246Kb free=218111Kb
 bounds [0x00000254cabe0000, 0x00000254cca70000, 0x00000254d9be0000]
 total_blobs=5812 nmethods=5303 adapters=419
 compilation: enabled

Compilation events (10 events):
Event: 53.658 Thread 0x00000254e91a4000 6422       3       org.codehaus.groovy.ast.decompiled.AsmDecompiler::access$100 (5 bytes)
Event: 53.658 Thread 0x00000254e91a4800 6423       3       org.codehaus.groovy.ast.decompiled.AsmDecompiler::readAnnotationMembers (9 bytes)
Event: 53.658 Thread 0x00000254e91a5800 6424       3       org.codehaus.groovy.ast.decompiled.AsmDecompiler$1::<init> (10 bytes)
Event: 53.658 Thread 0x00000254e91a0000 nmethod 6421 0x00000254cbd7e350 code [0x00000254cbd7e4e0, 0x00000254cbd7e8b8]
Event: 53.658 Thread 0x00000254e91a4000 nmethod 6422 0x00000254caf1d9d0 code [0x00000254caf1db60, 0x00000254caf1def0]
Event: 53.659 Thread 0x00000254e91a5800 nmethod 6424 0x00000254caf68650 code [0x00000254caf687c0, 0x00000254caf68a50]
Event: 53.659 Thread 0x00000254e91a4800 nmethod 6423 0x00000254cb4b11d0 code [0x00000254cb4b1360, 0x00000254cb4b1690]
Event: 53.659 Thread 0x00000254e91a5800 6425       3       org.codehaus.groovy.ast.decompiled.MemberStub::addAnnotation (41 bytes)
Event: 53.659 Thread 0x00000254e91a5800 nmethod 6425 0x00000254cb5b0350 code [0x00000254cb5b0500, 0x00000254cb5b0b80]
Event: 53.741 Thread 0x00000254e918c000 6426       4       org.codehaus.groovy.control.ResolveVisitor::transform (192 bytes)

GC Heap History (10 events):
Event: 40.650 GC heap before
{Heap before GC invocations=16 (full 1):
 PSYoungGen      total 338944K, used 296896K [0x0000000756180000, 0x000000076d900000, 0x00000007c0000000)
  eden space 295424K, 100% used [0x0000000756180000,0x0000000768200000,0x0000000768200000)
  from space 43520K, 3% used [0x000000076ae00000,0x000000076af70000,0x000000076d880000)
  to   space 44544K, 0% used [0x0000000768200000,0x0000000768200000,0x000000076ad80000)
 ParOldGen       total 177152K, used 75714K [0x0000000682400000, 0x000000068d100000, 0x0000000756180000)
  object space 177152K, 42% used [0x0000000682400000,0x0000000686df0a88,0x000000068d100000)
 Metaspace       used 26417K, capacity 27030K, committed 27440K, reserved 1073152K
  class space    used 2833K, capacity 3024K, committed 3120K, reserved 1048576K
Event: 40.653 GC heap after
Heap after GC invocations=16 (full 1):
 PSYoungGen      total 339968K, used 736K [0x0000000756180000, 0x0000000774d80000, 0x00000007c0000000)
  eden space 295424K, 0% used [0x0000000756180000,0x0000000756180000,0x0000000768200000)
  from space 44544K, 1% used [0x0000000768200000,0x00000007682b8000,0x000000076ad80000)
  to   space 45568K, 0% used [0x0000000772100000,0x0000000772100000,0x0000000774d80000)
 ParOldGen       total 177152K, used 76666K [0x0000000682400000, 0x000000068d100000, 0x0000000756180000)
  object space 177152K, 43% used [0x0000000682400000,0x0000000686edea88,0x000000068d100000)
 Metaspace       used 26417K, capacity 27030K, committed 27440K, reserved 1073152K
  class space    used 2833K, capacity 3024K, committed 3120K, reserved 1048576K
}
Event: 41.885 GC heap before
{Heap before GC invocations=17 (full 1):
 PSYoungGen      total 339968K, used 296160K [0x0000000756180000, 0x0000000774d80000, 0x00000007c0000000)
  eden space 295424K, 100% used [0x0000000756180000,0x0000000768200000,0x0000000768200000)
  from space 44544K, 1% used [0x0000000768200000,0x00000007682b8000,0x000000076ad80000)
  to   space 45568K, 0% used [0x0000000772100000,0x0000000772100000,0x0000000774d80000)
 ParOldGen       total 177152K, used 76666K [0x0000000682400000, 0x000000068d100000, 0x0000000756180000)
  object space 177152K, 43% used [0x0000000682400000,0x0000000686edea88,0x000000068d100000)
 Metaspace       used 26461K, capacity 27094K, committed 27440K, reserved 1073152K
  class space    used 2838K, capacity 3024K, committed 3120K, reserved 1048576K
Event: 41.888 GC heap after
Heap after GC invocations=17 (full 1):
 PSYoungGen      total 436736K, used 768K [0x0000000756180000, 0x0000000774300000, 0x00000007c0000000)
  eden space 401920K, 0% used [0x0000000756180000,0x0000000756180000,0x000000076ea00000)
  from space 34816K, 2% used [0x0000000772100000,0x00000007721c0000,0x0000000774300000)
  to   space 45568K, 0% used [0x000000076ea00000,0x000000076ea00000,0x0000000771680000)
 ParOldGen       total 177152K, used 77234K [0x0000000682400000, 0x000000068d100000, 0x0000000756180000)
  object space 177152K, 43% used [0x0000000682400000,0x0000000686f6ca88,0x000000068d100000)
 Metaspace       used 26461K, capacity 27094K, committed 27440K, reserved 1073152K
  class space    used 2838K, capacity 3024K, committed 3120K, reserved 1048576K
}
Event: 45.103 GC heap before
{Heap before GC invocations=18 (full 1):
 PSYoungGen      total 436736K, used 402688K [0x0000000756180000, 0x0000000774300000, 0x00000007c0000000)
  eden space 401920K, 100% used [0x0000000756180000,0x000000076ea00000,0x000000076ea00000)
  from space 34816K, 2% used [0x0000000772100000,0x00000007721c0000,0x0000000774300000)
  to   space 45568K, 0% used [0x000000076ea00000,0x000000076ea00000,0x0000000771680000)
 ParOldGen       total 177152K, used 77234K [0x0000000682400000, 0x000000068d100000, 0x0000000756180000)
  object space 177152K, 43% used [0x0000000682400000,0x0000000686f6ca88,0x000000068d100000)
 Metaspace       used 26477K, capacity 27126K, committed 27440K, reserved 1073152K
  class space    used 2840K, capacity 3056K, committed 3120K, reserved 1048576K
Event: 45.107 GC heap after
Heap after GC invocations=18 (full 1):
 PSYoungGen      total 447488K, used 576K [0x0000000756180000, 0x0000000779700000, 0x00000007c0000000)
  eden space 401920K, 0% used [0x0000000756180000,0x0000000756180000,0x000000076ea00000)
  from space 45568K, 1% used [0x000000076ea00000,0x000000076ea90000,0x0000000771680000)
  to   space 45568K, 0% used [0x0000000776a80000,0x0000000776a80000,0x0000000779700000)
 ParOldGen       total 177152K, used 77834K [0x0000000682400000, 0x000000068d100000, 0x0000000756180000)
  object space 177152K, 43% used [0x0000000682400000,0x0000000687002a88,0x000000068d100000)
 Metaspace       used 26477K, capacity 27126K, committed 27440K, reserved 1073152K
  class space    used 2840K, capacity 3056K, committed 3120K, reserved 1048576K
}
Event: 46.841 GC heap before
{Heap before GC invocations=19 (full 1):
 PSYoungGen      total 447488K, used 402496K [0x0000000756180000, 0x0000000779700000, 0x00000007c0000000)
  eden space 401920K, 100% used [0x0000000756180000,0x000000076ea00000,0x000000076ea00000)
  from space 45568K, 1% used [0x000000076ea00000,0x000000076ea90000,0x0000000771680000)
  to   space 45568K, 0% used [0x0000000776a80000,0x0000000776a80000,0x0000000779700000)
 ParOldGen       total 177152K, used 77834K [0x0000000682400000, 0x000000068d100000, 0x0000000756180000)
  object space 177152K, 43% used [0x0000000682400000,0x0000000687002a88,0x000000068d100000)
 Metaspace       used 26480K, capacity 27126K, committed 27440K, reserved 1073152K
  class space    used 2840K, capacity 3056K, committed 3120K, reserved 1048576K
Event: 46.845 GC heap after
Heap after GC invocations=19 (full 1):
 PSYoungGen      total 514048K, used 624K [0x0000000756180000, 0x0000000778c80000, 0x00000007c0000000)
  eden space 479232K, 0% used [0x0000000756180000,0x0000000756180000,0x0000000773580000)
  from space 34816K, 1% used [0x0000000776a80000,0x0000000776b1c010,0x0000000778c80000)
  to   space 44544K, 0% used [0x0000000773580000,0x0000000773580000,0x0000000776100000)
 ParOldGen       total 177152K, used 78298K [0x0000000682400000, 0x000000068d100000, 0x0000000756180000)
  object space 177152K, 44% used [0x0000000682400000,0x0000000687076a88,0x000000068d100000)
 Metaspace       used 26480K, capacity 27126K, committed 27440K, reserved 1073152K
  class space    used 2840K, capacity 3056K, committed 3120K, reserved 1048576K
}
Event: 49.100 GC heap before
{Heap before GC invocations=20 (full 1):
 PSYoungGen      total 514048K, used 479856K [0x0000000756180000, 0x0000000778c80000, 0x00000007c0000000)
  eden space 479232K, 100% used [0x0000000756180000,0x0000000773580000,0x0000000773580000)
  from space 34816K, 1% used [0x0000000776a80000,0x0000000776b1c010,0x0000000778c80000)
  to   space 44544K, 0% used [0x0000000773580000,0x0000000773580000,0x0000000776100000)
 ParOldGen       total 177152K, used 78298K [0x0000000682400000, 0x000000068d100000, 0x0000000756180000)
  object space 177152K, 44% used [0x0000000682400000,0x0000000687076a88,0x000000068d100000)
 Metaspace       used 26484K, capacity 27126K, committed 27440K, reserved 1073152K
  class space    used 2841K, capacity 3056K, committed 3120K, reserved 1048576K
Event: 51.119 GC heap after
Heap after GC invocations=20 (full 1):
 PSYoungGen      total 523776K, used 768K [0x0000000756180000, 0x0000000778c80000, 0x00000007c0000000)
  eden space 479232K, 0% used [0x0000000756180000,0x0000000756180000,0x0000000773580000)
  from space 44544K, 1% used [0x0000000773580000,0x0000000773640000,0x0000000776100000)
  to   space 34816K, 0% used [0x0000000776a80000,0x0000000776a80000,0x0000000778c80000)
 ParOldGen       total 177152K, used 78770K [0x0000000682400000, 0x000000068d100000, 0x0000000756180000)
  object space 177152K, 44% used [0x0000000682400000,0x00000006870eca98,0x000000068d100000)
 Metaspace       used 26484K, capacity 27126K, committed 27440K, reserved 1073152K
  class space    used 2841K, capacity 3056K, committed 3120K, reserved 1048576K
}

Deoptimization events (10 events):
Event: 51.425 Thread 0x00000254c90ac000 Uncommon trap: reason=speculate_class_check action=maybe_recompile pc=0x00000254cc7c1cf4 method=org.codehaus.groovy.ast.ClassNode.getNameWithoutPackage()Ljava/lang/String; @ 1
Event: 51.425 Thread 0x00000254c90ac000 Uncommon trap: reason=speculate_class_check action=maybe_recompile pc=0x00000254cc7c1cf4 method=org.codehaus.groovy.ast.ClassNode.getNameWithoutPackage()Ljava/lang/String; @ 1
Event: 51.425 Thread 0x00000254c90ac000 Uncommon trap: reason=speculate_class_check action=maybe_recompile pc=0x00000254cc7c1cf4 method=org.codehaus.groovy.ast.ClassNode.getNameWithoutPackage()Ljava/lang/String; @ 1
Event: 51.425 Thread 0x00000254c90ac000 Uncommon trap: reason=speculate_class_check action=maybe_recompile pc=0x00000254cc7c1cf4 method=org.codehaus.groovy.ast.ClassNode.getNameWithoutPackage()Ljava/lang/String; @ 1
Event: 51.425 Thread 0x00000254c90ac000 Uncommon trap: reason=class_check action=maybe_recompile pc=0x00000254cc7d91d8 method=org.codehaus.groovy.control.ResolveVisitor.resolveGenericsTypes([Lorg/codehaus/groovy/ast/GenericsType;)Z @ 11
Event: 51.426 Thread 0x00000254c90ac000 Uncommon trap: reason=class_check action=maybe_recompile pc=0x00000254cc7d91d8 method=org.codehaus.groovy.control.ResolveVisitor.resolveGenericsTypes([Lorg/codehaus/groovy/ast/GenericsType;)Z @ 11
Event: 51.426 Thread 0x00000254c90ac000 Uncommon trap: reason=class_check action=maybe_recompile pc=0x00000254cc4ca664 method=org.codehaus.groovy.ast.CompileUnit.getClass(Ljava/lang/String;)Lorg/codehaus/groovy/ast/ClassNode; @ 10
Event: 51.426 Thread 0x00000254c90ac000 Uncommon trap: reason=bimorphic action=maybe_recompile pc=0x00000254cc90f7f4 method=org.codehaus.groovy.ast.ClassNode.isResolved()Z @ 20
Event: 51.426 Thread 0x00000254c90ac000 Uncommon trap: reason=class_check action=maybe_recompile pc=0x00000254cc7d91d8 method=org.codehaus.groovy.control.ResolveVisitor.resolveGenericsTypes([Lorg/codehaus/groovy/ast/GenericsType;)Z @ 11
Event: 51.426 Thread 0x00000254c90ac000 Uncommon trap: reason=class_check action=maybe_recompile pc=0x00000254cc7d91d8 method=org.codehaus.groovy.control.ResolveVisitor.resolveGenericsTypes([Lorg/codehaus/groovy/ast/GenericsType;)Z @ 11

Classes redefined (0 events):
No events

Internal exceptions (10 events):
Event: 23.003 Thread 0x00000254c90ac000 Exception <a 'java/security/PrivilegedActionException'> (0x000000075a3b6468) thrown at [C:\wsjdk\Corretto8Src\installers\windows\zip\corretto-build\buildRoot\hotspot\src\share\vm\prims\jvm.cpp, line 1514]
Event: 23.077 Thread 0x00000254c90ac000 Exception <a 'java/security/PrivilegedActionException'> (0x000000075a45dce8) thrown at [C:\wsjdk\Corretto8Src\installers\windows\zip\corretto-build\buildRoot\hotspot\src\share\vm\prims\jvm.cpp, line 1514]
Event: 23.077 Thread 0x00000254c90ac000 Exception <a 'java/security/PrivilegedActionException'> (0x000000075a45e0e0) thrown at [C:\wsjdk\Corretto8Src\installers\windows\zip\corretto-build\buildRoot\hotspot\src\share\vm\prims\jvm.cpp, line 1514]
Event: 23.881 Thread 0x00000254c90ac000 Exception <a 'java/lang/ClassNotFoundException': groovy/lang/ExpandoMetaClassBeanInfo> (0x0000000756f67010) thrown at [C:\wsjdk\Corretto8Src\installers\windows\zip\corretto-build\buildRoot\hotspot\src\share\vm\classfile\systemDictionary.cpp, line 217]
Event: 23.882 Thread 0x00000254c90ac000 Exception <a 'java/lang/ClassNotFoundException': groovy/lang/MetaClassImplBeanInfo> (0x0000000756faa5f0) thrown at [C:\wsjdk\Corretto8Src\installers\windows\zip\corretto-build\buildRoot\hotspot\src\share\vm\classfile\systemDictionary.cpp, line 217]
Event: 23.883 Thread 0x00000254c90ac000 Exception <a 'java/lang/ClassNotFoundException': java/lang/ObjectBeanInfo> (0x0000000756fbdcf0) thrown at [C:\wsjdk\Corretto8Src\installers\windows\zip\corretto-build\buildRoot\hotspot\src\share\vm\classfile\systemDictionary.cpp, line 217]
Event: 23.883 Thread 0x00000254c90ac000 Exception <a 'java/lang/ClassNotFoundException': java/lang/ObjectCustomizer> (0x0000000756fd1568) thrown at [C:\wsjdk\Corretto8Src\installers\windows\zip\corretto-build\buildRoot\hotspot\src\share\vm\classfile\systemDictionary.cpp, line 217]
Event: 23.893 Thread 0x00000254c90ac000 Exception <a 'java/lang/ClassNotFoundException': groovy/lang/MetaClassImplCustomizer> (0x000000075701e3c8) thrown at [C:\wsjdk\Corretto8Src\installers\windows\zip\corretto-build\buildRoot\hotspot\src\share\vm\classfile\systemDictionary.cpp, line 217]
Event: 23.896 Thread 0x00000254c90ac000 Exception <a 'java/lang/ClassNotFoundException': groovy/lang/ExpandoMetaClassCustomizer> (0x0000000757089558) thrown at [C:\wsjdk\Corretto8Src\installers\windows\zip\corretto-build\buildRoot\hotspot\src\share\vm\classfile\systemDictionary.cpp, line 217]
Event: 25.479 Thread 0x00000254c90ac000 Implicit null exception at 0x00000254cbfc3007 to 0x00000254cbfc386d

Events (10 events):
Event: 53.767 loading class java/lang/com$fasterxml$jackson$annotation$JsonProperty
Event: 53.767 loading class java/lang/com$fasterxml$jackson$annotation$JsonProperty done
Event: 53.767 loading class java/io/com$fasterxml$jackson$annotation$JsonProperty
Event: 53.767 loading class java/io/com$fasterxml$jackson$annotation$JsonProperty done
Event: 53.768 loading class java/net/com$fasterxml$jackson$annotation$JsonProperty
Event: 53.768 loading class java/net/com$fasterxml$jackson$annotation$JsonProperty done
Event: 53.769 loading class java/util/com$fasterxml$jackson$annotation$JsonProperty
Event: 53.769 loading class java/util/com$fasterxml$jackson$annotation$JsonProperty done
Event: 53.769 loading class groovy/lang/com$fasterxml$jackson$annotation$JsonProperty
Event: 53.769 loading class groovy/lang/com$fasterxml$jackson$annotation$JsonProperty done


Dynamic libraries:
0x00007ff7947b0000 - 0x00007ff7947f8000 	C:\Users\Lenovo\.jdks\corretto-1.8.0_482\bin\java.exe
0x00007ffdd0680000 - 0x00007ffdd08e7000 	C:\WINDOWS\SYSTEM32\ntdll.dll
0x00007ffdcfa00000 - 0x00007ffdcfac9000 	C:\WINDOWS\System32\KERNEL32.DLL
0x00007ffdcd400000 - 0x00007ffdcd7f1000 	C:\WINDOWS\System32\KERNELBASE.dll
0x00007ffdce690000 - 0x00007ffdce74b000 	C:\WINDOWS\System32\ADVAPI32.dll
0x00007ffdce590000 - 0x00007ffdce639000 	C:\WINDOWS\System32\msvcrt.dll
0x00007ffdcfcc0000 - 0x00007ffdcfd67000 	C:\WINDOWS\System32\sechost.dll
0x00007ffdce9b0000 - 0x00007ffdceac8000 	C:\WINDOWS\System32\RPCRT4.dll
0x00007ffdcf830000 - 0x00007ffdcf9f5000 	C:\WINDOWS\System32\USER32.dll
0x00007ffdcd0f0000 - 0x00007ffdcd117000 	C:\WINDOWS\System32\win32u.dll
0x00007ffdcfc90000 - 0x00007ffdcfcbb000 	C:\WINDOWS\System32\GDI32.dll
0x00007ffdccf30000 - 0x00007ffdcd05b000 	C:\WINDOWS\System32\gdi32full.dll
0x00007ffdcd350000 - 0x00007ffdcd3f3000 	C:\WINDOWS\System32\msvcp_win.dll
0x00007ffdcd800000 - 0x00007ffdcd94b000 	C:\WINDOWS\System32\ucrtbase.dll
0x00007ffdbac30000 - 0x00007ffdbaec3000 	C:\WINDOWS\WinSxS\amd64_microsoft.windows.common-controls_6595b64144ccf1df_6.0.26100.8037_none_3e092faae333b53b\COMCTL32.dll
0x00007ffdce650000 - 0x00007ffdce681000 	C:\WINDOWS\System32\IMM32.DLL
0x00007ffdbd120000 - 0x00007ffdbd135000 	C:\Users\Lenovo\.jdks\corretto-1.8.0_482\jre\bin\vcruntime140.dll
0x00007ffda4e60000 - 0x00007ffda4efb000 	C:\Users\Lenovo\.jdks\corretto-1.8.0_482\jre\bin\msvcp140.dll
0x0000000058ed0000 - 0x000000005972c000 	C:\Users\Lenovo\.jdks\corretto-1.8.0_482\jre\bin\server\jvm.dll
0x00007ffdce640000 - 0x00007ffdce648000 	C:\WINDOWS\System32\PSAPI.DLL
0x00007ffda9950000 - 0x00007ffda995a000 	C:\WINDOWS\SYSTEM32\WSOCK32.dll
0x00007ffdcfb50000 - 0x00007ffdcfbc4000 	C:\WINDOWS\System32\WS2_32.dll
0x00007ffdc4830000 - 0x00007ffdc4865000 	C:\WINDOWS\SYSTEM32\WINMM.dll
0x00007ffdc5100000 - 0x00007ffdc510b000 	C:\WINDOWS\SYSTEM32\VERSION.dll
0x00007ffdcbdb0000 - 0x00007ffdcbdcb000 	C:\WINDOWS\SYSTEM32\kernel.appcore.dll
0x00007ffdc5a60000 - 0x00007ffdc5a70000 	C:\Users\Lenovo\.jdks\corretto-1.8.0_482\jre\bin\verify.dll
0x00007ffdbcf40000 - 0x00007ffdbcf6b000 	C:\Users\Lenovo\.jdks\corretto-1.8.0_482\jre\bin\java.dll
0x00007ffdbcfb0000 - 0x00007ffdbcfc8000 	C:\Users\Lenovo\.jdks\corretto-1.8.0_482\jre\bin\zip.dll
0x00007ffdcfea0000 - 0x00007ffdd05ff000 	C:\WINDOWS\System32\SHELL32.dll
0x00007ffdce280000 - 0x00007ffdce3ea000 	C:\WINDOWS\System32\wintypes.dll
0x00007ffdceb00000 - 0x00007ffdcee82000 	C:\WINDOWS\System32\combase.dll
0x00007ffdcd950000 - 0x00007ffdce1b4000 	C:\WINDOWS\System32\windows.storage.dll
0x00007ffdce8b0000 - 0x00007ffdce9a7000 	C:\WINDOWS\System32\SHCORE.dll
0x00007ffdcf6f0000 - 0x00007ffdcf757000 	C:\WINDOWS\System32\shlwapi.dll
0x00007ffdcce50000 - 0x00007ffdcce79000 	C:\WINDOWS\SYSTEM32\profapi.dll
0x00007ffdcc640000 - 0x00007ffdcc65b000 	C:\WINDOWS\SYSTEM32\CRYPTSP.dll
0x00007ffdcbd10000 - 0x00007ffdcbd49000 	C:\WINDOWS\system32\rsaenh.dll
0x00007ffdcc400000 - 0x00007ffdcc432000 	C:\WINDOWS\SYSTEM32\USERENV.dll
0x00007ffdcce20000 - 0x00007ffdcce4a000 	C:\WINDOWS\SYSTEM32\bcrypt.dll
0x00007ffdcd120000 - 0x00007ffdcd1c5000 	C:\WINDOWS\System32\bcryptprimitives.dll
0x00007ffdcc630000 - 0x00007ffdcc63c000 	C:\WINDOWS\SYSTEM32\CRYPTBASE.dll
0x00007ffdbce20000 - 0x00007ffdbce3c000 	C:\Users\Lenovo\.jdks\corretto-1.8.0_482\jre\bin\net.dll
0x00007ffdcc350000 - 0x00007ffdcc3bb000 	C:\WINDOWS\system32\mswsock.dll
0x00007ffdcb750000 - 0x00007ffdcb783000 	C:\WINDOWS\SYSTEM32\IPHLPAPI.DLL
0x00007ffdcee90000 - 0x00007ffdcee9a000 	C:\WINDOWS\System32\NSI.dll
0x00007ffdc5e40000 - 0x00007ffdc5e5d000 	C:\WINDOWS\SYSTEM32\dhcpcsvc6.DLL
0x00007ffdc5e10000 - 0x00007ffdc5e33000 	C:\WINDOWS\SYSTEM32\dhcpcsvc.DLL
0x00007ffdcb7f0000 - 0x00007ffdcb91a000 	C:\WINDOWS\SYSTEM32\DNSAPI.dll
0x00007ffdbcb70000 - 0x00007ffdbcb83000 	C:\Users\Lenovo\.jdks\corretto-1.8.0_482\jre\bin\nio.dll
0x00007ffdbcd30000 - 0x00007ffdbcd3a000 	C:\Users\Lenovo\AppData\Local\Temp\jansi-1.17.1-5005757381923603496.dll

VM Arguments:
jvm_args: -Dmaven.multiModuleProjectDirectory=D:\WorkSpacee\api_tichhop 
java_command: org.apache.maven.wrapper.MavenWrapperMain -Didea.version=2025.2.5 -Dmaven.ext.class.path=D:\jetbrain\IntelliJ IDEA 2025.2.3\plugins\maven\lib\maven-event-listener.jar -Djansi.passthrough=true -Dstyle.color=always -Dmaven.repo.local=C:\Users\Lenovo\.m2\repository install -f pom.xml
java_class_path (initial): D:\WorkSpacee\api_tichhop\.mvn\wrapper\maven-wrapper.jar
Launcher Type: SUN_STANDARD

Environment Variables:
JAVA_HOME=C:\Users\Lenovo\.jdks\corretto-1.8.0_482
PATH=D:\app\oracle\product\19c\dbhome1\bin;C:\Users\Lenovo\Downloads\WINDOWS.X64_213000_db_home\bin;C:\Program Files (x86)\VMware\VMware Workstation\bin\;C:\WINDOWS\system32;C:\WINDOWS;C:\WINDOWS\System32\Wbem;C:\WINDOWS\System32\WindowsPowerShell\v1.0\;C:\WINDOWS\System32\OpenSSH\;C:\Program Files\Microsoft SQL Server\Client SDK\ODBC\170\Tools\Binn\;C:\Program Files (x86)\Microsoft SQL Server\150\Tools\Binn\;C:\Program Files\Microsoft SQL Server\150\Tools\Binn\;C:\Program Files\Microsoft SQL Server\150\DTS\Binn\;C:\Program Files\Git\cmd;C:\Program Files\Calibre2\;C:\ProgramData\chocolatey\bin;C:\Users\Lenovo\AppData\Local\Android\Sdk\platform-tools;C:\Users\Lenovo\AppData\Roaming\nvm;C:\Program Files\nodejs;C:\Users\Lenovo\AppData\Roaming\npm\;C:\Users\Lenovo\AppData\Roaming;D:\OpenSSL-Win64\bin;C:\Users\Lenovo\Downloads\watchman-v2024.12.09.00-windows\watchman-v2024.12.09.00-windows\bin;C:\WINDOWS\system32;C:\WINDOWS;C:\WINDOWS\System32\Wbem;C:\WINDOWS\System32\WindowsPowerShell\v1.0\;C:\WINDOWS\System32\OpenSSH\;C:\Program Files (x86)\Windows Kits\10\Windows Performance Toolkit\;C:\Program Files\dotnet\;C:\Program Files\GitHub CLI\;C:\Users\Lenovo\AppData\Local\Programs\Python\Python312\Scripts\;C:\Users\Lenovo\AppData\Local\Programs\Python\Python312\;C:\Users\Lenovo\AppData\Local\Programs\Python\Python313\Scripts\;C:\Users\Lenovo\AppData\Local\Programs\Python\Python313\;d:\cursor\resources\app\codeBin;C:\Users\Lenovo\AppData\Local\Microsoft\WindowsApps;C:\Users\Lenovo\AppData\Local\Programs\Microsoft VS Code\bin;C:\Program Files\Azure Data Studio\bin;C:\Program Files\MongoDB\Server\6.0\bin\;C:\Program Files\MongoDB\mongosh-1.9.0-win32-x64\bin;C:\Users\Lenovo\AppData\Local\Android\Sdk\platform-tools;C:\Users\Lenovo\AppData\Roaming\nvm;C:\Program Files\nodejs;C:\Program Files (x86)\OpenSSL-Win64\bin;D:\WorkSpacee\Antigravity\Antigravity\bin
USERNAME=Lenovo
OS=Windows_NT
PROCESSOR_IDENTIFIER=AMD64 Family 25 Model 80 Stepping 0, AuthenticAMD



---------------  S Y S T E M  ---------------

OS: Windows 11 , 64 bit Build 26100 (10.0.26100.7920)

CPU:total 16 (initial active 16) (16 cores per cpu, 1 threads per core) family 25 model 80 stepping 0, cmov, cx8, fxsr, mmx, sse, sse2, sse3, ssse3, sse4.1, sse4.2, popcnt, avx, avx2, aes, clmul, erms, mmxext, 3dnowpref, lzcnt, sse4a, tsc, tscinvbit, tscinv, bmi1

Memory: 4k page, physical 20820028k(1506896k free), swap 42123576k(5500k free)

vm_info: OpenJDK 64-Bit Server VM (25.482-b08) for windows-amd64 JRE (1.8.0_482-b08), built on Jan 17 2026 00:50:04 by "Administrator" with MS VC++ 15.9 (VS2017)

time: Mon Apr 27 13:30:42 2026
timezone: SE Asia Standard Time
elapsed time: 54.794082 seconds (0d 0h 0m 54s)

