#
# There is insufficient memory for the Java Runtime Environment to continue.
# Native memory allocation (malloc) failed to allocate 1140256 bytes for Chunk::new
# Possible reasons:
#   The system is out of physical RAM or swap space
#   The process is running with CompressedOops enabled, and the Java Heap may be blocking the growth of the native heap
# Possible solutions:
#   Reduce memory load on the system
#   Increase physical memory or swap space
#   Check if swap backing store is full
#   Decrease Java heap size (-Xmx/-Xms)
#   Decrease number of Java threads
#   Decrease Java thread stack sizes (-Xss)
#   Set larger code cache with -XX:ReservedCodeCacheSize=
#   JVM is running with Zero Based Compressed Oops mode in which the Java heap is
#     placed in the first 32GB address space. The Java Heap base address is the
#     maximum limit for the native heap growth. Please use -XX:HeapBaseMinAddress
#     to set the Java Heap base and to place the Java Heap above 32GB virtual address.
# This output file may be truncated or incomplete.
#
#  Out of Memory Error (allocation.cpp:389), pid=29184, tid=0x0000000000007968
#
# JRE version: OpenJDK Runtime Environment (8.0_482-b08) (build 1.8.0_482-b08)
# Java VM: OpenJDK 64-Bit Server VM (25.482-b08 mixed mode windows-amd64 compressed oops)
# Failed to write core dump. Minidumps are not enabled by default on client versions of Windows
#

---------------  T H R E A D  ---------------

Current thread (0x0000019f55c2f000):  JavaThread "C2 CompilerThread7" daemon [_thread_in_native, id=31080, stack(0x00000033e1000000,0x00000033e1100000)]

Stack: [0x00000033e1000000,0x00000033e1100000]
[error occurred during error reporting (printing stack bounds), id 0xc0000005]

Native frames: (J=compiled Java code, j=interpreted, Vv=VM code, C=native code)


Current CompileTask:
C2: 118933 9695       4       org.codehaus.groovy.control.ResolveVisitor::resolveGenericsTypes (65 bytes)


---------------  P R O C E S S  ---------------

Java Threads: ( => current thread )
  0x0000019f55cb1000 JavaThread "Service Thread" daemon [_thread_blocked, id=24856, stack(0x00000033e1500000,0x00000033e1600000)]
  0x0000019f55c2d000 JavaThread "C1 CompilerThread11" daemon [_thread_blocked, id=32484, stack(0x00000033e1400000,0x00000033e1500000)]
  0x0000019f55c2e000 JavaThread "C1 CompilerThread10" daemon [_thread_blocked, id=33688, stack(0x00000033e1300000,0x00000033e1400000)]
  0x0000019f55c2f800 JavaThread "C1 CompilerThread9" daemon [_thread_blocked, id=28464, stack(0x00000033e1200000,0x00000033e1300000)]
  0x0000019f55c30800 JavaThread "C1 CompilerThread8" daemon [_thread_blocked, id=19964, stack(0x00000033e1100000,0x00000033e1200000)]
=>0x0000019f55c2f000 JavaThread "C2 CompilerThread7" daemon [_thread_in_native, id=31080, stack(0x00000033e1000000,0x00000033e1100000)]
  0x0000019f55c1b800 JavaThread "C2 CompilerThread6" daemon [_thread_blocked, id=18788, stack(0x00000033e0f00000,0x00000033e1000000)]
  0x0000019f55bf6800 JavaThread "C2 CompilerThread5" daemon [_thread_blocked, id=32512, stack(0x00000033e0e00000,0x00000033e0f00000)]
  0x0000019f55be0800 JavaThread "C2 CompilerThread4" daemon [_thread_blocked, id=9628, stack(0x00000033e0d00000,0x00000033e0e00000)]
  0x0000019f55be0000 JavaThread "C2 CompilerThread3" daemon [_thread_blocked, id=3624, stack(0x00000033e0c00000,0x00000033e0d00000)]
  0x0000019f55bde000 JavaThread "C2 CompilerThread2" daemon [_thread_blocked, id=5208, stack(0x00000033e0b00000,0x00000033e0c00000)]
  0x0000019f55bdd800 JavaThread "C2 CompilerThread1" daemon [_thread_blocked, id=19248, stack(0x00000033e0a00000,0x00000033e0b00000)]
  0x0000019f55be4000 JavaThread "C2 CompilerThread0" daemon [_thread_blocked, id=23264, stack(0x00000033e0900000,0x00000033e0a00000)]
  0x0000019f55bdb800 JavaThread "Attach Listener" daemon [_thread_blocked, id=27408, stack(0x00000033e0800000,0x00000033e0900000)]
  0x0000019f55bd6800 JavaThread "Signal Dispatcher" daemon [_thread_blocked, id=26148, stack(0x00000033e0700000,0x00000033e0800000)]
  0x0000019f52e9e000 JavaThread "Finalizer" daemon [_thread_blocked, id=33508, stack(0x00000033e0600000,0x00000033e0700000)]
  0x0000019f52e9c800 JavaThread "Reference Handler" daemon [_thread_blocked, id=33624, stack(0x00000033e0500000,0x00000033e0600000)]
  0x0000019f35aeb800 JavaThread "main" [_thread_in_native, id=24096, stack(0x00000033df600000,0x00000033df700000)]

Other Threads:
  0x0000019f52e73800 VMThread [stack: 0x00000033e0400000,0x00000033e0500000] [id=24260]
  0x0000019f55cb3000 WatcherThread [stack: 0x00000033e1600000,0x00000033e1700000] [id=32452]

VM state:not at safepoint (normal execution)

VM Mutex/Monitor currently owned by a thread: None

heap address: 0x0000000682400000, size: 5084 MB, Compressed Oops mode: Zero based, Oop shift amount: 3
Narrow klass base: 0x0000000000000000, Narrow klass shift: 3
Compressed class space size: 1073741824 Address: 0x00000007c0000000

Heap:
 PSYoungGen      total 1248256K, used 286012K [0x0000000756180000, 0x00000007a5780000, 0x00000007c0000000)
  eden space 1196032K, 19% used [0x0000000756180000,0x0000000764b10078,0x000000079f180000)
  from space 52224K, 89% used [0x000000079f180000,0x00000007a1f3f150,0x00000007a2480000)
  to   space 45056K, 0% used [0x00000007a2480000,0x00000007a2480000,0x00000007a5080000)
 ParOldGen       total 274432K, used 61179K [0x0000000682400000, 0x0000000693000000, 0x0000000756180000)
  object space 274432K, 22% used [0x0000000682400000,0x0000000685fbeee8,0x0000000693000000)
 Metaspace       used 36167K, capacity 37078K, committed 37296K, reserved 1083392K
  class space    used 3729K, capacity 4006K, committed 4016K, reserved 1048576K

Card table byte_map: [0x0000019f469d0000,0x0000019f473c0000] byte_map_base: 0x0000019f435be000

Marking Bits: (ParMarkBitMap*) 0x00000000596b2900
 Begin Bits: [0x0000019f47a60000, 0x0000019f4c9d0000)
 End Bits:   [0x0000019f4c9d0000, 0x0000019f51940000)

Polling page: 0x0000019f35de0000

CodeCache: size=245760Kb used=44279Kb max_used=46645Kb free=201480Kb
 bounds [0x0000019f37610000, 0x0000019f3a3e0000, 0x0000019f46610000]
 total_blobs=7940 nmethods=7405 adapters=444
 compilation: enabled

Compilation events (10 events):
Event: 117.721 Thread 0x0000019f55c2e000 9694       1       org.codehaus.groovy.ast.ClassNode::setUsingGenerics (6 bytes)
Event: 117.721 Thread 0x0000019f55c2e000 nmethod 9694 0x0000019f3792b890 code [0x0000019f3792b9e0, 0x0000019f3792baf8]
Event: 117.734 Thread 0x0000019f55c1b800 nmethod 9680 0x0000019f39c818d0 code [0x0000019f39c821e0, 0x0000019f39c89208]
Event: 117.779 Thread 0x0000019f55c2f000 9695       4       org.codehaus.groovy.control.ResolveVisitor::resolveGenericsTypes (65 bytes)
Event: 117.790 Thread 0x0000019f55c2d000 9696       3       java.lang.reflect.Executable::getParameters (11 bytes)
Event: 117.791 Thread 0x0000019f55c2d000 nmethod 9696 0x0000019f3790ba90 code [0x0000019f3790bc20, 0x0000019f3790bf60]
Event: 117.791 Thread 0x0000019f55c30800 9698       3       java.lang.reflect.Executable::synthesizeAllParams (57 bytes)
Event: 117.791 Thread 0x0000019f55c2f800 9699       3       java.lang.reflect.Method::getParameterCount (6 bytes)
Event: 117.791 Thread 0x0000019f55c2f800 nmethod 9699 0x0000019f37abd410 code [0x0000019f37abd560, 0x0000019f37abd6d8]
Event: 117.792 Thread 0x0000019f55c30800 nmethod 9698 0x0000019f39137390 code [0x0000019f391375a0, 0x0000019f39138110]

GC Heap History (10 events):
Event: 78.950 GC heap before
{Heap before GC invocations=33 (full 1):
 PSYoungGen      total 1006080K, used 441354K [0x0000000756180000, 0x000000079b580000, 0x00000007c0000000)
  eden space 977408K, 43% used [0x0000000756180000,0x000000076fdc08d0,0x0000000791c00000)
  from space 28672K, 66% used [0x0000000791c00000,0x0000000792ec2050,0x0000000793800000)
  to   space 30208K, 0% used [0x0000000799800000,0x0000000799800000,0x000000079b580000)
 ParOldGen       total 177152K, used 78929K [0x0000000682400000, 0x000000068d100000, 0x0000000756180000)
  object space 177152K, 44% used [0x0000000682400000,0x00000006871144f8,0x000000068d100000)
 Metaspace       used 34449K, capacity 35326K, committed 35496K, reserved 1081344K
  class space    used 3613K, capacity 3874K, committed 3888K, reserved 1048576K
Event: 79.014 GC heap after
Heap after GC invocations=33 (full 1):
 PSYoungGen      total 1098240K, used 30185K [0x0000000756180000, 0x000000079c000000, 0x00000007c0000000)
  eden space 1068032K, 0% used [0x0000000756180000,0x0000000756180000,0x0000000797480000)
  from space 30208K, 99% used [0x0000000799800000,0x000000079b57a660,0x000000079b580000)
  to   space 36352K, 0% used [0x0000000797480000,0x0000000797480000,0x0000000799800000)
 ParOldGen       total 177152K, used 82124K [0x0000000682400000, 0x000000068d100000, 0x0000000756180000)
  object space 177152K, 46% used [0x0000000682400000,0x0000000687433008,0x000000068d100000)
 Metaspace       used 34449K, capacity 35326K, committed 35496K, reserved 1081344K
  class space    used 3613K, capacity 3874K, committed 3888K, reserved 1048576K
}
Event: 79.014 GC heap before
{Heap before GC invocations=34 (full 2):
 PSYoungGen      total 1098240K, used 30185K [0x0000000756180000, 0x000000079c000000, 0x00000007c0000000)
  eden space 1068032K, 0% used [0x0000000756180000,0x0000000756180000,0x0000000797480000)
  from space 30208K, 99% used [0x0000000799800000,0x000000079b57a660,0x000000079b580000)
  to   space 36352K, 0% used [0x0000000797480000,0x0000000797480000,0x0000000799800000)
 ParOldGen       total 177152K, used 82124K [0x0000000682400000, 0x000000068d100000, 0x0000000756180000)
  object space 177152K, 46% used [0x0000000682400000,0x0000000687433008,0x000000068d100000)
 Metaspace       used 34449K, capacity 35326K, committed 35496K, reserved 1081344K
  class space    used 3613K, capacity 3874K, committed 3888K, reserved 1048576K
Event: 79.125 GC heap after
Heap after GC invocations=34 (full 2):
 PSYoungGen      total 1098240K, used 0K [0x0000000756180000, 0x000000079c000000, 0x00000007c0000000)
  eden space 1068032K, 0% used [0x0000000756180000,0x0000000756180000,0x0000000797480000)
  from space 30208K, 0% used [0x0000000799800000,0x0000000799800000,0x000000079b580000)
  to   space 36352K, 0% used [0x0000000797480000,0x0000000797480000,0x0000000799800000)
 ParOldGen       total 274432K, used 53526K [0x0000000682400000, 0x0000000693000000, 0x0000000756180000)
  object space 274432K, 19% used [0x0000000682400000,0x0000000685845870,0x0000000693000000)
 Metaspace       used 34449K, capacity 35326K, committed 35496K, reserved 1081344K
  class space    used 3613K, capacity 3874K, committed 3888K, reserved 1048576K
}
Event: 96.237 GC heap before
{Heap before GC invocations=35 (full 2):
 PSYoungGen      total 1098240K, used 1068032K [0x0000000756180000, 0x000000079c000000, 0x00000007c0000000)
  eden space 1068032K, 100% used [0x0000000756180000,0x0000000797480000,0x0000000797480000)
  from space 30208K, 0% used [0x0000000799800000,0x0000000799800000,0x000000079b580000)
  to   space 36352K, 0% used [0x0000000797480000,0x0000000797480000,0x0000000799800000)
 ParOldGen       total 274432K, used 53526K [0x0000000682400000, 0x0000000693000000, 0x0000000756180000)
  object space 274432K, 19% used [0x0000000682400000,0x0000000685845870,0x0000000693000000)
 Metaspace       used 36084K, capacity 37002K, committed 37296K, reserved 1083392K
  class space    used 3720K, capacity 4004K, committed 4016K, reserved 1048576K
Event: 96.451 GC heap after
Heap after GC invocations=35 (full 2):
 PSYoungGen      total 1104384K, used 36345K [0x0000000756180000, 0x00000007a5080000, 0x00000007c0000000)
  eden space 1068032K, 0% used [0x0000000756180000,0x0000000756180000,0x0000000797480000)
  from space 36352K, 99% used [0x0000000797480000,0x00000007997fe6e0,0x0000000799800000)
  to   space 45056K, 0% used [0x00000007a2480000,0x00000007a2480000,0x00000007a5080000)
 ParOldGen       total 274432K, used 61171K [0x0000000682400000, 0x0000000693000000, 0x0000000756180000)
  object space 274432K, 22% used [0x0000000682400000,0x0000000685fbcee8,0x0000000693000000)
 Metaspace       used 36084K, capacity 37002K, committed 37296K, reserved 1083392K
  class space    used 3720K, capacity 4004K, committed 4016K, reserved 1048576K
}
Event: 107.732 GC heap before
{Heap before GC invocations=36 (full 2):
 PSYoungGen      total 1104384K, used 1104377K [0x0000000756180000, 0x00000007a5080000, 0x00000007c0000000)
  eden space 1068032K, 100% used [0x0000000756180000,0x0000000797480000,0x0000000797480000)
  from space 36352K, 99% used [0x0000000797480000,0x00000007997fe6e0,0x0000000799800000)
  to   space 45056K, 0% used [0x00000007a2480000,0x00000007a2480000,0x00000007a5080000)
 ParOldGen       total 274432K, used 61171K [0x0000000682400000, 0x0000000693000000, 0x0000000756180000)
  object space 274432K, 22% used [0x0000000682400000,0x0000000685fbcee8,0x0000000693000000)
 Metaspace       used 36148K, capacity 37078K, committed 37296K, reserved 1083392K
  class space    used 3726K, capacity 4006K, committed 4016K, reserved 1048576K
Event: 107.787 GC heap after
Heap after GC invocations=36 (full 2):
 PSYoungGen      total 1241088K, used 43502K [0x0000000756180000, 0x00000007a5780000, 0x00000007c0000000)
  eden space 1196032K, 0% used [0x0000000756180000,0x0000000756180000,0x000000079f180000)
  from space 45056K, 96% used [0x00000007a2480000,0x00000007a4efb9c8,0x00000007a5080000)
  to   space 52224K, 0% used [0x000000079f180000,0x000000079f180000,0x00000007a2480000)
 ParOldGen       total 274432K, used 61171K [0x0000000682400000, 0x0000000693000000, 0x0000000756180000)
  object space 274432K, 22% used [0x0000000682400000,0x0000000685fbcee8,0x0000000693000000)
 Metaspace       used 36148K, capacity 37078K, committed 37296K, reserved 1083392K
  class space    used 3726K, capacity 4006K, committed 4016K, reserved 1048576K
}
Event: 115.196 GC heap before
{Heap before GC invocations=37 (full 2):
 PSYoungGen      total 1241088K, used 1239534K [0x0000000756180000, 0x00000007a5780000, 0x00000007c0000000)
  eden space 1196032K, 100% used [0x0000000756180000,0x000000079f180000,0x000000079f180000)
  from space 45056K, 96% used [0x00000007a2480000,0x00000007a4efb9c8,0x00000007a5080000)
  to   space 52224K, 0% used [0x000000079f180000,0x000000079f180000,0x00000007a2480000)
 ParOldGen       total 274432K, used 61171K [0x0000000682400000, 0x0000000693000000, 0x0000000756180000)
  object space 274432K, 22% used [0x0000000682400000,0x0000000685fbcee8,0x0000000693000000)
 Metaspace       used 36160K, capacity 37078K, committed 37296K, reserved 1083392K
  class space    used 3728K, capacity 4006K, committed 4016K, reserved 1048576K
Event: 116.434 GC heap after
Heap after GC invocations=37 (full 2):
 PSYoungGen      total 1248256K, used 46844K [0x0000000756180000, 0x00000007a5780000, 0x00000007c0000000)
  eden space 1196032K, 0% used [0x0000000756180000,0x0000000756180000,0x000000079f180000)
  from space 52224K, 89% used [0x000000079f180000,0x00000007a1f3f150,0x00000007a2480000)
  to   space 45056K, 0% used [0x00000007a2480000,0x00000007a2480000,0x00000007a5080000)
 ParOldGen       total 274432K, used 61179K [0x0000000682400000, 0x0000000693000000, 0x0000000756180000)
  object space 274432K, 22% used [0x0000000682400000,0x0000000685fbeee8,0x0000000693000000)
 Metaspace       used 36160K, capacity 37078K, committed 37296K, reserved 1083392K
  class space    used 3728K, capacity 4006K, committed 4016K, reserved 1048576K
}

Deoptimization events (10 events):
Event: 110.367 Thread 0x0000019f35aeb800 Uncommon trap: reason=unstable_if action=reinterpret pc=0x0000019f39f8c79c method=org.codehaus.groovy.control.ResolveVisitor.resolveFromModule(Lorg/codehaus/groovy/ast/ClassNode;Z)Z @ 271
Event: 110.793 Thread 0x0000019f35aeb800 Uncommon trap: reason=unstable_if action=reinterpret pc=0x0000019f3a051634 method=groovyjarjarasm.asm.ClassReader.readMethod(Lgroovyjarjarasm/asm/ClassVisitor;Lgroovyjarjarasm/asm/Context;I)I @ 298
Event: 110.823 Thread 0x0000019f35aeb800 Uncommon trap: reason=speculate_class_check action=maybe_recompile pc=0x0000019f3894d0f4 method=org.codehaus.groovy.ast.ClassNode.getText()Ljava/lang/String; @ 1
Event: 110.823 Thread 0x0000019f35aeb800 Uncommon trap: reason=speculate_class_check action=maybe_recompile pc=0x0000019f391b3df0 method=org.codehaus.groovy.ast.ClassNode.getText()Ljava/lang/String; @ 1
Event: 116.908 Thread 0x0000019f35aeb800 Uncommon trap: reason=unstable_if action=reinterpret pc=0x0000019f39f85018 method=org.codehaus.groovy.control.ResolveVisitor.resolveAliasFromModule(Lorg/codehaus/groovy/ast/ClassNode;)Z @ 101
Event: 116.915 Thread 0x0000019f35aeb800 Uncommon trap: reason=unstable_if action=reinterpret pc=0x0000019f3a09ec00 method=org.codehaus.groovy.control.ResolveVisitor.resolveFromModule(Lorg/codehaus/groovy/ast/ClassNode;Z)Z @ 295
Event: 117.554 Thread 0x0000019f35aeb800 Uncommon trap: reason=unstable_if action=reinterpret pc=0x0000019f39e92258 method=org.codehaus.groovy.control.ResolveVisitor.resolveGenericsType(Lorg/codehaus/groovy/ast/GenericsType;)Z @ 195
Event: 117.554 Thread 0x0000019f35aeb800 Uncommon trap: reason=unstable_if action=reinterpret pc=0x0000019f39835830 method=org.codehaus.groovy.ast.ClassNode.isPrimaryClassNode()Z @ 7
Event: 117.554 Thread 0x0000019f35aeb800 Uncommon trap: reason=unstable_if action=reinterpret pc=0x0000019f39ed7b64 method=org.codehaus.groovy.control.ResolveVisitor.resolveGenericsType(Lorg/codehaus/groovy/ast/GenericsType;)Z @ 195
Event: 117.790 Thread 0x0000019f35aeb800 Uncommon trap: reason=unstable_if action=reinterpret pc=0x0000019f3894d230 method=org.codehaus.groovy.ast.ClassNode.isAbstract()Z @ 8

Classes redefined (0 events):
No events

Internal exceptions (10 events):
Event: 77.685 Thread 0x0000019f35aeb800 Exception <a 'java/security/PrivilegedActionException'> (0x000000076d175cc0) thrown at [C:\wsjdk\Corretto8Src\installers\windows\zip\corretto-build\buildRoot\hotspot\src\share\vm\prims\jvm.cpp, line 1514]
Event: 77.685 Thread 0x0000019f35aeb800 Exception <a 'java/security/PrivilegedActionException'> (0x000000076d1760b8) thrown at [C:\wsjdk\Corretto8Src\installers\windows\zip\corretto-build\buildRoot\hotspot\src\share\vm\prims\jvm.cpp, line 1514]
Event: 77.718 Thread 0x0000019f35aeb800 Exception <a 'java/security/PrivilegedActionException'> (0x000000076d21d5d8) thrown at [C:\wsjdk\Corretto8Src\installers\windows\zip\corretto-build\buildRoot\hotspot\src\share\vm\prims\jvm.cpp, line 1514]
Event: 77.718 Thread 0x0000019f35aeb800 Exception <a 'java/security/PrivilegedActionException'> (0x000000076d21d9d0) thrown at [C:\wsjdk\Corretto8Src\installers\windows\zip\corretto-build\buildRoot\hotspot\src\share\vm\prims\jvm.cpp, line 1514]
Event: 78.251 Thread 0x0000019f35aeb800 Exception <a 'java/lang/ClassNotFoundException': groovy/lang/ExpandoMetaClassBeanInfo> (0x000000076e45cb88) thrown at [C:\wsjdk\Corretto8Src\installers\windows\zip\corretto-build\buildRoot\hotspot\src\share\vm\classfile\systemDictionary.cpp, line 217]
Event: 78.256 Thread 0x0000019f35aeb800 Exception <a 'java/lang/ClassNotFoundException': groovy/lang/MetaClassImplBeanInfo> (0x000000076e49ffd8) thrown at [C:\wsjdk\Corretto8Src\installers\windows\zip\corretto-build\buildRoot\hotspot\src\share\vm\classfile\systemDictionary.cpp, line 217]
Event: 78.261 Thread 0x0000019f35aeb800 Exception <a 'java/lang/ClassNotFoundException': groovy/lang/MetaClassImplCustomizer> (0x000000076e4e6af8) thrown at [C:\wsjdk\Corretto8Src\installers\windows\zip\corretto-build\buildRoot\hotspot\src\share\vm\classfile\systemDictionary.cpp, line 217]
Event: 78.265 Thread 0x0000019f35aeb800 Exception <a 'java/lang/ClassNotFoundException': groovy/lang/ExpandoMetaClassCustomizer> (0x000000076e5517f0) thrown at [C:\wsjdk\Corretto8Src\installers\windows\zip\corretto-build\buildRoot\hotspot\src\share\vm\classfile\systemDictionary.cpp, line 217]
Event: 79.720 Thread 0x0000019f35aeb800 Implicit null exception at 0x0000019f37f15187 to 0x0000019f37f159dd
Event: 90.421 Thread 0x0000019f35aeb800 Implicit null exception at 0x0000019f3983a1a8 to 0x0000019f3983a91d

Events (10 events):
Event: 117.917 loading class groovy/lang/org$aspectj$lang$annotation$Aspect
Event: 117.917 loading class groovy/lang/org$aspectj$lang$annotation$Aspect done
Event: 117.918 loading class groovy/util/org$aspectj$lang$annotation$Aspect
Event: 117.918 loading class groovy/util/org$aspectj$lang$annotation$Aspect done
Event: 117.921 loading class org/aspectj$lang$annotation$Aspect
Event: 117.921 loading class org/aspectj$lang$annotation$Aspect done
Event: 117.923 loading class org/aspectj/lang$annotation$Aspect
Event: 117.923 loading class org/aspectj/lang$annotation$Aspect done
Event: 117.924 loading class org/aspectj/lang/annotation$Aspect
Event: 117.924 loading class org/aspectj/lang/annotation$Aspect done


Dynamic libraries:
0x00007ff7947b0000 - 0x00007ff7947f8000 	C:\Users\Lenovo\.jdks\corretto-1.8.0_482\bin\java.exe
0x00007ffdd0680000 - 0x00007ffdd08e7000 	C:\WINDOWS\SYSTEM32\ntdll.dll
0x00007ffdcfa00000 - 0x00007ffdcfac9000 	C:\WINDOWS\System32\KERNEL32.DLL
0x00007ffdcd400000 - 0x00007ffdcd7f1000 	C:\WINDOWS\System32\KERNELBASE.dll
0x00007ffdce690000 - 0x00007ffdce74b000 	C:\WINDOWS\System32\ADVAPI32.dll
0x00007ffdce590000 - 0x00007ffdce639000 	C:\WINDOWS\System32\msvcrt.dll
0x00007ffdcfcc0000 - 0x00007ffdcfd67000 	C:\WINDOWS\System32\sechost.dll
0x00007ffdce9b0000 - 0x00007ffdceac8000 	C:\WINDOWS\System32\RPCRT4.dll
0x00007ffdcf830000 - 0x00007ffdcf9f5000 	C:\WINDOWS\System32\USER32.dll
0x00007ffdcd0f0000 - 0x00007ffdcd117000 	C:\WINDOWS\System32\win32u.dll
0x00007ffdcfc90000 - 0x00007ffdcfcbb000 	C:\WINDOWS\System32\GDI32.dll
0x00007ffdccf30000 - 0x00007ffdcd05b000 	C:\WINDOWS\System32\gdi32full.dll
0x00007ffdcd350000 - 0x00007ffdcd3f3000 	C:\WINDOWS\System32\msvcp_win.dll
0x00007ffdcd800000 - 0x00007ffdcd94b000 	C:\WINDOWS\System32\ucrtbase.dll
0x00007ffdbac30000 - 0x00007ffdbaec3000 	C:\WINDOWS\WinSxS\amd64_microsoft.windows.common-controls_6595b64144ccf1df_6.0.26100.8037_none_3e092faae333b53b\COMCTL32.dll
0x00007ffdce650000 - 0x00007ffdce681000 	C:\WINDOWS\System32\IMM32.DLL
0x00007ffdbd120000 - 0x00007ffdbd135000 	C:\Users\Lenovo\.jdks\corretto-1.8.0_482\jre\bin\vcruntime140.dll
0x00007ffda4e60000 - 0x00007ffda4efb000 	C:\Users\Lenovo\.jdks\corretto-1.8.0_482\jre\bin\msvcp140.dll
0x0000000058ed0000 - 0x000000005972c000 	C:\Users\Lenovo\.jdks\corretto-1.8.0_482\jre\bin\server\jvm.dll
0x00007ffdce640000 - 0x00007ffdce648000 	C:\WINDOWS\System32\PSAPI.DLL
0x00007ffdc4830000 - 0x00007ffdc4865000 	C:\WINDOWS\SYSTEM32\WINMM.dll
0x00007ffda9950000 - 0x00007ffda995a000 	C:\WINDOWS\SYSTEM32\WSOCK32.dll
0x00007ffdc5100000 - 0x00007ffdc510b000 	C:\WINDOWS\SYSTEM32\VERSION.dll
0x00007ffdcfb50000 - 0x00007ffdcfbc4000 	C:\WINDOWS\System32\ws2_32.DLL
0x00007ffdcbdb0000 - 0x00007ffdcbdcb000 	C:\WINDOWS\SYSTEM32\kernel.appcore.dll
0x00007ffdc5a60000 - 0x00007ffdc5a70000 	C:\Users\Lenovo\.jdks\corretto-1.8.0_482\jre\bin\verify.dll
0x00007ffdbcf40000 - 0x00007ffdbcf6b000 	C:\Users\Lenovo\.jdks\corretto-1.8.0_482\jre\bin\java.dll
0x00007ffdbcfb0000 - 0x00007ffdbcfc8000 	C:\Users\Lenovo\.jdks\corretto-1.8.0_482\jre\bin\zip.dll
0x00007ffdcfea0000 - 0x00007ffdd05ff000 	C:\WINDOWS\System32\SHELL32.dll
0x00007ffdce280000 - 0x00007ffdce3ea000 	C:\WINDOWS\System32\wintypes.dll
0x00007ffdceb00000 - 0x00007ffdcee82000 	C:\WINDOWS\System32\combase.dll
0x00007ffdcd950000 - 0x00007ffdce1b4000 	C:\WINDOWS\System32\windows.storage.dll
0x00007ffdce8b0000 - 0x00007ffdce9a7000 	C:\WINDOWS\System32\SHCORE.dll
0x00007ffdcf6f0000 - 0x00007ffdcf757000 	C:\WINDOWS\System32\shlwapi.dll
0x00007ffdcce50000 - 0x00007ffdcce79000 	C:\WINDOWS\SYSTEM32\profapi.dll
0x00007ffdcc640000 - 0x00007ffdcc65b000 	C:\WINDOWS\SYSTEM32\CRYPTSP.dll
0x00007ffdcbd10000 - 0x00007ffdcbd49000 	C:\WINDOWS\system32\rsaenh.dll
0x00007ffdcc400000 - 0x00007ffdcc432000 	C:\WINDOWS\SYSTEM32\USERENV.dll
0x00007ffdcce20000 - 0x00007ffdcce4a000 	C:\WINDOWS\SYSTEM32\bcrypt.dll
0x00007ffdcd120000 - 0x00007ffdcd1c5000 	C:\WINDOWS\System32\bcryptprimitives.dll
0x00007ffdcc630000 - 0x00007ffdcc63c000 	C:\WINDOWS\SYSTEM32\CRYPTBASE.dll
0x00007ffdbce20000 - 0x00007ffdbce3c000 	C:\Users\Lenovo\.jdks\corretto-1.8.0_482\jre\bin\net.dll
0x00007ffdcc350000 - 0x00007ffdcc3bb000 	C:\WINDOWS\system32\mswsock.dll
0x00007ffdcb750000 - 0x00007ffdcb783000 	C:\WINDOWS\SYSTEM32\IPHLPAPI.DLL
0x00007ffdcee90000 - 0x00007ffdcee9a000 	C:\WINDOWS\System32\NSI.dll
0x00007ffdc5e40000 - 0x00007ffdc5e5d000 	C:\WINDOWS\SYSTEM32\dhcpcsvc6.DLL
0x00007ffdc5e10000 - 0x00007ffdc5e33000 	C:\WINDOWS\SYSTEM32\dhcpcsvc.DLL
0x00007ffdcb7f0000 - 0x00007ffdcb91a000 	C:\WINDOWS\SYSTEM32\DNSAPI.dll
0x00007ffdbcb70000 - 0x00007ffdbcb83000 	C:\Users\Lenovo\.jdks\corretto-1.8.0_482\jre\bin\nio.dll
0x00007ffdbcd30000 - 0x00007ffdbcd3a000 	C:\Users\Lenovo\AppData\Local\Temp\jansi-1.17.1-2271965236061961955.dll

VM Arguments:
jvm_args: -Dmaven.multiModuleProjectDirectory=D:\WorkSpacee\api_tichhop 
java_command: org.apache.maven.wrapper.MavenWrapperMain -Didea.version=2025.2.5 -Dmaven.ext.class.path=D:\jetbrain\IntelliJ IDEA 2025.2.3\plugins\maven\lib\maven-event-listener.jar -Djansi.passthrough=true -Dstyle.color=always -Dmaven.repo.local=C:\Users\Lenovo\.m2\repository install -f pom.xml
java_class_path (initial): D:\WorkSpacee\api_tichhop\.mvn\wrapper\maven-wrapper.jar
Launcher Type: SUN_STANDARD

Environment Variables:
JAVA_HOME=C:\Users\Lenovo\.jdks\corretto-1.8.0_482
PATH=D:\app\oracle\product\19c\dbhome1\bin;C:\Users\Lenovo\Downloads\WINDOWS.X64_213000_db_home\bin;C:\Program Files (x86)\VMware\VMware Workstation\bin\;C:\WINDOWS\system32;C:\WINDOWS;C:\WINDOWS\System32\Wbem;C:\WINDOWS\System32\WindowsPowerShell\v1.0\;C:\WINDOWS\System32\OpenSSH\;C:\Program Files\Microsoft SQL Server\Client SDK\ODBC\170\Tools\Binn\;C:\Program Files (x86)\Microsoft SQL Server\150\Tools\Binn\;C:\Program Files\Microsoft SQL Server\150\Tools\Binn\;C:\Program Files\Microsoft SQL Server\150\DTS\Binn\;C:\Program Files\Git\cmd;C:\Program Files\Calibre2\;C:\ProgramData\chocolatey\bin;C:\Users\Lenovo\AppData\Local\Android\Sdk\platform-tools;C:\Users\Lenovo\AppData\Roaming\nvm;C:\Program Files\nodejs;C:\Users\Lenovo\AppData\Roaming\npm\;C:\Users\Lenovo\AppData\Roaming;D:\OpenSSL-Win64\bin;C:\Users\Lenovo\Downloads\watchman-v2024.12.09.00-windows\watchman-v2024.12.09.00-windows\bin;C:\WINDOWS\system32;C:\WINDOWS;C:\WINDOWS\System32\Wbem;C:\WINDOWS\System32\WindowsPowerShell\v1.0\;C:\WINDOWS\System32\OpenSSH\;C:\Program Files (x86)\Windows Kits\10\Windows Performance Toolkit\;C:\Program Files\dotnet\;C:\Program Files\GitHub CLI\;C:\Users\Lenovo\AppData\Local\Programs\Python\Python312\Scripts\;C:\Users\Lenovo\AppData\Local\Programs\Python\Python312\;C:\Users\Lenovo\AppData\Local\Programs\Python\Python313\Scripts\;C:\Users\Lenovo\AppData\Local\Programs\Python\Python313\;d:\cursor\resources\app\codeBin;C:\Users\Lenovo\AppData\Local\Microsoft\WindowsApps;C:\Users\Lenovo\AppData\Local\Programs\Microsoft VS Code\bin;C:\Program Files\Azure Data Studio\bin;C:\Program Files\MongoDB\Server\6.0\bin\;C:\Program Files\MongoDB\mongosh-1.9.0-win32-x64\bin;C:\Users\Lenovo\AppData\Local\Android\Sdk\platform-tools;C:\Users\Lenovo\AppData\Roaming\nvm;C:\Program Files\nodejs;C:\Program Files (x86)\OpenSSL-Win64\bin;D:\WorkSpacee\Antigravity\Antigravity\bin
USERNAME=Lenovo
OS=Windows_NT
PROCESSOR_IDENTIFIER=AMD64 Family 25 Model 80 Stepping 0, AuthenticAMD



---------------  S Y S T E M  ---------------

OS: Windows 11 , 64 bit Build 26100 (10.0.26100.7920)

CPU:total 16 (initial active 16) (16 cores per cpu, 1 threads per core) family 25 model 80 stepping 0, cmov, cx8, fxsr, mmx, sse, sse2, sse3, ssse3, sse4.1, sse4.2, popcnt, avx, avx2, aes, clmul, erms, mmxext, 3dnowpref, lzcnt, sse4a, tsc, tscinvbit, tscinv, bmi1

Memory: 4k page, physical 20820028k(660708k free), swap 42123576k(172k free)

vm_info: OpenJDK 64-Bit Server VM (25.482-b08) for windows-amd64 JRE (1.8.0_482-b08), built on Jan 17 2026 00:50:04 by "Administrator" with MS VC++ 15.9 (VS2017)

time: Mon Apr 27 13:29:46 2026
timezone: SE Asia Standard Time
elapsed time: 118.944474 seconds (0d 0h 1m 58s)

