#
# There is insufficient memory for the Java Runtime Environment to continue.
# Native memory allocation (malloc) failed to allocate 1135216 bytes for Chunk::new
# Possible reasons:
#   The system is out of physical RAM or swap space
#   The process is running with CompressedOops enabled, and the Java Heap may be blocking the growth of the native heap
# Possible solutions:
#   Reduce memory load on the system
#   Increase physical memory or swap space
#   Check if swap backing store is full
#   Decrease Java heap size (-Xmx/-Xms)
#   Decrease number of Java threads
#   Decrease Java thread stack sizes (-Xss)
#   Set larger code cache with -XX:ReservedCodeCacheSize=
#   JVM is running with Zero Based Compressed Oops mode in which the Java heap is
#     placed in the first 32GB address space. The Java Heap base address is the
#     maximum limit for the native heap growth. Please use -XX:HeapBaseMinAddress
#     to set the Java Heap base and to place the Java Heap above 32GB virtual address.
# This output file may be truncated or incomplete.
#
#  Out of Memory Error (allocation.cpp:389), pid=30648, tid=0x0000000000006bc8
#
# JRE version: OpenJDK Runtime Environment (8.0_482-b08) (build 1.8.0_482-b08)
# Java VM: OpenJDK 64-Bit Server VM (25.482-b08 mixed mode windows-amd64 compressed oops)
# Failed to write core dump. Minidumps are not enabled by default on client versions of Windows
#

---------------  T H R E A D  ---------------

Current thread (0x00000287ad1c1000):  JavaThread "C2 CompilerThread0" daemon [_thread_in_native, id=27592, stack(0x000000a234900000,0x000000a234a00000)]

Stack: [0x000000a234900000,0x000000a234a00000]
[error occurred during error reporting (printing stack bounds), id 0xc0000005]

Native frames: (J=compiled Java code, j=interpreted, Vv=VM code, C=native code)


Current CompileTask:
C2:  92433 8439       4       org.codehaus.groovy.antlr.parser.GroovyRecognizer::classOrInterfaceType (1305 bytes)


---------------  P R O C E S S  ---------------

Java Threads: ( => current thread )
  0x00000287ad2b3000 JavaThread "Service Thread" daemon [_thread_blocked, id=31560, stack(0x000000a235500000,0x000000a235600000)]
  0x00000287ad1dc800 JavaThread "C1 CompilerThread11" daemon [_thread_blocked, id=31536, stack(0x000000a235400000,0x000000a235500000)]
  0x00000287ad1d9000 JavaThread "C1 CompilerThread10" daemon [_thread_blocked, id=25920, stack(0x000000a235300000,0x000000a235400000)]
  0x00000287ad1d8800 JavaThread "C1 CompilerThread9" daemon [_thread_blocked, id=27860, stack(0x000000a235200000,0x000000a235300000)]
  0x00000287ad1da000 JavaThread "C1 CompilerThread8" daemon [_thread_blocked, id=13508, stack(0x000000a235100000,0x000000a235200000)]
  0x00000287ad1db800 JavaThread "C2 CompilerThread7" daemon [_thread_in_native, id=18808, stack(0x000000a235000000,0x000000a235100000)]
  0x00000287ad1db000 JavaThread "C2 CompilerThread6" daemon [_thread_in_native, id=30416, stack(0x000000a234f00000,0x000000a235000000)]
  0x00000287ad1d7800 JavaThread "C2 CompilerThread5" daemon [_thread_in_native, id=27784, stack(0x000000a234e00000,0x000000a234f00000)]
  0x00000287ad1d7000 JavaThread "C2 CompilerThread4" daemon [_thread_in_vm, id=31864, stack(0x000000a234d00000,0x000000a234e00000)]
  0x00000287ad1d2000 JavaThread "C2 CompilerThread3" daemon [_thread_blocked, id=25364, stack(0x000000a234c00000,0x000000a234d00000)]
  0x00000287ad1c3800 JavaThread "C2 CompilerThread2" daemon [_thread_in_native, id=31760, stack(0x000000a234b00000,0x000000a234c00000)]
  0x00000287ad1c2800 JavaThread "C2 CompilerThread1" daemon [_thread_in_native, id=31680, stack(0x000000a234a00000,0x000000a234b00000)]
=>0x00000287ad1c1000 JavaThread "C2 CompilerThread0" daemon [_thread_in_native, id=27592, stack(0x000000a234900000,0x000000a234a00000)]
  0x00000287ad1bd000 JavaThread "Attach Listener" daemon [_thread_blocked, id=33248, stack(0x000000a234800000,0x000000a234900000)]
  0x00000287ad1b8000 JavaThread "Signal Dispatcher" daemon [_thread_blocked, id=26360, stack(0x000000a234700000,0x000000a234800000)]
  0x00000287ad1a1800 JavaThread "Finalizer" daemon [_thread_blocked, id=10304, stack(0x000000a234600000,0x000000a234700000)]
  0x00000287ad1a0800 JavaThread "Reference Handler" daemon [_thread_blocked, id=27028, stack(0x000000a234500000,0x000000a234600000)]
  0x000002878d15c000 JavaThread "main" [_thread_in_Java, id=26204, stack(0x000000a233600000,0x000000a233700000)]

Other Threads:
  0x00000287aa46d800 VMThread [stack: 0x000000a234400000,0x000000a234500000] [id=23828]
  0x00000287ad2a2800 WatcherThread [stack: 0x000000a235600000,0x000000a235700000] [id=18588]

VM state:not at safepoint (normal execution)

VM Mutex/Monitor currently owned by a thread: None

heap address: 0x0000000682400000, size: 5084 MB, Compressed Oops mode: Zero based, Oop shift amount: 3
Narrow klass base: 0x0000000000000000, Narrow klass shift: 3
Compressed class space size: 1073741824 Address: 0x00000007c0000000

Heap:
 PSYoungGen      total 803328K, used 321017K [0x0000000756180000, 0x000000078be00000, 0x00000007c0000000)
  eden space 774144K, 41% used [0x0000000756180000,0x0000000769afe690,0x0000000785580000)
  from space 29184K, 0% used [0x0000000785580000,0x0000000785580000,0x0000000787200000)
  to   space 35328K, 0% used [0x0000000789b80000,0x0000000789b80000,0x000000078be00000)
 ParOldGen       total 303104K, used 53883K [0x0000000682400000, 0x0000000694c00000, 0x0000000756180000)
  object space 303104K, 17% used [0x0000000682400000,0x000000068589ec98,0x0000000694c00000)
 Metaspace       used 34752K, capacity 35646K, committed 36008K, reserved 1081344K
  class space    used 3613K, capacity 3874K, committed 3888K, reserved 1048576K

Card table byte_map: [0x000002879e030000,0x000002879ea20000] byte_map_base: 0x000002879ac1e000

Marking Bits: (ParMarkBitMap*) 0x00000000596b2900
 Begin Bits: [0x000002879f0c0000, 0x00000287a4030000)
 End Bits:   [0x00000287a4030000, 0x00000287a8fa0000)

Polling page: 0x000002878d600000

CodeCache: size=245760Kb used=43981Kb max_used=43981Kb free=201778Kb
 bounds [0x000002878ec70000, 0x00000287917e0000, 0x000002879dc70000]
 total_blobs=7033 nmethods=6498 adapters=444
 compilation: enabled

Compilation events (10 events):
Event: 91.284 Thread 0x00000287ad1c1000 8439       4       org.codehaus.groovy.antlr.parser.GroovyRecognizer::classOrInterfaceType (1305 bytes)
Event: 91.284 Thread 0x00000287ad1c2800 8440       4       groovyjarjarantlr.CharScanner::rewind (12 bytes)
Event: 91.286 Thread 0x00000287ad1c2800 nmethod 8440 0x000002878f8ea090 code [0x000002878f8ea1c0, 0x000002878f8ea2f8]
Event: 91.342 Thread 0x00000287ad1d7800 nmethod 8431 0x00000287917c5610 code [0x00000287917c5ce0, 0x00000287917cbab8]
Event: 91.349 Thread 0x00000287ad1d7000 nmethod 8438 0x0000028791737190 code [0x00000287917376a0, 0x000002879173ab30]
Event: 91.359 Thread 0x00000287ad1db000 8441   !   4       org.codehaus.groovy.antlr.parser.GroovyRecognizer::expressionStatement (306 bytes)
Event: 91.360 Thread 0x00000287ad1d2000 8442       4       org.codehaus.groovy.antlr.parser.GroovyLexer::mCOLON (76 bytes)
Event: 91.387 Thread 0x00000287ad1d2000 nmethod 8442 0x000002878fed3d90 code [0x000002878fed3f60, 0x000002878fed49e8]
Event: 91.434 Thread 0x00000287ad1dc800 8443       3       org.codehaus.groovy.antlr.parser.GroovyRecognizer::unaryExpression (854 bytes)
Event: 91.436 Thread 0x00000287ad1c2800 8444       4       org.codehaus.groovy.antlr.parser.GroovyRecognizer::suspiciousExpressionStatementStart (372 bytes)

GC Heap History (10 events):
Event: 47.762 GC heap before
{Heap before GC invocations=35 (full 1):
 PSYoungGen      total 728576K, used 715922K [0x0000000756180000, 0x0000000786780000, 0x00000007c0000000)
  eden space 700928K, 100% used [0x0000000756180000,0x0000000780e00000,0x0000000780e00000)
  from space 27648K, 54% used [0x0000000780e00000,0x0000000781ca4a70,0x0000000782900000)
  to   space 27648K, 0% used [0x0000000784c80000,0x0000000784c80000,0x0000000786780000)
 ParOldGen       total 182784K, used 76845K [0x0000000682400000, 0x000000068d680000, 0x0000000756180000)
  object space 182784K, 42% used [0x0000000682400000,0x0000000686f0b708,0x000000068d680000)
 Metaspace       used 28204K, capacity 28892K, committed 29232K, reserved 1075200K
  class space    used 3046K, capacity 3261K, committed 3376K, reserved 1048576K
Event: 47.774 GC heap after
Heap after GC invocations=35 (full 1):
 PSYoungGen      total 763904K, used 15040K [0x0000000756180000, 0x0000000786700000, 0x00000007c0000000)
  eden space 736768K, 0% used [0x0000000756180000,0x0000000756180000,0x0000000783100000)
  from space 27136K, 55% used [0x0000000784c80000,0x0000000785b30030,0x0000000786700000)
  to   space 27648K, 0% used [0x0000000783100000,0x0000000783100000,0x0000000784c00000)
 ParOldGen       total 182784K, used 77269K [0x0000000682400000, 0x000000068d680000, 0x0000000756180000)
  object space 182784K, 42% used [0x0000000682400000,0x0000000686f75708,0x000000068d680000)
 Metaspace       used 28204K, capacity 28892K, committed 29232K, reserved 1075200K
  class space    used 3046K, capacity 3261K, committed 3376K, reserved 1048576K
}
Event: 49.226 GC heap before
{Heap before GC invocations=36 (full 1):
 PSYoungGen      total 763904K, used 751808K [0x0000000756180000, 0x0000000786700000, 0x00000007c0000000)
  eden space 736768K, 100% used [0x0000000756180000,0x0000000783100000,0x0000000783100000)
  from space 27136K, 55% used [0x0000000784c80000,0x0000000785b30030,0x0000000786700000)
  to   space 27648K, 0% used [0x0000000783100000,0x0000000783100000,0x0000000784c00000)
 ParOldGen       total 182784K, used 77269K [0x0000000682400000, 0x000000068d680000, 0x0000000756180000)
  object space 182784K, 42% used [0x0000000682400000,0x0000000686f75708,0x000000068d680000)
 Metaspace       used 28207K, capacity 28892K, committed 29232K, reserved 1075200K
  class space    used 3047K, capacity 3261K, committed 3376K, reserved 1048576K
Event: 49.241 GC heap after
Heap after GC invocations=36 (full 1):
 PSYoungGen      total 764416K, used 16448K [0x0000000756180000, 0x0000000789100000, 0x00000007c0000000)
  eden space 736768K, 0% used [0x0000000756180000,0x0000000756180000,0x0000000783100000)
  from space 27648K, 59% used [0x0000000783100000,0x0000000784110030,0x0000000784c00000)
  to   space 28160K, 0% used [0x0000000787580000,0x0000000787580000,0x0000000789100000)
 ParOldGen       total 182784K, used 77605K [0x0000000682400000, 0x000000068d680000, 0x0000000756180000)
  object space 182784K, 42% used [0x0000000682400000,0x0000000686fc9718,0x000000068d680000)
 Metaspace       used 28207K, capacity 28892K, committed 29232K, reserved 1075200K
  class space    used 3047K, capacity 3261K, committed 3376K, reserved 1048576K
}
Event: 54.232 GC heap before
{Heap before GC invocations=37 (full 1):
 PSYoungGen      total 764416K, used 753216K [0x0000000756180000, 0x0000000789100000, 0x00000007c0000000)
  eden space 736768K, 100% used [0x0000000756180000,0x0000000783100000,0x0000000783100000)
  from space 27648K, 59% used [0x0000000783100000,0x0000000784110030,0x0000000784c00000)
  to   space 28160K, 0% used [0x0000000787580000,0x0000000787580000,0x0000000789100000)
 ParOldGen       total 182784K, used 77605K [0x0000000682400000, 0x000000068d680000, 0x0000000756180000)
  object space 182784K, 42% used [0x0000000682400000,0x0000000686fc9718,0x000000068d680000)
 Metaspace       used 28732K, capacity 29372K, committed 29744K, reserved 1075200K
  class space    used 3086K, capacity 3293K, committed 3376K, reserved 1048576K
Event: 54.248 GC heap after
Heap after GC invocations=37 (full 1):
 PSYoungGen      total 799744K, used 19144K [0x0000000756180000, 0x0000000788e80000, 0x00000007c0000000)
  eden space 774144K, 0% used [0x0000000756180000,0x0000000756180000,0x0000000785580000)
  from space 25600K, 74% used [0x0000000787580000,0x0000000788832050,0x0000000788e80000)
  to   space 29184K, 0% used [0x0000000785580000,0x0000000785580000,0x0000000787200000)
 ParOldGen       total 182784K, used 78077K [0x0000000682400000, 0x000000068d680000, 0x0000000756180000)
  object space 182784K, 42% used [0x0000000682400000,0x000000068703f718,0x000000068d680000)
 Metaspace       used 28732K, capacity 29372K, committed 29744K, reserved 1075200K
  class space    used 3086K, capacity 3293K, committed 3376K, reserved 1048576K
}
Event: 80.876 GC heap before
{Heap before GC invocations=38 (full 1):
 PSYoungGen      total 799744K, used 468233K [0x0000000756180000, 0x0000000788e80000, 0x00000007c0000000)
  eden space 774144K, 58% used [0x0000000756180000,0x0000000771810640,0x0000000785580000)
  from space 25600K, 74% used [0x0000000787580000,0x0000000788832050,0x0000000788e80000)
  to   space 29184K, 0% used [0x0000000785580000,0x0000000785580000,0x0000000787200000)
 ParOldGen       total 182784K, used 78077K [0x0000000682400000, 0x000000068d680000, 0x0000000756180000)
  object space 182784K, 42% used [0x0000000682400000,0x000000068703f718,0x000000068d680000)
 Metaspace       used 34455K, capacity 35326K, committed 35496K, reserved 1081344K
  class space    used 3611K, capacity 3874K, committed 3888K, reserved 1048576K
Event: 80.979 GC heap after
Heap after GC invocations=38 (full 1):
 PSYoungGen      total 803328K, used 29155K [0x0000000756180000, 0x000000078be00000, 0x00000007c0000000)
  eden space 774144K, 0% used [0x0000000756180000,0x0000000756180000,0x0000000785580000)
  from space 29184K, 99% used [0x0000000785580000,0x00000007871f8ff0,0x0000000787200000)
  to   space 35328K, 0% used [0x0000000789b80000,0x0000000789b80000,0x000000078be00000)
 ParOldGen       total 182784K, used 82266K [0x0000000682400000, 0x000000068d680000, 0x0000000756180000)
  object space 182784K, 45% used [0x0000000682400000,0x0000000687456a90,0x000000068d680000)
 Metaspace       used 34455K, capacity 35326K, committed 35496K, reserved 1081344K
  class space    used 3611K, capacity 3874K, committed 3888K, reserved 1048576K
}
Event: 80.979 GC heap before
{Heap before GC invocations=39 (full 2):
 PSYoungGen      total 803328K, used 29155K [0x0000000756180000, 0x000000078be00000, 0x00000007c0000000)
  eden space 774144K, 0% used [0x0000000756180000,0x0000000756180000,0x0000000785580000)
  from space 29184K, 99% used [0x0000000785580000,0x00000007871f8ff0,0x0000000787200000)
  to   space 35328K, 0% used [0x0000000789b80000,0x0000000789b80000,0x000000078be00000)
 ParOldGen       total 182784K, used 82266K [0x0000000682400000, 0x000000068d680000, 0x0000000756180000)
  object space 182784K, 45% used [0x0000000682400000,0x0000000687456a90,0x000000068d680000)
 Metaspace       used 34455K, capacity 35326K, committed 35496K, reserved 1081344K
  class space    used 3611K, capacity 3874K, committed 3888K, reserved 1048576K
Event: 81.382 GC heap after
Heap after GC invocations=39 (full 2):
 PSYoungGen      total 803328K, used 0K [0x0000000756180000, 0x000000078be00000, 0x00000007c0000000)
  eden space 774144K, 0% used [0x0000000756180000,0x0000000756180000,0x0000000785580000)
  from space 29184K, 0% used [0x0000000785580000,0x0000000785580000,0x0000000787200000)
  to   space 35328K, 0% used [0x0000000789b80000,0x0000000789b80000,0x000000078be00000)
 ParOldGen       total 303104K, used 53883K [0x0000000682400000, 0x0000000694c00000, 0x0000000756180000)
  object space 303104K, 17% used [0x0000000682400000,0x000000068589ec98,0x0000000694c00000)
 Metaspace       used 34455K, capacity 35326K, committed 35496K, reserved 1081344K
  class space    used 3611K, capacity 3874K, committed 3888K, reserved 1048576K
}

Deoptimization events (10 events):
Event: 88.522 Thread 0x000002878d15c000 Uncommon trap: reason=unstable_if action=reinterpret pc=0x00000287911c4b28 method=org.codehaus.groovy.antlr.parser.GroovyRecognizer.andExpression(I)V @ 39
Event: 88.660 Thread 0x000002878d15c000 Uncommon trap: reason=unstable_if action=reinterpret pc=0x000002879132059c method=org.codehaus.groovy.antlr.parser.GroovyRecognizer.classOrInterfaceType(Z)V @ 170
Event: 89.272 Thread 0x000002878d15c000 Uncommon trap: reason=unstable_if action=reinterpret pc=0x0000028791069ea4 method=org.codehaus.groovy.antlr.parser.GroovyRecognizer.argument()B @ 46
Event: 89.343 Thread 0x000002878d15c000 Uncommon trap: reason=unstable_if action=reinterpret pc=0x0000028790e98c04 method=org.codehaus.groovy.antlr.parser.GroovyLexer.mONE_NL(ZZ)V @ 23
Event: 89.346 Thread 0x000002878d15c000 Uncommon trap: reason=unstable_if action=reinterpret pc=0x00000287912b019c method=org.codehaus.groovy.antlr.parser.GroovyLexer.mNLS(Z)V @ 38
Event: 89.493 Thread 0x000002878d15c000 Uncommon trap: reason=unstable_if action=reinterpret pc=0x000002879153e1c4 method=org.codehaus.groovy.antlr.parser.GroovyLexer.nextToken()Lgroovyjarjarantlr/Token; @ 843
Event: 90.280 Thread 0x000002878d15c000 Uncommon trap: reason=unstable_if action=reinterpret pc=0x0000028791247ab4 method=org.codehaus.groovy.antlr.parser.GroovyRecognizer.shiftExpression(I)V @ 43
Event: 90.501 Thread 0x000002878d15c000 Uncommon trap: reason=unstable_if action=reinterpret pc=0x00000287914e5560 method=org.codehaus.groovy.antlr.parser.GroovyLexer.mIDENT(Z)V @ 304
Event: 91.058 Thread 0x000002878d15c000 Uncommon trap: reason=unstable_if action=reinterpret pc=0x00000287916a8bf0 method=org.codehaus.groovy.antlr.parser.GroovyRecognizer.declaratorBrackets(Lgroovyjarjarantlr/collections/AST;)V @ 107
Event: 91.069 Thread 0x000002878d15c000 Uncommon trap: reason=unstable_if action=reinterpret pc=0x00000287912d031c method=org.codehaus.groovy.antlr.parser.GroovyRecognizer.statement(I)V @ 2726

Classes redefined (0 events):
No events

Internal exceptions (10 events):
Event: 80.207 Thread 0x000002878d15c000 Exception <a 'java/security/PrivilegedActionException'> (0x000000076e0dda68) thrown at [C:\wsjdk\Corretto8Src\installers\windows\zip\corretto-build\buildRoot\hotspot\src\share\vm\prims\jvm.cpp, line 1514]
Event: 80.208 Thread 0x000002878d15c000 Exception <a 'java/security/PrivilegedActionException'> (0x000000076e0df110) thrown at [C:\wsjdk\Corretto8Src\installers\windows\zip\corretto-build\buildRoot\hotspot\src\share\vm\prims\jvm.cpp, line 1514]
Event: 80.208 Thread 0x000002878d15c000 Exception <a 'java/security/PrivilegedActionException'> (0x000000076e0df508) thrown at [C:\wsjdk\Corretto8Src\installers\windows\zip\corretto-build\buildRoot\hotspot\src\share\vm\prims\jvm.cpp, line 1514]
Event: 80.217 Thread 0x000002878d15c000 Exception <a 'java/security/PrivilegedActionException'> (0x000000076e186a28) thrown at [C:\wsjdk\Corretto8Src\installers\windows\zip\corretto-build\buildRoot\hotspot\src\share\vm\prims\jvm.cpp, line 1514]
Event: 80.217 Thread 0x000002878d15c000 Exception <a 'java/security/PrivilegedActionException'> (0x000000076e186e20) thrown at [C:\wsjdk\Corretto8Src\installers\windows\zip\corretto-build\buildRoot\hotspot\src\share\vm\prims\jvm.cpp, line 1514]
Event: 80.376 Thread 0x000002878d15c000 Exception <a 'java/lang/ClassNotFoundException': groovy/lang/ExpandoMetaClassBeanInfo> (0x000000076f3a56d8) thrown at [C:\wsjdk\Corretto8Src\installers\windows\zip\corretto-build\buildRoot\hotspot\src\share\vm\classfile\systemDictionary.cpp, line 217]
Event: 80.377 Thread 0x000002878d15c000 Exception <a 'java/lang/ClassNotFoundException': groovy/lang/MetaClassImplBeanInfo> (0x000000076f3e8b28) thrown at [C:\wsjdk\Corretto8Src\installers\windows\zip\corretto-build\buildRoot\hotspot\src\share\vm\classfile\systemDictionary.cpp, line 217]
Event: 80.378 Thread 0x000002878d15c000 Exception <a 'java/lang/ClassNotFoundException': groovy/lang/MetaClassImplCustomizer> (0x000000076f42f648) thrown at [C:\wsjdk\Corretto8Src\installers\windows\zip\corretto-build\buildRoot\hotspot\src\share\vm\classfile\systemDictionary.cpp, line 217]
Event: 80.380 Thread 0x000002878d15c000 Exception <a 'java/lang/ClassNotFoundException': groovy/lang/ExpandoMetaClassCustomizer> (0x000000076f49a550) thrown at [C:\wsjdk\Corretto8Src\installers\windows\zip\corretto-build\buildRoot\hotspot\src\share\vm\classfile\systemDictionary.cpp, line 217]
Event: 82.673 Thread 0x000002878d15c000 Implicit null exception at 0x0000028790d506c7 to 0x0000028790d50f1d

Events (10 events):
Event: 90.280 Thread 0x000002878d15c000 DEOPT UNPACKING pc=0x000002878ecb5583 sp=0x000000a2336fa130 mode 2
Event: 90.501 Thread 0x000002878d15c000 Uncommon trap: trap_request=0xffffff65 fr.pc=0x00000287914e5560
Event: 90.501 Thread 0x000002878d15c000 DEOPT PACKING pc=0x00000287914e5560 sp=0x000000a2336f9c40
Event: 90.501 Thread 0x000002878d15c000 DEOPT UNPACKING pc=0x000002878ecb5583 sp=0x000000a2336f9c08 mode 2
Event: 91.058 Thread 0x000002878d15c000 Uncommon trap: trap_request=0xffffff65 fr.pc=0x00000287916a8bf0
Event: 91.068 Thread 0x000002878d15c000 DEOPT PACKING pc=0x00000287916a8bf0 sp=0x000000a2336fa790
Event: 91.068 Thread 0x000002878d15c000 DEOPT UNPACKING pc=0x000002878ecb5583 sp=0x000000a2336fa778 mode 2
Event: 91.069 Thread 0x000002878d15c000 Uncommon trap: trap_request=0xffffff65 fr.pc=0x00000287912d031c
Event: 91.069 Thread 0x000002878d15c000 DEOPT PACKING pc=0x00000287912d031c sp=0x000000a2336fb440
Event: 91.069 Thread 0x000002878d15c000 DEOPT UNPACKING pc=0x000002878ecb5583 sp=0x000000a2336fb348 mode 2


Dynamic libraries:
0x00007ff7947b0000 - 0x00007ff7947f8000 	C:\Users\Lenovo\.jdks\corretto-1.8.0_482\bin\java.exe
0x00007ffdd0680000 - 0x00007ffdd08e7000 	C:\WINDOWS\SYSTEM32\ntdll.dll
0x00007ffdcfa00000 - 0x00007ffdcfac9000 	C:\WINDOWS\System32\KERNEL32.DLL
0x00007ffdcd400000 - 0x00007ffdcd7f1000 	C:\WINDOWS\System32\KERNELBASE.dll
0x00007ffdce690000 - 0x00007ffdce74b000 	C:\WINDOWS\System32\ADVAPI32.dll
0x00007ffdce590000 - 0x00007ffdce639000 	C:\WINDOWS\System32\msvcrt.dll
0x00007ffdcfcc0000 - 0x00007ffdcfd67000 	C:\WINDOWS\System32\sechost.dll
0x00007ffdce9b0000 - 0x00007ffdceac8000 	C:\WINDOWS\System32\RPCRT4.dll
0x00007ffdcf830000 - 0x00007ffdcf9f5000 	C:\WINDOWS\System32\USER32.dll
0x00007ffdcd0f0000 - 0x00007ffdcd117000 	C:\WINDOWS\System32\win32u.dll
0x00007ffdcfc90000 - 0x00007ffdcfcbb000 	C:\WINDOWS\System32\GDI32.dll
0x00007ffdccf30000 - 0x00007ffdcd05b000 	C:\WINDOWS\System32\gdi32full.dll
0x00007ffdcd350000 - 0x00007ffdcd3f3000 	C:\WINDOWS\System32\msvcp_win.dll
0x00007ffdcd800000 - 0x00007ffdcd94b000 	C:\WINDOWS\System32\ucrtbase.dll
0x00007ffdbac30000 - 0x00007ffdbaec3000 	C:\WINDOWS\WinSxS\amd64_microsoft.windows.common-controls_6595b64144ccf1df_6.0.26100.8037_none_3e092faae333b53b\COMCTL32.dll
0x00007ffdce650000 - 0x00007ffdce681000 	C:\WINDOWS\System32\IMM32.DLL
0x00007ffdc7930000 - 0x00007ffdc7945000 	C:\Users\Lenovo\.jdks\corretto-1.8.0_482\jre\bin\vcruntime140.dll
0x00007ffdb36b0000 - 0x00007ffdb374b000 	C:\Users\Lenovo\.jdks\corretto-1.8.0_482\jre\bin\msvcp140.dll
0x0000000058ed0000 - 0x000000005972c000 	C:\Users\Lenovo\.jdks\corretto-1.8.0_482\jre\bin\server\jvm.dll
0x00007ffdce640000 - 0x00007ffdce648000 	C:\WINDOWS\System32\PSAPI.DLL
0x00007ffda9950000 - 0x00007ffda995a000 	C:\WINDOWS\SYSTEM32\WSOCK32.dll
0x00007ffdc5100000 - 0x00007ffdc510b000 	C:\WINDOWS\SYSTEM32\VERSION.dll
0x00007ffdc4830000 - 0x00007ffdc4865000 	C:\WINDOWS\SYSTEM32\WINMM.dll
0x00007ffdcfb50000 - 0x00007ffdcfbc4000 	C:\WINDOWS\System32\WS2_32.dll
0x00007ffdcbdb0000 - 0x00007ffdcbdcb000 	C:\WINDOWS\SYSTEM32\kernel.appcore.dll
0x00007ffdc5b70000 - 0x00007ffdc5b80000 	C:\Users\Lenovo\.jdks\corretto-1.8.0_482\jre\bin\verify.dll
0x00007ffdc49e0000 - 0x00007ffdc4a0b000 	C:\Users\Lenovo\.jdks\corretto-1.8.0_482\jre\bin\java.dll
0x00007ffdc5b40000 - 0x00007ffdc5b58000 	C:\Users\Lenovo\.jdks\corretto-1.8.0_482\jre\bin\zip.dll
0x00007ffdcfea0000 - 0x00007ffdd05ff000 	C:\WINDOWS\System32\SHELL32.dll
0x00007ffdce280000 - 0x00007ffdce3ea000 	C:\WINDOWS\System32\wintypes.dll
0x00007ffdceb00000 - 0x00007ffdcee82000 	C:\WINDOWS\System32\combase.dll
0x00007ffdcd950000 - 0x00007ffdce1b4000 	C:\WINDOWS\System32\windows.storage.dll
0x00007ffdce8b0000 - 0x00007ffdce9a7000 	C:\WINDOWS\System32\SHCORE.dll
0x00007ffdcf6f0000 - 0x00007ffdcf757000 	C:\WINDOWS\System32\shlwapi.dll
0x00007ffdcce50000 - 0x00007ffdcce79000 	C:\WINDOWS\SYSTEM32\profapi.dll
0x00007ffdcc640000 - 0x00007ffdcc65b000 	C:\WINDOWS\SYSTEM32\CRYPTSP.dll
0x00007ffdcbd10000 - 0x00007ffdcbd49000 	C:\WINDOWS\system32\rsaenh.dll
0x00007ffdcc400000 - 0x00007ffdcc432000 	C:\WINDOWS\SYSTEM32\USERENV.dll
0x00007ffdcce20000 - 0x00007ffdcce4a000 	C:\WINDOWS\SYSTEM32\bcrypt.dll
0x00007ffdcd120000 - 0x00007ffdcd1c5000 	C:\WINDOWS\System32\bcryptprimitives.dll
0x00007ffdcc630000 - 0x00007ffdcc63c000 	C:\WINDOWS\SYSTEM32\CRYPTBASE.dll
0x00007ffdc5b10000 - 0x00007ffdc5b2c000 	C:\Users\Lenovo\.jdks\corretto-1.8.0_482\jre\bin\net.dll
0x00007ffdcc350000 - 0x00007ffdcc3bb000 	C:\WINDOWS\system32\mswsock.dll
0x00007ffdcb750000 - 0x00007ffdcb783000 	C:\WINDOWS\SYSTEM32\IPHLPAPI.DLL
0x00007ffdcee90000 - 0x00007ffdcee9a000 	C:\WINDOWS\System32\NSI.dll
0x00007ffdc5e40000 - 0x00007ffdc5e5d000 	C:\WINDOWS\SYSTEM32\dhcpcsvc6.DLL
0x00007ffdc5e10000 - 0x00007ffdc5e33000 	C:\WINDOWS\SYSTEM32\dhcpcsvc.DLL
0x00007ffdcb7f0000 - 0x00007ffdcb91a000 	C:\WINDOWS\SYSTEM32\DNSAPI.dll
0x00007ffdc4550000 - 0x00007ffdc4563000 	C:\Users\Lenovo\.jdks\corretto-1.8.0_482\jre\bin\nio.dll
0x00007ffdbd100000 - 0x00007ffdbd10a000 	C:\Users\Lenovo\AppData\Local\Temp\jansi-1.17.1-1112382906809567633.dll

VM Arguments:
jvm_args: -Dmaven.multiModuleProjectDirectory=D:\WorkSpacee\api_tichhop 
java_command: org.apache.maven.wrapper.MavenWrapperMain -Didea.version=2025.2.5 -Dmaven.ext.class.path=D:\jetbrain\IntelliJ IDEA 2025.2.3\plugins\maven\lib\maven-event-listener.jar -Djansi.passthrough=true -Dstyle.color=always -Dmaven.repo.local=C:\Users\Lenovo\.m2\repository install -f pom.xml
java_class_path (initial): D:\WorkSpacee\api_tichhop\.mvn\wrapper\maven-wrapper.jar
Launcher Type: SUN_STANDARD

Environment Variables:
JAVA_HOME=C:\Users\Lenovo\.jdks\corretto-1.8.0_482
PATH=D:\app\oracle\product\19c\dbhome1\bin;C:\Users\Lenovo\Downloads\WINDOWS.X64_213000_db_home\bin;C:\Program Files (x86)\VMware\VMware Workstation\bin\;C:\WINDOWS\system32;C:\WINDOWS;C:\WINDOWS\System32\Wbem;C:\WINDOWS\System32\WindowsPowerShell\v1.0\;C:\WINDOWS\System32\OpenSSH\;C:\Program Files\Microsoft SQL Server\Client SDK\ODBC\170\Tools\Binn\;C:\Program Files (x86)\Microsoft SQL Server\150\Tools\Binn\;C:\Program Files\Microsoft SQL Server\150\Tools\Binn\;C:\Program Files\Microsoft SQL Server\150\DTS\Binn\;C:\Program Files\Git\cmd;C:\Program Files\Calibre2\;C:\ProgramData\chocolatey\bin;C:\Users\Lenovo\AppData\Local\Android\Sdk\platform-tools;C:\Users\Lenovo\AppData\Roaming\nvm;C:\Program Files\nodejs;C:\Users\Lenovo\AppData\Roaming\npm\;C:\Users\Lenovo\AppData\Roaming;D:\OpenSSL-Win64\bin;C:\Users\Lenovo\Downloads\watchman-v2024.12.09.00-windows\watchman-v2024.12.09.00-windows\bin;C:\WINDOWS\system32;C:\WINDOWS;C:\WINDOWS\System32\Wbem;C:\WINDOWS\System32\WindowsPowerShell\v1.0\;C:\WINDOWS\System32\OpenSSH\;C:\Program Files (x86)\Windows Kits\10\Windows Performance Toolkit\;C:\Program Files\dotnet\;C:\Program Files\GitHub CLI\;C:\Users\Lenovo\AppData\Local\Programs\Python\Python312\Scripts\;C:\Users\Lenovo\AppData\Local\Programs\Python\Python312\;C:\Users\Lenovo\AppData\Local\Programs\Python\Python313\Scripts\;C:\Users\Lenovo\AppData\Local\Programs\Python\Python313\;d:\cursor\resources\app\codeBin;C:\Users\Lenovo\AppData\Local\Microsoft\WindowsApps;C:\Users\Lenovo\AppData\Local\Programs\Microsoft VS Code\bin;C:\Program Files\Azure Data Studio\bin;C:\Program Files\MongoDB\Server\6.0\bin\;C:\Program Files\MongoDB\mongosh-1.9.0-win32-x64\bin;C:\Users\Lenovo\AppData\Local\Android\Sdk\platform-tools;C:\Users\Lenovo\AppData\Roaming\nvm;C:\Program Files\nodejs;C:\Program Files (x86)\OpenSSL-Win64\bin;D:\WorkSpacee\Antigravity\Antigravity\bin
USERNAME=Lenovo
OS=Windows_NT
PROCESSOR_IDENTIFIER=AMD64 Family 25 Model 80 Stepping 0, AuthenticAMD



---------------  S Y S T E M  ---------------

OS: Windows 11 , 64 bit Build 26100 (10.0.26100.7920)

CPU:total 16 (initial active 16) (16 cores per cpu, 1 threads per core) family 25 model 80 stepping 0, cmov, cx8, fxsr, mmx, sse, sse2, sse3, ssse3, sse4.1, sse4.2, popcnt, avx, avx2, aes, clmul, erms, mmxext, 3dnowpref, lzcnt, sse4a, tsc, tscinvbit, tscinv, bmi1

Memory: 4k page, physical 20820028k(832996k free), swap 42123576k(16k free)

vm_info: OpenJDK 64-Bit Server VM (25.482-b08) for windows-amd64 JRE (1.8.0_482-b08), built on Jan 17 2026 00:50:04 by "Administrator" with MS VC++ 15.9 (VS2017)

time: Mon Apr 27 13:14:29 2026
timezone: SE Asia Standard Time
elapsed time: 92.441638 seconds (0d 0h 1m 32s)

