#
# There is insufficient memory for the Java Runtime Environment to continue.
# Native memory allocation (malloc) failed to allocate 1168736 bytes for Chunk::new
# Possible reasons:
#   The system is out of physical RAM or swap space
#   The process is running with CompressedOops enabled, and the Java Heap may be blocking the growth of the native heap
# Possible solutions:
#   Reduce memory load on the system
#   Increase physical memory or swap space
#   Check if swap backing store is full
#   Decrease Java heap size (-Xmx/-Xms)
#   Decrease number of Java threads
#   Decrease Java thread stack sizes (-Xss)
#   Set larger code cache with -XX:ReservedCodeCacheSize=
#   JVM is running with Zero Based Compressed Oops mode in which the Java heap is
#     placed in the first 32GB address space. The Java Heap base address is the
#     maximum limit for the native heap growth. Please use -XX:HeapBaseMinAddress
#     to set the Java Heap base and to place the Java Heap above 32GB virtual address.
# This output file may be truncated or incomplete.
#
#  Out of Memory Error (allocation.cpp:389), pid=19220, tid=0x000000000000482c
#
# JRE version: OpenJDK Runtime Environment (8.0_482-b08) (build 1.8.0_482-b08)
# Java VM: OpenJDK 64-Bit Server VM (25.482-b08 mixed mode windows-amd64 compressed oops)
# Failed to write core dump. Minidumps are not enabled by default on client versions of Windows
#

---------------  T H R E A D  ---------------

Current thread (0x000001b990d27800):  JavaThread "C2 CompilerThread4" daemon [_thread_in_native, id=18476, stack(0x00000096ca600000,0x00000096ca700000)]

Stack: [0x00000096ca600000,0x00000096ca700000]
[error occurred during error reporting (printing stack bounds), id 0xc0000005]

Native frames: (J=compiled Java code, j=interpreted, Vv=VM code, C=native code)


Current CompileTask:
C2: 127110 12157       4       groovyjarjarasm.asm.Frame::execute (2318 bytes)


---------------  P R O C E S S  ---------------

Java Threads: ( => current thread )
  0x000001b990de9000 JavaThread "Service Thread" daemon [_thread_blocked, id=23084, stack(0x00000096cae00000,0x00000096caf00000)]
  0x000001b990d87000 JavaThread "C1 CompilerThread11" daemon [_thread_blocked, id=29128, stack(0x00000096cad00000,0x00000096cae00000)]
  0x000001b990d88800 JavaThread "C1 CompilerThread10" daemon [_thread_blocked, id=3208, stack(0x00000096cac00000,0x00000096cad00000)]
  0x000001b990d85800 JavaThread "C1 CompilerThread9" daemon [_thread_blocked, id=27644, stack(0x00000096cab00000,0x00000096cac00000)]
  0x000001b990d84800 JavaThread "C1 CompilerThread8" daemon [_thread_blocked, id=5400, stack(0x00000096caa00000,0x00000096cab00000)]
  0x000001b990d6c000 JavaThread "C2 CompilerThread7" daemon [_thread_in_native, id=32372, stack(0x00000096ca900000,0x00000096caa00000)]
  0x000001b990d39000 JavaThread "C2 CompilerThread6" daemon [_thread_in_native, id=7596, stack(0x00000096ca800000,0x00000096ca900000)]
  0x000001b990d2a800 JavaThread "C2 CompilerThread5" daemon [_thread_in_native, id=30408, stack(0x00000096ca700000,0x00000096ca800000)]
=>0x000001b990d27800 JavaThread "C2 CompilerThread4" daemon [_thread_in_native, id=18476, stack(0x00000096ca600000,0x00000096ca700000)]
  0x000001b990d25000 JavaThread "C2 CompilerThread3" daemon [_thread_in_vm, id=22356, stack(0x00000096ca500000,0x00000096ca600000)]
  0x000001b990d1e000 JavaThread "C2 CompilerThread2" daemon [_thread_in_native, id=31284, stack(0x00000096ca400000,0x00000096ca500000)]
  0x000001b990d1d000 JavaThread "C2 CompilerThread1" daemon [_thread_in_native, id=28580, stack(0x00000096ca300000,0x00000096ca400000)]
  0x000001b990d1b800 JavaThread "C2 CompilerThread0" daemon [_thread_in_native, id=2936, stack(0x00000096ca200000,0x00000096ca300000)]
  0x000001b990d17800 JavaThread "Attach Listener" daemon [_thread_blocked, id=12316, stack(0x00000096ca100000,0x00000096ca200000)]
  0x000001b990d12800 JavaThread "Signal Dispatcher" daemon [_thread_blocked, id=21968, stack(0x00000096ca000000,0x00000096ca100000)]
  0x000001b990ce6000 JavaThread "Finalizer" daemon [_thread_blocked, id=31892, stack(0x00000096c9f00000,0x00000096ca000000)]
  0x000001b9fefca000 JavaThread "Reference Handler" daemon [_thread_blocked, id=22368, stack(0x00000096c9e00000,0x00000096c9f00000)]
  0x000001b9f0c3c000 JavaThread "main" [_thread_in_Java, id=27176, stack(0x00000096c8f00000,0x00000096c9000000)]

Other Threads:
  0x000001b9fefa2800 VMThread [stack: 0x00000096c9d00000,0x00000096c9e00000] [id=20744]
  0x000001b990deb000 WatcherThread [stack: 0x00000096caf00000,0x00000096cb000000] [id=1872]

VM state:not at safepoint (normal execution)

VM Mutex/Monitor currently owned by a thread:  ([mutex/lock_event])
[0x000001b9f0c38ca0] CompiledIC_lock - owner thread: 0x000001b990d25000
[0x000001b9f0c37a20] PeriodicTask_lock - owner thread: 0x000001b990deb000

heap address: 0x0000000682400000, size: 5084 MB, Compressed Oops mode: Zero based, Oop shift amount: 3
Narrow klass base: 0x0000000000000000, Narrow klass shift: 3
Compressed class space size: 1073741824 Address: 0x00000007c0000000

Heap:
 PSYoungGen      total 1288704K, used 301330K [0x0000000756180000, 0x00000007ab700000, 0x00000007c0000000)
  eden space 1229824K, 19% used [0x0000000756180000,0x0000000764e46358,0x00000007a1280000)
  from space 58880K, 99% used [0x00000007a5e00000,0x00000007a977e720,0x00000007a9780000)
  to   space 77312K, 0% used [0x00000007a1280000,0x00000007a1280000,0x00000007a5e00000)
 ParOldGen       total 246272K, used 81685K [0x0000000682400000, 0x0000000691480000, 0x0000000756180000)
  object space 246272K, 33% used [0x0000000682400000,0x00000006873c5618,0x0000000691480000)
 Metaspace       used 39821K, capacity 40786K, committed 40880K, reserved 1085440K
  class space    used 3974K, capacity 4272K, committed 4272K, reserved 1048576K

Card table byte_map: [0x000001b9f2b00000,0x000001b9f34f0000] byte_map_base: 0x000001b9ef6ee000

Marking Bits: (ParMarkBitMap*) 0x00000000596b2900
 Begin Bits: [0x000001b9f3b90000, 0x000001b9f8b00000)
 End Bits:   [0x000001b9f8b00000, 0x000001b9fda70000)

Polling page: 0x000001b9f0ee0000

CodeCache: size=245760Kb used=50569Kb max_used=50695Kb free=195190Kb
 bounds [0x000001b980000000, 0x000001b9831d0000, 0x000001b98f000000]
 total_blobs=9427 nmethods=8864 adapters=471
 compilation: enabled

Compilation events (10 events):
Event: 126.181 Thread 0x000001b990d1d000 12182       4       org.codehaus.groovy.classgen.AsmClassGenerator::visitDeclarationExpression (47 bytes)
Event: 126.187 Thread 0x000001b990d84800 12183       3       org.codehaus.groovy.ast.ClassNode::setUnresolvedSuperClass (6 bytes)
Event: 126.187 Thread 0x000001b990d84800 nmethod 12183 0x000001b980811010 code [0x000001b980811160, 0x000001b9808112d8]
Event: 126.221 Thread 0x000001b990d88800 12186       1       org.codehaus.groovy.ast.tools.WideningCategories$LowestUpperBoundClassNode::getText (5 bytes)
Event: 126.221 Thread 0x000001b990d88800 nmethod 12186 0x000001b982e9cb50 code [0x000001b982e9cca0, 0x000001b982e9cdb8]
Event: 126.248 Thread 0x000001b990d85800 12187       3       org.codehaus.groovy.classgen.Verifier::getImplicitThis$0StmtIfInnerClass (134 bytes)
Event: 126.248 Thread 0x000001b990d85800 nmethod 12187 0x000001b980798510 code [0x000001b980798760, 0x000001b980799780]
Event: 126.259 Thread 0x000001b990d87000 12189       3       org.codehaus.groovy.classgen.asm.MethodCallerMultiAdapter::numberOfBaseMethods (11 bytes)
Event: 126.259 Thread 0x000001b990d84800 12190       3       org.codehaus.groovy.classgen.asm.InvocationWriter::makeUncachedCall (320 bytes)
Event: 126.259 Thread 0x000001b990d88800 12191       3       org.codehaus.groovy.classgen.asm.MethodCallerMultiAdapter::call (77 bytes)

GC Heap History (10 events):
Event: 80.577 GC heap before
{Heap before GC invocations=36 (full 2):
 PSYoungGen      total 1024512K, used 29178K [0x0000000756180000, 0x0000000798e00000, 0x00000007c0000000)
  eden space 992256K, 0% used [0x0000000756180000,0x0000000756180000,0x0000000792a80000)
  from space 32256K, 90% used [0x0000000794e00000,0x0000000796a7eb80,0x0000000796d80000)
  to   space 36352K, 0% used [0x0000000792a80000,0x0000000792a80000,0x0000000794e00000)
 ParOldGen       total 173056K, used 83005K [0x0000000682400000, 0x000000068cd00000, 0x0000000756180000)
  object space 173056K, 47% used [0x0000000682400000,0x000000068750f6f0,0x000000068cd00000)
 Metaspace       used 34437K, capacity 35326K, committed 35496K, reserved 1081344K
  class space    used 3610K, capacity 3874K, committed 3888K, reserved 1048576K
Event: 80.868 GC heap after
Heap after GC invocations=36 (full 2):
 PSYoungGen      total 1024512K, used 0K [0x0000000756180000, 0x0000000798e00000, 0x00000007c0000000)
  eden space 992256K, 0% used [0x0000000756180000,0x0000000756180000,0x0000000792a80000)
  from space 32256K, 0% used [0x0000000794e00000,0x0000000794e00000,0x0000000796d80000)
  to   space 36352K, 0% used [0x0000000792a80000,0x0000000792a80000,0x0000000794e00000)
 ParOldGen       total 246272K, used 50431K [0x0000000682400000, 0x0000000691480000, 0x0000000756180000)
  object space 246272K, 20% used [0x0000000682400000,0x000000068553fc40,0x0000000691480000)
 Metaspace       used 34437K, capacity 35326K, committed 35496K, reserved 1081344K
  class space    used 3610K, capacity 3874K, committed 3888K, reserved 1048576K
}
Event: 98.018 GC heap before
{Heap before GC invocations=37 (full 2):
 PSYoungGen      total 1024512K, used 992256K [0x0000000756180000, 0x0000000798e00000, 0x00000007c0000000)
  eden space 992256K, 100% used [0x0000000756180000,0x0000000792a80000,0x0000000792a80000)
  from space 32256K, 0% used [0x0000000794e00000,0x0000000794e00000,0x0000000796d80000)
  to   space 36352K, 0% used [0x0000000792a80000,0x0000000792a80000,0x0000000794e00000)
 ParOldGen       total 246272K, used 50431K [0x0000000682400000, 0x0000000691480000, 0x0000000756180000)
  object space 246272K, 20% used [0x0000000682400000,0x000000068553fc40,0x0000000691480000)
 Metaspace       used 36033K, capacity 36970K, committed 37296K, reserved 1083392K
  class space    used 3707K, capacity 3972K, committed 4016K, reserved 1048576K
Event: 98.067 GC heap after
Heap after GC invocations=37 (full 2):
 PSYoungGen      total 1028608K, used 36320K [0x0000000756180000, 0x00000007a0280000, 0x00000007c0000000)
  eden space 992256K, 0% used [0x0000000756180000,0x0000000756180000,0x0000000792a80000)
  from space 36352K, 99% used [0x0000000792a80000,0x0000000794df8130,0x0000000794e00000)
  to   space 45056K, 0% used [0x000000079d680000,0x000000079d680000,0x00000007a0280000)
 ParOldGen       total 246272K, used 57669K [0x0000000682400000, 0x0000000691480000, 0x0000000756180000)
  object space 246272K, 23% used [0x0000000682400000,0x0000000685c51558,0x0000000691480000)
 Metaspace       used 36033K, capacity 36970K, committed 37296K, reserved 1083392K
  class space    used 3707K, capacity 3972K, committed 4016K, reserved 1048576K
}
Event: 105.779 GC heap before
{Heap before GC invocations=38 (full 2):
 PSYoungGen      total 1028608K, used 1028576K [0x0000000756180000, 0x00000007a0280000, 0x00000007c0000000)
  eden space 992256K, 100% used [0x0000000756180000,0x0000000792a80000,0x0000000792a80000)
  from space 36352K, 99% used [0x0000000792a80000,0x0000000794df8130,0x0000000794e00000)
  to   space 45056K, 0% used [0x000000079d680000,0x000000079d680000,0x00000007a0280000)
 ParOldGen       total 246272K, used 57669K [0x0000000682400000, 0x0000000691480000, 0x0000000756180000)
  object space 246272K, 23% used [0x0000000682400000,0x0000000685c51558,0x0000000691480000)
 Metaspace       used 36141K, capacity 37078K, committed 37296K, reserved 1083392K
  class space    used 3723K, capacity 4006K, committed 4016K, reserved 1048576K
Event: 105.825 GC heap after
Heap after GC invocations=38 (full 2):
 PSYoungGen      total 1161216K, used 43986K [0x0000000756180000, 0x00000007a0a80000, 0x00000007c0000000)
  eden space 1116160K, 0% used [0x0000000756180000,0x0000000756180000,0x000000079a380000)
  from space 45056K, 97% used [0x000000079d680000,0x00000007a0174a30,0x00000007a0280000)
  to   space 52224K, 0% used [0x000000079a380000,0x000000079a380000,0x000000079d680000)
 ParOldGen       total 246272K, used 57669K [0x0000000682400000, 0x0000000691480000, 0x0000000756180000)
  object space 246272K, 23% used [0x0000000682400000,0x0000000685c51558,0x0000000691480000)
 Metaspace       used 36141K, capacity 37078K, committed 37296K, reserved 1083392K
  class space    used 3723K, capacity 4006K, committed 4016K, reserved 1048576K
}
Event: 112.164 GC heap before
{Heap before GC invocations=39 (full 2):
 PSYoungGen      total 1161216K, used 1160146K [0x0000000756180000, 0x00000007a0a80000, 0x00000007c0000000)
  eden space 1116160K, 100% used [0x0000000756180000,0x000000079a380000,0x000000079a380000)
  from space 45056K, 97% used [0x000000079d680000,0x00000007a0174a30,0x00000007a0280000)
  to   space 52224K, 0% used [0x000000079a380000,0x000000079a380000,0x000000079d680000)
 ParOldGen       total 246272K, used 57669K [0x0000000682400000, 0x0000000691480000, 0x0000000756180000)
  object space 246272K, 23% used [0x0000000682400000,0x0000000685c51558,0x0000000691480000)
 Metaspace       used 36152K, capacity 37078K, committed 37296K, reserved 1083392K
  class space    used 3724K, capacity 4006K, committed 4016K, reserved 1048576K
Event: 113.161 GC heap after
Heap after GC invocations=39 (full 2):
 PSYoungGen      total 1168384K, used 46450K [0x0000000756180000, 0x00000007a9780000, 0x00000007c0000000)
  eden space 1116160K, 0% used [0x0000000756180000,0x0000000756180000,0x000000079a380000)
  from space 52224K, 88% used [0x000000079a380000,0x000000079d0dc838,0x000000079d680000)
  to   space 58880K, 0% used [0x00000007a5e00000,0x00000007a5e00000,0x00000007a9780000)
 ParOldGen       total 246272K, used 57677K [0x0000000682400000, 0x0000000691480000, 0x0000000756180000)
  object space 246272K, 23% used [0x0000000682400000,0x0000000685c53558,0x0000000691480000)
 Metaspace       used 36152K, capacity 37078K, committed 37296K, reserved 1083392K
  class space    used 3724K, capacity 4006K, committed 4016K, reserved 1048576K
}
Event: 124.380 GC heap before
{Heap before GC invocations=40 (full 2):
 PSYoungGen      total 1168384K, used 1162610K [0x0000000756180000, 0x00000007a9780000, 0x00000007c0000000)
  eden space 1116160K, 100% used [0x0000000756180000,0x000000079a380000,0x000000079a380000)
  from space 52224K, 88% used [0x000000079a380000,0x000000079d0dc838,0x000000079d680000)
  to   space 58880K, 0% used [0x00000007a5e00000,0x00000007a5e00000,0x00000007a9780000)
 ParOldGen       total 246272K, used 57677K [0x0000000682400000, 0x0000000691480000, 0x0000000756180000)
  object space 246272K, 23% used [0x0000000682400000,0x0000000685c53558,0x0000000691480000)
 Metaspace       used 39743K, capacity 40722K, committed 40880K, reserved 1085440K
  class space    used 3970K, capacity 4272K, committed 4272K, reserved 1048576K
Event: 124.449 GC heap after
Heap after GC invocations=40 (full 2):
 PSYoungGen      total 1288704K, used 58873K [0x0000000756180000, 0x00000007ab700000, 0x00000007c0000000)
  eden space 1229824K, 0% used [0x0000000756180000,0x0000000756180000,0x00000007a1280000)
  from space 58880K, 99% used [0x00000007a5e00000,0x00000007a977e720,0x00000007a9780000)
  to   space 77312K, 0% used [0x00000007a1280000,0x00000007a1280000,0x00000007a5e00000)
 ParOldGen       total 246272K, used 81685K [0x0000000682400000, 0x0000000691480000, 0x0000000756180000)
  object space 246272K, 33% used [0x0000000682400000,0x00000006873c5618,0x0000000691480000)
 Metaspace       used 39743K, capacity 40722K, committed 40880K, reserved 1085440K
  class space    used 3970K, capacity 4272K, committed 4272K, reserved 1048576K
}

Deoptimization events (10 events):
Event: 125.802 Thread 0x000001b9f0c3c000 Uncommon trap: reason=unstable_if action=reinterpret pc=0x000001b982599e54 method=groovyjarjarasm.asm.Frame.execute(IILgroovyjarjarasm/asm/Symbol;Lgroovyjarjarasm/asm/SymbolTable;)V @ 2191
Event: 125.802 Thread 0x000001b9f0c3c000 Uncommon trap: reason=unstable_if action=reinterpret pc=0x000001b982f4ba7c method=groovyjarjarasm.asm.Frame.getAbstractTypeFromDescriptor(Lgroovyjarjarasm/asm/SymbolTable;Ljava/lang/String;I)I @ 174
Event: 125.938 Thread 0x000001b9f0c3c000 Uncommon trap: reason=class_check action=maybe_recompile pc=0x000001b98307aefc method=org.codehaus.groovy.ast.CodeVisitorSupport.visitCatchStatement(Lorg/codehaus/groovy/ast/stmt/CatchStatement;)V @ 5
Event: 125.938 Thread 0x000001b9f0c3c000 Uncommon trap: reason=class_check action=maybe_recompile pc=0x000001b982938390 method=org.codehaus.groovy.ast.CodeVisitorSupport.visitCatchStatement(Lorg/codehaus/groovy/ast/stmt/CatchStatement;)V @ 5
Event: 125.938 Thread 0x000001b9f0c3c000 Uncommon trap: reason=class_check action=maybe_recompile pc=0x000001b982938390 method=org.codehaus.groovy.ast.CodeVisitorSupport.visitCatchStatement(Lorg/codehaus/groovy/ast/stmt/CatchStatement;)V @ 5
Event: 125.938 Thread 0x000001b9f0c3c000 Uncommon trap: reason=class_check action=maybe_recompile pc=0x000001b982938390 method=org.codehaus.groovy.ast.CodeVisitorSupport.visitCatchStatement(Lorg/codehaus/groovy/ast/stmt/CatchStatement;)V @ 5
Event: 125.939 Thread 0x000001b9f0c3c000 Uncommon trap: reason=class_check action=maybe_recompile pc=0x000001b98307aefc method=org.codehaus.groovy.ast.CodeVisitorSupport.visitCatchStatement(Lorg/codehaus/groovy/ast/stmt/CatchStatement;)V @ 5
Event: 125.940 Thread 0x000001b9f0c3c000 Uncommon trap: reason=unstable_if action=reinterpret pc=0x000001b9824ead28 method=groovyjarjarasm.asm.MethodWriter.visitInsn(I)V @ 24
Event: 125.962 Thread 0x000001b9f0c3c000 Uncommon trap: reason=unstable_if action=reinterpret pc=0x000001b9831a7f88 method=org.codehaus.groovy.classgen.ReturnAdder.addReturnsIfNeeded(Lorg/codehaus/groovy/ast/stmt/Statement;Lorg/codehaus/groovy/ast/VariableScope;)Lorg/codehaus/groovy/ast/stmt/Sta
Event: 126.226 Thread 0x000001b9f0c3c000 Uncommon trap: reason=bimorphic action=maybe_recompile pc=0x000001b982fa55c8 method=org.codehaus.groovy.ast.tools.WideningCategories.implementsInterfaceOrSubclassOf(Lorg/codehaus/groovy/ast/ClassNode;Lorg/codehaus/groovy/ast/ClassNode;)Z @ 2

Classes redefined (0 events):
No events

Internal exceptions (10 events):
Event: 120.615 Thread 0x000001b9f0c3c000 Exception <a 'java/lang/ClassNotFoundException': groovy/lang/GroovyObjectSupportCustomizer> (0x000000077c6b9448) thrown at [C:\wsjdk\Corretto8Src\installers\windows\zip\corretto-build\buildRoot\hotspot\src\share\vm\classfile\systemDictionary.cpp, line 217
Event: 120.617 Thread 0x000001b9f0c3c000 Exception <a 'java/lang/ClassNotFoundException': groovy/lang/ReferenceCustomizer> (0x000000077c6fd360) thrown at [C:\wsjdk\Corretto8Src\installers\windows\zip\corretto-build\buildRoot\hotspot\src\share\vm\classfile\systemDictionary.cpp, line 217]
Event: 121.593 Thread 0x000001b9f0c3c000 Implicit null exception at 0x000001b9829fe7d5 to 0x000001b9829fe8f5
Event: 121.733 Thread 0x000001b9f0c3c000 Implicit null exception at 0x000001b982489515 to 0x000001b982489a5d
Event: 121.734 Thread 0x000001b9f0c3c000 Implicit null exception at 0x000001b982cf9b74 to 0x000001b982cfa821
Event: 121.997 Thread 0x000001b9f0c3c000 Implicit null exception at 0x000001b98238dfe4 to 0x000001b98238e369
Event: 124.133 Thread 0x000001b9f0c3c000 Implicit null exception at 0x000001b981b564d3 to 0x000001b981b56b7d
Event: 124.142 Thread 0x000001b9f0c3c000 Implicit null exception at 0x000001b982cfc6f0 to 0x000001b982cfc7a1
Event: 125.452 Thread 0x000001b9f0c3c000 Implicit null exception at 0x000001b98316c716 to 0x000001b983171481
Event: 125.940 Thread 0x000001b9f0c3c000 Implicit null exception at 0x000001b9824eabca to 0x000001b9824ead19

Events (10 events):
Event: 126.188 Thread 0x000001b990d84800 flushing nmethod 0x000001b9813c4ed0
Event: 126.221 Thread 0x000001b990d88800 flushing nmethod 0x000001b98157a350
Event: 126.222 Thread 0x000001b990d88800 flushing nmethod 0x000001b9817a5e50
Event: 126.223 Thread 0x000001b990d88800 flushing nmethod 0x000001b98194cf50
Event: 126.226 Thread 0x000001b9f0c3c000 Uncommon trap: trap_request=0xffffffc6 fr.pc=0x000001b982fa55c8
Event: 126.226 Thread 0x000001b9f0c3c000 DEOPT PACKING pc=0x000001b982fa55c8 sp=0x00000096c8ffbb00
Event: 126.226 Thread 0x000001b9f0c3c000 DEOPT UNPACKING pc=0x000001b980045583 sp=0x00000096c8ffb9f8 mode 2
Event: 126.249 Thread 0x000001b990d85800 flushing nmethod 0x000001b981aacc90
Event: 126.249 Thread 0x000001b990d85800 flushing nmethod 0x000001b981af0e10
Event: 126.249 Thread 0x000001b990d85800 flushing nmethod 0x000001b981b14810


Dynamic libraries:
0x00007ff7947b0000 - 0x00007ff7947f8000 	C:\Users\Lenovo\.jdks\corretto-1.8.0_482\bin\java.exe
0x00007ffdd0680000 - 0x00007ffdd08e7000 	C:\WINDOWS\SYSTEM32\ntdll.dll
0x00007ffdcfa00000 - 0x00007ffdcfac9000 	C:\WINDOWS\System32\KERNEL32.DLL
0x00007ffdcd400000 - 0x00007ffdcd7f1000 	C:\WINDOWS\System32\KERNELBASE.dll
0x00007ffdce690000 - 0x00007ffdce74b000 	C:\WINDOWS\System32\ADVAPI32.dll
0x00007ffdce590000 - 0x00007ffdce639000 	C:\WINDOWS\System32\msvcrt.dll
0x00007ffdcfcc0000 - 0x00007ffdcfd67000 	C:\WINDOWS\System32\sechost.dll
0x00007ffdce9b0000 - 0x00007ffdceac8000 	C:\WINDOWS\System32\RPCRT4.dll
0x00007ffdcf830000 - 0x00007ffdcf9f5000 	C:\WINDOWS\System32\USER32.dll
0x00007ffdcd0f0000 - 0x00007ffdcd117000 	C:\WINDOWS\System32\win32u.dll
0x00007ffdcfc90000 - 0x00007ffdcfcbb000 	C:\WINDOWS\System32\GDI32.dll
0x00007ffdccf30000 - 0x00007ffdcd05b000 	C:\WINDOWS\System32\gdi32full.dll
0x00007ffdcd350000 - 0x00007ffdcd3f3000 	C:\WINDOWS\System32\msvcp_win.dll
0x00007ffdcd800000 - 0x00007ffdcd94b000 	C:\WINDOWS\System32\ucrtbase.dll
0x00007ffdbac30000 - 0x00007ffdbaec3000 	C:\WINDOWS\WinSxS\amd64_microsoft.windows.common-controls_6595b64144ccf1df_6.0.26100.8037_none_3e092faae333b53b\COMCTL32.dll
0x00007ffdce650000 - 0x00007ffdce681000 	C:\WINDOWS\System32\IMM32.DLL
0x00007ffdbd120000 - 0x00007ffdbd135000 	C:\Users\Lenovo\.jdks\corretto-1.8.0_482\jre\bin\vcruntime140.dll
0x00007ffda4e60000 - 0x00007ffda4efb000 	C:\Users\Lenovo\.jdks\corretto-1.8.0_482\jre\bin\msvcp140.dll
0x0000000058ed0000 - 0x000000005972c000 	C:\Users\Lenovo\.jdks\corretto-1.8.0_482\jre\bin\server\jvm.dll
0x00007ffdce640000 - 0x00007ffdce648000 	C:\WINDOWS\System32\PSAPI.DLL
0x00007ffda9950000 - 0x00007ffda995a000 	C:\WINDOWS\SYSTEM32\WSOCK32.dll
0x00007ffdcfb50000 - 0x00007ffdcfbc4000 	C:\WINDOWS\System32\WS2_32.dll
0x00007ffdc5100000 - 0x00007ffdc510b000 	C:\WINDOWS\SYSTEM32\VERSION.dll
0x00007ffdc4830000 - 0x00007ffdc4865000 	C:\WINDOWS\SYSTEM32\WINMM.dll
0x00007ffdcbdb0000 - 0x00007ffdcbdcb000 	C:\WINDOWS\SYSTEM32\kernel.appcore.dll
0x00007ffdc5a60000 - 0x00007ffdc5a70000 	C:\Users\Lenovo\.jdks\corretto-1.8.0_482\jre\bin\verify.dll
0x00007ffdbcf40000 - 0x00007ffdbcf6b000 	C:\Users\Lenovo\.jdks\corretto-1.8.0_482\jre\bin\java.dll
0x00007ffdbcfb0000 - 0x00007ffdbcfc8000 	C:\Users\Lenovo\.jdks\corretto-1.8.0_482\jre\bin\zip.dll
0x00007ffdcfea0000 - 0x00007ffdd05ff000 	C:\WINDOWS\System32\SHELL32.dll
0x00007ffdce280000 - 0x00007ffdce3ea000 	C:\WINDOWS\System32\wintypes.dll
0x00007ffdceb00000 - 0x00007ffdcee82000 	C:\WINDOWS\System32\combase.dll
0x00007ffdcd950000 - 0x00007ffdce1b4000 	C:\WINDOWS\System32\windows.storage.dll
0x00007ffdce8b0000 - 0x00007ffdce9a7000 	C:\WINDOWS\System32\SHCORE.dll
0x00007ffdcf6f0000 - 0x00007ffdcf757000 	C:\WINDOWS\System32\shlwapi.dll
0x00007ffdcce50000 - 0x00007ffdcce79000 	C:\WINDOWS\SYSTEM32\profapi.dll
0x00007ffdcc640000 - 0x00007ffdcc65b000 	C:\WINDOWS\SYSTEM32\CRYPTSP.dll
0x00007ffdcbd10000 - 0x00007ffdcbd49000 	C:\WINDOWS\system32\rsaenh.dll
0x00007ffdcc400000 - 0x00007ffdcc432000 	C:\WINDOWS\SYSTEM32\USERENV.dll
0x00007ffdcce20000 - 0x00007ffdcce4a000 	C:\WINDOWS\SYSTEM32\bcrypt.dll
0x00007ffdcd120000 - 0x00007ffdcd1c5000 	C:\WINDOWS\System32\bcryptprimitives.dll
0x00007ffdcc630000 - 0x00007ffdcc63c000 	C:\WINDOWS\SYSTEM32\CRYPTBASE.dll
0x00007ffdbce20000 - 0x00007ffdbce3c000 	C:\Users\Lenovo\.jdks\corretto-1.8.0_482\jre\bin\net.dll
0x00007ffdcc350000 - 0x00007ffdcc3bb000 	C:\WINDOWS\system32\mswsock.dll
0x00007ffdcb750000 - 0x00007ffdcb783000 	C:\WINDOWS\SYSTEM32\IPHLPAPI.DLL
0x00007ffdcee90000 - 0x00007ffdcee9a000 	C:\WINDOWS\System32\NSI.dll
0x00007ffdc5e40000 - 0x00007ffdc5e5d000 	C:\WINDOWS\SYSTEM32\dhcpcsvc6.DLL
0x00007ffdc5e10000 - 0x00007ffdc5e33000 	C:\WINDOWS\SYSTEM32\dhcpcsvc.DLL
0x00007ffdcb7f0000 - 0x00007ffdcb91a000 	C:\WINDOWS\SYSTEM32\DNSAPI.dll
0x00007ffdbcb70000 - 0x00007ffdbcb83000 	C:\Users\Lenovo\.jdks\corretto-1.8.0_482\jre\bin\nio.dll
0x00007ffdb3ce0000 - 0x00007ffdb3cea000 	C:\Users\Lenovo\AppData\Local\Temp\jansi-1.17.1-5315643069884650634.dll

VM Arguments:
jvm_args: -Dmaven.multiModuleProjectDirectory=D:\WorkSpacee\api_tichhop 
java_command: org.apache.maven.wrapper.MavenWrapperMain -Didea.version=2025.2.5 -Dmaven.ext.class.path=D:\jetbrain\IntelliJ IDEA 2025.2.3\plugins\maven\lib\maven-event-listener.jar -Djansi.passthrough=true -Dstyle.color=always -Dmaven.repo.local=C:\Users\Lenovo\.m2\repository install -f pom.xml
java_class_path (initial): D:\WorkSpacee\api_tichhop\.mvn\wrapper\maven-wrapper.jar
Launcher Type: SUN_STANDARD

Environment Variables:
JAVA_HOME=C:\Users\Lenovo\.jdks\corretto-1.8.0_482
PATH=D:\app\oracle\product\19c\dbhome1\bin;C:\Users\Lenovo\Downloads\WINDOWS.X64_213000_db_home\bin;C:\Program Files (x86)\VMware\VMware Workstation\bin\;C:\WINDOWS\system32;C:\WINDOWS;C:\WINDOWS\System32\Wbem;C:\WINDOWS\System32\WindowsPowerShell\v1.0\;C:\WINDOWS\System32\OpenSSH\;C:\Program Files\Microsoft SQL Server\Client SDK\ODBC\170\Tools\Binn\;C:\Program Files (x86)\Microsoft SQL Server\150\Tools\Binn\;C:\Program Files\Microsoft SQL Server\150\Tools\Binn\;C:\Program Files\Microsoft SQL Server\150\DTS\Binn\;C:\Program Files\Git\cmd;C:\Program Files\Calibre2\;C:\ProgramData\chocolatey\bin;C:\Users\Lenovo\AppData\Local\Android\Sdk\platform-tools;C:\Users\Lenovo\AppData\Roaming\nvm;C:\Program Files\nodejs;C:\Users\Lenovo\AppData\Roaming\npm\;C:\Users\Lenovo\AppData\Roaming;D:\OpenSSL-Win64\bin;C:\Users\Lenovo\Downloads\watchman-v2024.12.09.00-windows\watchman-v2024.12.09.00-windows\bin;C:\WINDOWS\system32;C:\WINDOWS;C:\WINDOWS\System32\Wbem;C:\WINDOWS\System32\WindowsPowerShell\v1.0\;C:\WINDOWS\System32\OpenSSH\;C:\Program Files (x86)\Windows Kits\10\Windows Performance Toolkit\;C:\Program Files\dotnet\;C:\Program Files\GitHub CLI\;C:\Users\Lenovo\AppData\Local\Programs\Python\Python312\Scripts\;C:\Users\Lenovo\AppData\Local\Programs\Python\Python312\;C:\Users\Lenovo\AppData\Local\Programs\Python\Python313\Scripts\;C:\Users\Lenovo\AppData\Local\Programs\Python\Python313\;d:\cursor\resources\app\codeBin;C:\Users\Lenovo\AppData\Local\Microsoft\WindowsApps;C:\Users\Lenovo\AppData\Local\Programs\Microsoft VS Code\bin;C:\Program Files\Azure Data Studio\bin;C:\Program Files\MongoDB\Server\6.0\bin\;C:\Program Files\MongoDB\mongosh-1.9.0-win32-x64\bin;C:\Users\Lenovo\AppData\Local\Android\Sdk\platform-tools;C:\Users\Lenovo\AppData\Roaming\nvm;C:\Program Files\nodejs;C:\Program Files (x86)\OpenSSL-Win64\bin;D:\WorkSpacee\Antigravity\Antigravity\bin
USERNAME=Lenovo
OS=Windows_NT
PROCESSOR_IDENTIFIER=AMD64 Family 25 Model 80 Stepping 0, AuthenticAMD



---------------  S Y S T E M  ---------------

OS: Windows 11 , 64 bit Build 26100 (10.0.26100.7920)

CPU:total 16 (initial active 16) (16 cores per cpu, 1 threads per core) family 25 model 80 stepping 0, cmov, cx8, fxsr, mmx, sse, sse2, sse3, ssse3, sse4.1, sse4.2, popcnt, avx, avx2, aes, clmul, erms, mmxext, 3dnowpref, lzcnt, sse4a, tsc, tscinvbit, tscinv, bmi1

Memory: 4k page, physical 20820028k(1336880k free), swap 42123576k(5208k free)

vm_info: OpenJDK 64-Bit Server VM (25.482-b08) for windows-amd64 JRE (1.8.0_482-b08), built on Jan 17 2026 00:50:04 by "Administrator" with MS VC++ 15.9 (VS2017)

time: Mon Apr 27 13:30:00 2026
timezone: SE Asia Standard Time
elapsed time: 127.121941 seconds (0d 0h 2m 7s)

