#
# There is insufficient memory for the Java Runtime Environment to continue.
# Native memory allocation (malloc) failed to allocate 1266736 bytes for Chunk::new
# Possible reasons:
#   The system is out of physical RAM or swap space
#   The process is running with CompressedOops enabled, and the Java Heap may be blocking the growth of the native heap
# Possible solutions:
#   Reduce memory load on the system
#   Increase physical memory or swap space
#   Check if swap backing store is full
#   Decrease Java heap size (-Xmx/-Xms)
#   Decrease number of Java threads
#   Decrease Java thread stack sizes (-Xss)
#   Set larger code cache with -XX:ReservedCodeCacheSize=
#   JVM is running with Zero Based Compressed Oops mode in which the Java heap is
#     placed in the first 32GB address space. The Java Heap base address is the
#     maximum limit for the native heap growth. Please use -XX:HeapBaseMinAddress
#     to set the Java Heap base and to place the Java Heap above 32GB virtual address.
# This output file may be truncated or incomplete.
#
#  Out of Memory Error (allocation.cpp:389), pid=12192, tid=0x0000000000006cbc
#
# JRE version: OpenJDK Runtime Environment (8.0_482-b08) (build 1.8.0_482-b08)
# Java VM: OpenJDK 64-Bit Server VM (25.482-b08 mixed mode windows-amd64 compressed oops)
# Failed to write core dump. Minidumps are not enabled by default on client versions of Windows
#

---------------  T H R E A D  ---------------

Current thread (0x000002bc2c00f000):  JavaThread "C2 CompilerThread3" daemon [_thread_in_native, id=27836, stack(0x000000c996a00000,0x000000c996b00000)]

Stack: [0x000000c996a00000,0x000000c996b00000]
[error occurred during error reporting (printing stack bounds), id 0xc0000005]

Native frames: (J=compiled Java code, j=interpreted, Vv=VM code, C=native code)


Current CompileTask:
C2:  90443 8452       4       org.codehaus.groovy.antlr.parser.GroovyRecognizer::classOrInterfaceType (1305 bytes)


---------------  P R O C E S S  ---------------

Java Threads: ( => current thread )
  0x000002bc2c0df800 JavaThread "Service Thread" daemon [_thread_blocked, id=21880, stack(0x000000c997300000,0x000000c997400000)]
  0x000002bc2c0c4000 JavaThread "C1 CompilerThread11" daemon [_thread_blocked, id=32692, stack(0x000000c997200000,0x000000c997300000)]
  0x000002bc2c0bb000 JavaThread "C1 CompilerThread10" daemon [_thread_blocked, id=12216, stack(0x000000c997100000,0x000000c997200000)]
  0x000002bc2c0b2800 JavaThread "C1 CompilerThread9" daemon [_thread_blocked, id=17576, stack(0x000000c997000000,0x000000c997100000)]
  0x000002bc2c091800 JavaThread "C1 CompilerThread8" daemon [_thread_blocked, id=32020, stack(0x000000c996f00000,0x000000c997000000)]
  0x000002bc2c086800 JavaThread "C2 CompilerThread7" daemon [_thread_blocked, id=6700, stack(0x000000c996e00000,0x000000c996f00000)]
  0x000002bc2c05c800 JavaThread "C2 CompilerThread6" daemon [_thread_in_native, id=4036, stack(0x000000c996d00000,0x000000c996e00000)]
  0x000002bc2c053800 JavaThread "C2 CompilerThread5" daemon [_thread_in_native, id=21272, stack(0x000000c996c00000,0x000000c996d00000)]
  0x000002bc2c01a000 JavaThread "C2 CompilerThread4" daemon [_thread_in_native, id=28044, stack(0x000000c996b00000,0x000000c996c00000)]
=>0x000002bc2c00f000 JavaThread "C2 CompilerThread3" daemon [_thread_in_native, id=27836, stack(0x000000c996a00000,0x000000c996b00000)]
  0x000002bc2c007000 JavaThread "C2 CompilerThread2" daemon [_thread_in_native, id=11080, stack(0x000000c996900000,0x000000c996a00000)]
  0x000002bc2c006000 JavaThread "C2 CompilerThread1" daemon [_thread_in_native, id=21076, stack(0x000000c996800000,0x000000c996900000)]
  0x000002bc2c00d800 JavaThread "C2 CompilerThread0" daemon [_thread_in_native, id=32744, stack(0x000000c996700000,0x000000c996800000)]
  0x000002bc2c000000 JavaThread "Attach Listener" daemon [_thread_blocked, id=4792, stack(0x000000c996600000,0x000000c996700000)]
  0x000002bc2bffb800 JavaThread "Signal Dispatcher" daemon [_thread_blocked, id=17224, stack(0x000000c996500000,0x000000c996600000)]
  0x000002bc2bfe1800 JavaThread "Finalizer" daemon [_thread_blocked, id=13404, stack(0x000000c996400000,0x000000c996500000)]
  0x000002bc2bfe0800 JavaThread "Reference Handler" daemon [_thread_blocked, id=31564, stack(0x000000c996300000,0x000000c996400000)]
  0x000002bc0bfac000 JavaThread "main" [_thread_in_Java, id=29860, stack(0x000000c995400000,0x000000c995500000)]

Other Threads:
  0x000002bc292b0800 VMThread [stack: 0x000000c996200000,0x000000c996300000] [id=14880]
  0x000002bc2c0d5000 WatcherThread [stack: 0x000000c997400000,0x000000c997500000] [id=8636]

VM state:not at safepoint (normal execution)

VM Mutex/Monitor currently owned by a thread: None

heap address: 0x0000000682400000, size: 5084 MB, Compressed Oops mode: Zero based, Oop shift amount: 3
Narrow klass base: 0x0000000000000000, Narrow klass shift: 3
Compressed class space size: 1073741824 Address: 0x00000007c0000000

Heap:
 PSYoungGen      total 1048064K, used 385285K [0x0000000756180000, 0x000000079c800000, 0x00000007c0000000)
  eden space 1014272K, 37% used [0x0000000756180000,0x000000076d9c16e0,0x0000000794000000)
  from space 33792K, 0% used [0x0000000796580000,0x0000000796580000,0x0000000798680000)
  to   space 38400K, 0% used [0x0000000794000000,0x0000000794000000,0x0000000796580000)
 ParOldGen       total 254976K, used 50800K [0x0000000682400000, 0x0000000691d00000, 0x0000000756180000)
  object space 254976K, 19% used [0x0000000682400000,0x000000068559c170,0x0000000691d00000)
 Metaspace       used 34751K, capacity 35646K, committed 36008K, reserved 1081344K
  class space    used 3615K, capacity 3874K, committed 3888K, reserved 1048576K

Card table byte_map: [0x000002bc1ce70000,0x000002bc1d860000] byte_map_base: 0x000002bc19a5e000

Marking Bits: (ParMarkBitMap*) 0x00000000596b2900
 Begin Bits: [0x000002bc1df00000, 0x000002bc22e70000)
 End Bits:   [0x000002bc22e70000, 0x000002bc27de0000)

Polling page: 0x000002bc0c170000

CodeCache: size=245760Kb used=45310Kb max_used=45322Kb free=200450Kb
 bounds [0x000002bc0dab0000, 0x000002bc10750000, 0x000002bc1cab0000]
 total_blobs=7040 nmethods=6504 adapters=444
 compilation: enabled

Compilation events (10 events):
Event: 89.366 Thread 0x000002bc2c0bb000 nmethod 8453 0x000002bc106da690 code [0x000002bc106dacc0, 0x000002bc106df170]
Event: 89.369 Thread 0x000002bc2c007000 8455   !   4       org.codehaus.groovy.antlr.parser.GroovyRecognizer::nlsWarn (184 bytes)
Event: 89.374 Thread 0x000002bc2c053800 8456       4       org.codehaus.groovy.antlr.parser.GroovyLexer::mLBRACK (95 bytes)
Event: 89.397 Thread 0x000002bc2c053800 nmethod 8456 0x000002bc10236dd0 code [0x000002bc10236fa0, 0x000002bc10237a48]
Event: 89.425 Thread 0x000002bc2c086800 nmethod 8454 0x000002bc10740690 code [0x000002bc10740ac0, 0x000002bc107429e0]
Event: 89.452 Thread 0x000002bc2c05c800 8457   !   4       org.codehaus.groovy.antlr.parser.GroovyRecognizer::argumentLabel (376 bytes)
Event: 89.505 Thread 0x000002bc2c006000 8458       4       org.codehaus.groovy.antlr.parser.GroovyRecognizer::openBlock (151 bytes)
Event: 89.611 Thread 0x000002bc2c091800 8459       3       org.codehaus.groovy.antlr.parser.GroovyLexer::mLNOT (76 bytes)
Event: 89.611 Thread 0x000002bc2c091800 nmethod 8459 0x000002bc0f24ed90 code [0x000002bc0f24ef80, 0x000002bc0f24f910]
Event: 89.741 Thread 0x000002bc2c0c4000 8460       3       org.codehaus.groovy.antlr.parser.GroovyLexer::mELVIS_OPERATOR (77 bytes)

GC Heap History (10 events):
Event: 48.674 GC heap before
{Heap before GC invocations=28 (full 1):
 PSYoungGen      total 928256K, used 915184K [0x0000000756180000, 0x0000000790c80000, 0x00000007c0000000)
  eden space 903168K, 100% used [0x0000000756180000,0x000000078d380000,0x000000078d380000)
  from space 25088K, 47% used [0x000000078f400000,0x000000078ffbc040,0x0000000790c80000)
  to   space 29184K, 0% used [0x000000078d380000,0x000000078d380000,0x000000078f000000)
 ParOldGen       total 173056K, used 80295K [0x0000000682400000, 0x000000068cd00000, 0x0000000756180000)
  object space 173056K, 46% used [0x0000000682400000,0x0000000687269c80,0x000000068cd00000)
 Metaspace       used 28208K, capacity 28892K, committed 29232K, reserved 1075200K
  class space    used 3049K, capacity 3261K, committed 3376K, reserved 1048576K
Event: 48.695 GC heap after
Heap after GC invocations=28 (full 1):
 PSYoungGen      total 932352K, used 15416K [0x0000000756180000, 0x0000000794700000, 0x00000007c0000000)
  eden space 903168K, 0% used [0x0000000756180000,0x0000000756180000,0x000000078d380000)
  from space 29184K, 52% used [0x000000078d380000,0x000000078e28e360,0x000000078f000000)
  to   space 29184K, 0% used [0x0000000792a80000,0x0000000792a80000,0x0000000794700000)
 ParOldGen       total 173056K, used 80295K [0x0000000682400000, 0x000000068cd00000, 0x0000000756180000)
  object space 173056K, 46% used [0x0000000682400000,0x0000000687269c80,0x000000068cd00000)
 Metaspace       used 28208K, capacity 28892K, committed 29232K, reserved 1075200K
  class space    used 3049K, capacity 3261K, committed 3376K, reserved 1048576K
}
Event: 51.702 GC heap before
{Heap before GC invocations=29 (full 1):
 PSYoungGen      total 932352K, used 918584K [0x0000000756180000, 0x0000000794700000, 0x00000007c0000000)
  eden space 903168K, 100% used [0x0000000756180000,0x000000078d380000,0x000000078d380000)
  from space 29184K, 52% used [0x000000078d380000,0x000000078e28e360,0x000000078f000000)
  to   space 29184K, 0% used [0x0000000792a80000,0x0000000792a80000,0x0000000794700000)
 ParOldGen       total 173056K, used 80295K [0x0000000682400000, 0x000000068cd00000, 0x0000000756180000)
  object space 173056K, 46% used [0x0000000682400000,0x0000000687269c80,0x000000068cd00000)
 Metaspace       used 28211K, capacity 28892K, committed 29232K, reserved 1075200K
  class space    used 3049K, capacity 3261K, committed 3376K, reserved 1048576K
Event: 51.726 GC heap after
Heap after GC invocations=29 (full 1):
 PSYoungGen      total 991744K, used 16640K [0x0000000756180000, 0x0000000794a80000, 0x00000007c0000000)
  eden space 962560K, 0% used [0x0000000756180000,0x0000000756180000,0x0000000790d80000)
  from space 29184K, 57% used [0x0000000792a80000,0x0000000793ac0050,0x0000000794700000)
  to   space 29696K, 0% used [0x0000000790d80000,0x0000000790d80000,0x0000000792a80000)
 ParOldGen       total 173056K, used 80295K [0x0000000682400000, 0x000000068cd00000, 0x0000000756180000)
  object space 173056K, 46% used [0x0000000682400000,0x0000000687269c80,0x000000068cd00000)
 Metaspace       used 28211K, capacity 28892K, committed 29232K, reserved 1075200K
  class space    used 3049K, capacity 3261K, committed 3376K, reserved 1048576K
}
Event: 76.228 GC heap before
{Heap before GC invocations=30 (full 1):
 PSYoungGen      total 991744K, used 979200K [0x0000000756180000, 0x0000000794a80000, 0x00000007c0000000)
  eden space 962560K, 100% used [0x0000000756180000,0x0000000790d80000,0x0000000790d80000)
  from space 29184K, 57% used [0x0000000792a80000,0x0000000793ac0050,0x0000000794700000)
  to   space 29696K, 0% used [0x0000000790d80000,0x0000000790d80000,0x0000000792a80000)
 ParOldGen       total 173056K, used 80295K [0x0000000682400000, 0x000000068cd00000, 0x0000000756180000)
  object space 173056K, 46% used [0x0000000682400000,0x0000000687269c80,0x000000068cd00000)
 Metaspace       used 30191K, capacity 31006K, committed 31152K, reserved 1077248K
  class space    used 3224K, capacity 3480K, committed 3504K, reserved 1048576K
Event: 76.266 GC heap after
Heap after GC invocations=30 (full 1):
 PSYoungGen      total 992256K, used 28467K [0x0000000756180000, 0x0000000798680000, 0x00000007c0000000)
  eden space 962560K, 0% used [0x0000000756180000,0x0000000756180000,0x0000000790d80000)
  from space 29696K, 95% used [0x0000000790d80000,0x000000079294ced0,0x0000000792a80000)
  to   space 33792K, 0% used [0x0000000796580000,0x0000000796580000,0x0000000798680000)
 ParOldGen       total 173056K, used 80303K [0x0000000682400000, 0x000000068cd00000, 0x0000000756180000)
  object space 173056K, 46% used [0x0000000682400000,0x000000068726bc80,0x000000068cd00000)
 Metaspace       used 30191K, capacity 31006K, committed 31152K, reserved 1077248K
  class space    used 3224K, capacity 3480K, committed 3504K, reserved 1048576K
}
Event: 78.856 GC heap before
{Heap before GC invocations=31 (full 1):
 PSYoungGen      total 992256K, used 221076K [0x0000000756180000, 0x0000000798680000, 0x00000007c0000000)
  eden space 962560K, 20% used [0x0000000756180000,0x0000000761d982d8,0x0000000790d80000)
  from space 29696K, 95% used [0x0000000790d80000,0x000000079294ced0,0x0000000792a80000)
  to   space 33792K, 0% used [0x0000000796580000,0x0000000796580000,0x0000000798680000)
 ParOldGen       total 173056K, used 80303K [0x0000000682400000, 0x000000068cd00000, 0x0000000756180000)
  object space 173056K, 46% used [0x0000000682400000,0x000000068726bc80,0x000000068cd00000)
 Metaspace       used 34446K, capacity 35326K, committed 35496K, reserved 1081344K
  class space    used 3614K, capacity 3874K, committed 3888K, reserved 1048576K
Event: 78.995 GC heap after
Heap after GC invocations=31 (full 1):
 PSYoungGen      total 1048064K, used 30950K [0x0000000756180000, 0x000000079c800000, 0x00000007c0000000)
  eden space 1014272K, 0% used [0x0000000756180000,0x0000000756180000,0x0000000794000000)
  from space 33792K, 91% used [0x0000000796580000,0x00000007983b9b28,0x0000000798680000)
  to   space 38400K, 0% used [0x0000000794000000,0x0000000794000000,0x0000000796580000)
 ParOldGen       total 173056K, used 80311K [0x0000000682400000, 0x000000068cd00000, 0x0000000756180000)
  object space 173056K, 46% used [0x0000000682400000,0x000000068726dc80,0x000000068cd00000)
 Metaspace       used 34446K, capacity 35326K, committed 35496K, reserved 1081344K
  class space    used 3614K, capacity 3874K, committed 3888K, reserved 1048576K
}
Event: 78.995 GC heap before
{Heap before GC invocations=32 (full 2):
 PSYoungGen      total 1048064K, used 30950K [0x0000000756180000, 0x000000079c800000, 0x00000007c0000000)
  eden space 1014272K, 0% used [0x0000000756180000,0x0000000756180000,0x0000000794000000)
  from space 33792K, 91% used [0x0000000796580000,0x00000007983b9b28,0x0000000798680000)
  to   space 38400K, 0% used [0x0000000794000000,0x0000000794000000,0x0000000796580000)
 ParOldGen       total 173056K, used 80311K [0x0000000682400000, 0x000000068cd00000, 0x0000000756180000)
  object space 173056K, 46% used [0x0000000682400000,0x000000068726dc80,0x000000068cd00000)
 Metaspace       used 34446K, capacity 35326K, committed 35496K, reserved 1081344K
  class space    used 3614K, capacity 3874K, committed 3888K, reserved 1048576K
Event: 79.262 GC heap after
Heap after GC invocations=32 (full 2):
 PSYoungGen      total 1048064K, used 0K [0x0000000756180000, 0x000000079c800000, 0x00000007c0000000)
  eden space 1014272K, 0% used [0x0000000756180000,0x0000000756180000,0x0000000794000000)
  from space 33792K, 0% used [0x0000000796580000,0x0000000796580000,0x0000000798680000)
  to   space 38400K, 0% used [0x0000000794000000,0x0000000794000000,0x0000000796580000)
 ParOldGen       total 254976K, used 50800K [0x0000000682400000, 0x0000000691d00000, 0x0000000756180000)
  object space 254976K, 19% used [0x0000000682400000,0x000000068559c170,0x0000000691d00000)
 Metaspace       used 34446K, capacity 35326K, committed 35496K, reserved 1081344K
  class space    used 3614K, capacity 3874K, committed 3888K, reserved 1048576K
}

Deoptimization events (10 events):
Event: 85.883 Thread 0x000002bc0bfac000 Uncommon trap: reason=unstable_if action=reinterpret pc=0x000002bc1016bcd0 method=org.codehaus.groovy.antlr.parser.GroovyRecognizer.classOrInterfaceType(Z)V @ 170
Event: 86.742 Thread 0x000002bc0bfac000 Uncommon trap: reason=unstable_if action=reinterpret pc=0x000002bc0ff420a0 method=org.codehaus.groovy.antlr.parser.GroovyRecognizer.argument()B @ 46
Event: 87.049 Thread 0x000002bc0bfac000 Uncommon trap: reason=unstable_if action=reinterpret pc=0x000002bc0fd40e80 method=org.codehaus.groovy.antlr.parser.GroovyLexer.mONE_NL(ZZ)V @ 23
Event: 87.049 Thread 0x000002bc0bfac000 Uncommon trap: reason=unstable_if action=reinterpret pc=0x000002bc0fad7ab0 method=org.codehaus.groovy.antlr.parser.GroovyLexer.mNLS(Z)V @ 38
Event: 87.053 Thread 0x000002bc0bfac000 Uncommon trap: reason=unstable_if action=reinterpret pc=0x000002bc1040fad4 method=org.codehaus.groovy.antlr.parser.GroovyLexer.nextToken()Lgroovyjarjarantlr/Token; @ 843
Event: 88.118 Thread 0x000002bc0bfac000 Uncommon trap: reason=unstable_if action=reinterpret pc=0x000002bc105a2ae4 method=org.codehaus.groovy.antlr.parser.GroovyLexer.nextToken()Lgroovyjarjarantlr/Token; @ 1058
Event: 88.118 Thread 0x000002bc0bfac000 Uncommon trap: reason=unstable_if action=reinterpret pc=0x000002bc1007f590 method=org.codehaus.groovy.antlr.parser.GroovyRecognizer.shiftExpression(I)V @ 43
Event: 88.256 Thread 0x000002bc0bfac000 Uncommon trap: reason=unstable_if action=reinterpret pc=0x000002bc1039d94c method=org.codehaus.groovy.antlr.parser.GroovyLexer.mIDENT(Z)V @ 304
Event: 88.768 Thread 0x000002bc0bfac000 Uncommon trap: reason=unstable_if action=reinterpret pc=0x000002bc10695c3c method=org.codehaus.groovy.antlr.parser.GroovyRecognizer.declaratorBrackets(Lgroovyjarjarantlr/collections/AST;)V @ 107
Event: 88.780 Thread 0x000002bc0bfac000 Uncommon trap: reason=unstable_if action=reinterpret pc=0x000002bc101038b4 method=org.codehaus.groovy.antlr.parser.GroovyRecognizer.statement(I)V @ 2726

Classes redefined (0 events):
No events

Internal exceptions (10 events):
Event: 78.197 Thread 0x000002bc0bfac000 Exception <a 'java/security/PrivilegedActionException'> (0x000000075e70f930) thrown at [C:\wsjdk\Corretto8Src\installers\windows\zip\corretto-build\buildRoot\hotspot\src\share\vm\prims\jvm.cpp, line 1514]
Event: 78.197 Thread 0x000002bc0bfac000 Exception <a 'java/security/PrivilegedActionException'> (0x000000075e710fd8) thrown at [C:\wsjdk\Corretto8Src\installers\windows\zip\corretto-build\buildRoot\hotspot\src\share\vm\prims\jvm.cpp, line 1514]
Event: 78.197 Thread 0x000002bc0bfac000 Exception <a 'java/security/PrivilegedActionException'> (0x000000075e7113d0) thrown at [C:\wsjdk\Corretto8Src\installers\windows\zip\corretto-build\buildRoot\hotspot\src\share\vm\prims\jvm.cpp, line 1514]
Event: 78.205 Thread 0x000002bc0bfac000 Exception <a 'java/security/PrivilegedActionException'> (0x000000075e7b88f0) thrown at [C:\wsjdk\Corretto8Src\installers\windows\zip\corretto-build\buildRoot\hotspot\src\share\vm\prims\jvm.cpp, line 1514]
Event: 78.205 Thread 0x000002bc0bfac000 Exception <a 'java/security/PrivilegedActionException'> (0x000000075e7b8ce8) thrown at [C:\wsjdk\Corretto8Src\installers\windows\zip\corretto-build\buildRoot\hotspot\src\share\vm\prims\jvm.cpp, line 1514]
Event: 78.361 Thread 0x000002bc0bfac000 Exception <a 'java/lang/ClassNotFoundException': groovy/lang/ExpandoMetaClassBeanInfo> (0x000000075f9d79a0) thrown at [C:\wsjdk\Corretto8Src\installers\windows\zip\corretto-build\buildRoot\hotspot\src\share\vm\classfile\systemDictionary.cpp, line 217]
Event: 78.362 Thread 0x000002bc0bfac000 Exception <a 'java/lang/ClassNotFoundException': groovy/lang/MetaClassImplBeanInfo> (0x000000075fa1adf0) thrown at [C:\wsjdk\Corretto8Src\installers\windows\zip\corretto-build\buildRoot\hotspot\src\share\vm\classfile\systemDictionary.cpp, line 217]
Event: 78.362 Thread 0x000002bc0bfac000 Exception <a 'java/lang/ClassNotFoundException': groovy/lang/MetaClassImplCustomizer> (0x000000075fa61910) thrown at [C:\wsjdk\Corretto8Src\installers\windows\zip\corretto-build\buildRoot\hotspot\src\share\vm\classfile\systemDictionary.cpp, line 217]
Event: 78.365 Thread 0x000002bc0bfac000 Exception <a 'java/lang/ClassNotFoundException': groovy/lang/ExpandoMetaClassCustomizer> (0x000000075facc988) thrown at [C:\wsjdk\Corretto8Src\installers\windows\zip\corretto-build\buildRoot\hotspot\src\share\vm\classfile\systemDictionary.cpp, line 217]
Event: 81.671 Thread 0x000002bc0bfac000 Implicit null exception at 0x000002bc0de59687 to 0x000002bc0de59ecd

Events (10 events):
Event: 88.118 Thread 0x000002bc0bfac000 DEOPT UNPACKING pc=0x000002bc0daf5583 sp=0x000000c9954fa4f0 mode 2
Event: 88.256 Thread 0x000002bc0bfac000 Uncommon trap: trap_request=0xffffff65 fr.pc=0x000002bc1039d94c
Event: 88.256 Thread 0x000002bc0bfac000 DEOPT PACKING pc=0x000002bc1039d94c sp=0x000000c9954fa000
Event: 88.256 Thread 0x000002bc0bfac000 DEOPT UNPACKING pc=0x000002bc0daf5583 sp=0x000000c9954f9fc8 mode 2
Event: 88.767 Thread 0x000002bc0bfac000 Uncommon trap: trap_request=0xffffff65 fr.pc=0x000002bc10695c3c
Event: 88.768 Thread 0x000002bc0bfac000 DEOPT PACKING pc=0x000002bc10695c3c sp=0x000000c9954fab60
Event: 88.768 Thread 0x000002bc0bfac000 DEOPT UNPACKING pc=0x000002bc0daf5583 sp=0x000000c9954fab48 mode 2
Event: 88.780 Thread 0x000002bc0bfac000 Uncommon trap: trap_request=0xffffff65 fr.pc=0x000002bc101038b4
Event: 88.780 Thread 0x000002bc0bfac000 DEOPT PACKING pc=0x000002bc101038b4 sp=0x000000c9954fb820
Event: 88.780 Thread 0x000002bc0bfac000 DEOPT UNPACKING pc=0x000002bc0daf5583 sp=0x000000c9954fb728 mode 2


Dynamic libraries:
0x00007ff7947b0000 - 0x00007ff7947f8000 	C:\Users\Lenovo\.jdks\corretto-1.8.0_482\bin\java.exe
0x00007ffdd0680000 - 0x00007ffdd08e7000 	C:\WINDOWS\SYSTEM32\ntdll.dll
0x00007ffdcfa00000 - 0x00007ffdcfac9000 	C:\WINDOWS\System32\KERNEL32.DLL
0x00007ffdcd400000 - 0x00007ffdcd7f1000 	C:\WINDOWS\System32\KERNELBASE.dll
0x00007ffdce690000 - 0x00007ffdce74b000 	C:\WINDOWS\System32\ADVAPI32.dll
0x00007ffdce590000 - 0x00007ffdce639000 	C:\WINDOWS\System32\msvcrt.dll
0x00007ffdcfcc0000 - 0x00007ffdcfd67000 	C:\WINDOWS\System32\sechost.dll
0x00007ffdce9b0000 - 0x00007ffdceac8000 	C:\WINDOWS\System32\RPCRT4.dll
0x00007ffdcf830000 - 0x00007ffdcf9f5000 	C:\WINDOWS\System32\USER32.dll
0x00007ffdcd0f0000 - 0x00007ffdcd117000 	C:\WINDOWS\System32\win32u.dll
0x00007ffdcfc90000 - 0x00007ffdcfcbb000 	C:\WINDOWS\System32\GDI32.dll
0x00007ffdccf30000 - 0x00007ffdcd05b000 	C:\WINDOWS\System32\gdi32full.dll
0x00007ffdcd350000 - 0x00007ffdcd3f3000 	C:\WINDOWS\System32\msvcp_win.dll
0x00007ffdcd800000 - 0x00007ffdcd94b000 	C:\WINDOWS\System32\ucrtbase.dll
0x00007ffdbac30000 - 0x00007ffdbaec3000 	C:\WINDOWS\WinSxS\amd64_microsoft.windows.common-controls_6595b64144ccf1df_6.0.26100.8037_none_3e092faae333b53b\COMCTL32.dll
0x00007ffdce650000 - 0x00007ffdce681000 	C:\WINDOWS\System32\IMM32.DLL
0x00007ffdc7930000 - 0x00007ffdc7945000 	C:\Users\Lenovo\.jdks\corretto-1.8.0_482\jre\bin\vcruntime140.dll
0x00007ffdb36b0000 - 0x00007ffdb374b000 	C:\Users\Lenovo\.jdks\corretto-1.8.0_482\jre\bin\msvcp140.dll
0x0000000058ed0000 - 0x000000005972c000 	C:\Users\Lenovo\.jdks\corretto-1.8.0_482\jre\bin\server\jvm.dll
0x00007ffdce640000 - 0x00007ffdce648000 	C:\WINDOWS\System32\PSAPI.DLL
0x00007ffdc5100000 - 0x00007ffdc510b000 	C:\WINDOWS\SYSTEM32\VERSION.dll
0x00007ffdc4830000 - 0x00007ffdc4865000 	C:\WINDOWS\SYSTEM32\WINMM.dll
0x00007ffda9950000 - 0x00007ffda995a000 	C:\WINDOWS\SYSTEM32\WSOCK32.dll
0x00007ffdcfb50000 - 0x00007ffdcfbc4000 	C:\WINDOWS\System32\WS2_32.dll
0x00007ffdcbdb0000 - 0x00007ffdcbdcb000 	C:\WINDOWS\SYSTEM32\kernel.appcore.dll
0x00007ffdc5b70000 - 0x00007ffdc5b80000 	C:\Users\Lenovo\.jdks\corretto-1.8.0_482\jre\bin\verify.dll
0x00007ffdc49e0000 - 0x00007ffdc4a0b000 	C:\Users\Lenovo\.jdks\corretto-1.8.0_482\jre\bin\java.dll
0x00007ffdc5b40000 - 0x00007ffdc5b58000 	C:\Users\Lenovo\.jdks\corretto-1.8.0_482\jre\bin\zip.dll
0x00007ffdcfea0000 - 0x00007ffdd05ff000 	C:\WINDOWS\System32\SHELL32.dll
0x00007ffdce280000 - 0x00007ffdce3ea000 	C:\WINDOWS\System32\wintypes.dll
0x00007ffdceb00000 - 0x00007ffdcee82000 	C:\WINDOWS\System32\combase.dll
0x00007ffdcd950000 - 0x00007ffdce1b4000 	C:\WINDOWS\System32\windows.storage.dll
0x00007ffdce8b0000 - 0x00007ffdce9a7000 	C:\WINDOWS\System32\SHCORE.dll
0x00007ffdcf6f0000 - 0x00007ffdcf757000 	C:\WINDOWS\System32\shlwapi.dll
0x00007ffdcce50000 - 0x00007ffdcce79000 	C:\WINDOWS\SYSTEM32\profapi.dll
0x00007ffdcc640000 - 0x00007ffdcc65b000 	C:\WINDOWS\SYSTEM32\CRYPTSP.dll
0x00007ffdcbd10000 - 0x00007ffdcbd49000 	C:\WINDOWS\system32\rsaenh.dll
0x00007ffdcc400000 - 0x00007ffdcc432000 	C:\WINDOWS\SYSTEM32\USERENV.dll
0x00007ffdcce20000 - 0x00007ffdcce4a000 	C:\WINDOWS\SYSTEM32\bcrypt.dll
0x00007ffdcd120000 - 0x00007ffdcd1c5000 	C:\WINDOWS\System32\bcryptprimitives.dll
0x00007ffdcc630000 - 0x00007ffdcc63c000 	C:\WINDOWS\SYSTEM32\CRYPTBASE.dll
0x00007ffdc5b10000 - 0x00007ffdc5b2c000 	C:\Users\Lenovo\.jdks\corretto-1.8.0_482\jre\bin\net.dll
0x00007ffdcc350000 - 0x00007ffdcc3bb000 	C:\WINDOWS\system32\mswsock.dll
0x00007ffdcb750000 - 0x00007ffdcb783000 	C:\WINDOWS\SYSTEM32\IPHLPAPI.DLL
0x00007ffdcee90000 - 0x00007ffdcee9a000 	C:\WINDOWS\System32\NSI.dll
0x00007ffdc5e40000 - 0x00007ffdc5e5d000 	C:\WINDOWS\SYSTEM32\dhcpcsvc6.DLL
0x00007ffdc5e10000 - 0x00007ffdc5e33000 	C:\WINDOWS\SYSTEM32\dhcpcsvc.DLL
0x00007ffdcb7f0000 - 0x00007ffdcb91a000 	C:\WINDOWS\SYSTEM32\DNSAPI.dll
0x00007ffdc4550000 - 0x00007ffdc4563000 	C:\Users\Lenovo\.jdks\corretto-1.8.0_482\jre\bin\nio.dll
0x00007ffdb70a0000 - 0x00007ffdb70aa000 	C:\Users\Lenovo\AppData\Local\Temp\jansi-1.17.1-3358460147710919101.dll

VM Arguments:
jvm_args: -Dmaven.multiModuleProjectDirectory=D:\WorkSpacee\api_tichhop 
java_command: org.apache.maven.wrapper.MavenWrapperMain -Didea.version=2025.2.5 -Dmaven.ext.class.path=D:\jetbrain\IntelliJ IDEA 2025.2.3\plugins\maven\lib\maven-event-listener.jar -Djansi.passthrough=true -Dstyle.color=always -Dmaven.repo.local=C:\Users\Lenovo\.m2\repository install -f pom.xml
java_class_path (initial): D:\WorkSpacee\api_tichhop\.mvn\wrapper\maven-wrapper.jar
Launcher Type: SUN_STANDARD

Environment Variables:
JAVA_HOME=C:\Users\Lenovo\.jdks\corretto-1.8.0_482
PATH=D:\app\oracle\product\19c\dbhome1\bin;C:\Users\Lenovo\Downloads\WINDOWS.X64_213000_db_home\bin;C:\Program Files (x86)\VMware\VMware Workstation\bin\;C:\WINDOWS\system32;C:\WINDOWS;C:\WINDOWS\System32\Wbem;C:\WINDOWS\System32\WindowsPowerShell\v1.0\;C:\WINDOWS\System32\OpenSSH\;C:\Program Files\Microsoft SQL Server\Client SDK\ODBC\170\Tools\Binn\;C:\Program Files (x86)\Microsoft SQL Server\150\Tools\Binn\;C:\Program Files\Microsoft SQL Server\150\Tools\Binn\;C:\Program Files\Microsoft SQL Server\150\DTS\Binn\;C:\Program Files\Git\cmd;C:\Program Files\Calibre2\;C:\ProgramData\chocolatey\bin;C:\Users\Lenovo\AppData\Local\Android\Sdk\platform-tools;C:\Users\Lenovo\AppData\Roaming\nvm;C:\Program Files\nodejs;C:\Users\Lenovo\AppData\Roaming\npm\;C:\Users\Lenovo\AppData\Roaming;D:\OpenSSL-Win64\bin;C:\Users\Lenovo\Downloads\watchman-v2024.12.09.00-windows\watchman-v2024.12.09.00-windows\bin;C:\WINDOWS\system32;C:\WINDOWS;C:\WINDOWS\System32\Wbem;C:\WINDOWS\System32\WindowsPowerShell\v1.0\;C:\WINDOWS\System32\OpenSSH\;C:\Program Files (x86)\Windows Kits\10\Windows Performance Toolkit\;C:\Program Files\dotnet\;C:\Program Files\GitHub CLI\;C:\Users\Lenovo\AppData\Local\Programs\Python\Python312\Scripts\;C:\Users\Lenovo\AppData\Local\Programs\Python\Python312\;C:\Users\Lenovo\AppData\Local\Programs\Python\Python313\Scripts\;C:\Users\Lenovo\AppData\Local\Programs\Python\Python313\;d:\cursor\resources\app\codeBin;C:\Users\Lenovo\AppData\Local\Microsoft\WindowsApps;C:\Users\Lenovo\AppData\Local\Programs\Microsoft VS Code\bin;C:\Program Files\Azure Data Studio\bin;C:\Program Files\MongoDB\Server\6.0\bin\;C:\Program Files\MongoDB\mongosh-1.9.0-win32-x64\bin;C:\Users\Lenovo\AppData\Local\Android\Sdk\platform-tools;C:\Users\Lenovo\AppData\Roaming\nvm;C:\Program Files\nodejs;C:\Program Files (x86)\OpenSSL-Win64\bin;D:\WorkSpacee\Antigravity\Antigravity\bin
USERNAME=Lenovo
OS=Windows_NT
PROCESSOR_IDENTIFIER=AMD64 Family 25 Model 80 Stepping 0, AuthenticAMD



---------------  S Y S T E M  ---------------

OS: Windows 11 , 64 bit Build 26100 (10.0.26100.7920)

CPU:total 16 (initial active 16) (16 cores per cpu, 1 threads per core) family 25 model 80 stepping 0, cmov, cx8, fxsr, mmx, sse, sse2, sse3, ssse3, sse4.1, sse4.2, popcnt, avx, avx2, aes, clmul, erms, mmxext, 3dnowpref, lzcnt, sse4a, tsc, tscinvbit, tscinv, bmi1

Memory: 4k page, physical 20820028k(2026120k free), swap 42123576k(1309004k free)

vm_info: OpenJDK 64-Bit Server VM (25.482-b08) for windows-amd64 JRE (1.8.0_482-b08), built on Jan 17 2026 00:50:04 by "Administrator" with MS VC++ 15.9 (VS2017)

time: Mon Apr 27 13:14:30 2026
timezone: SE Asia Standard Time
elapsed time: 91.460446 seconds (0d 0h 1m 31s)

